{"D:\\Medilex\\HealthcareVocabApp\\src\\components\\ActionButtons.tsx": {"path":"D:\\Medilex\\HealthcareVocabApp\\src\\components\\ActionButtons.tsx","statementMap":{"0":{"start":{"line":17,"column":46},"end":{"line":120,"column":1}},"1":{"start":{"line":27,"column":23},"end":{"line":30,"column":3}},"2":{"start":{"line":28,"column":4},"end":{"line":28,"column":60}},"3":{"start":{"line":29,"column":4},"end":{"line":29,"column":15}},"4":{"start":{"line":32,"column":25},"end":{"line":35,"column":3}},"5":{"start":{"line":33,"column":4},"end":{"line":33,"column":60}},"6":{"start":{"line":34,"column":4},"end":{"line":34,"column":17}},"7":{"start":{"line":37,"column":25},"end":{"line":40,"column":3}},"8":{"start":{"line":38,"column":4},"end":{"line":38,"column":59}},"9":{"start":{"line":39,"column":4},"end":{"line":39,"column":17}},"10":{"start":{"line":42,"column":25},"end":{"line":45,"column":3}},"11":{"start":{"line":43,"column":4},"end":{"line":43,"column":59}},"12":{"start":{"line":44,"column":4},"end":{"line":44,"column":17}},"13":{"start":{"line":47,"column":22},"end":{"line":50,"column":3}},"14":{"start":{"line":48,"column":4},"end":{"line":48,"column":59}},"15":{"start":{"line":49,"column":4},"end":{"line":49,"column":14}},"16":{"start":{"line":52,"column":2},"end":{"line":119,"column":4}},"17":{"start":{"line":122,"column":15},"end":{"line":156,"column":2}}},"fnMap":{"0":{"name":"(anonymous_0)","decl":{"start":{"line":17,"column":46},"end":{"line":17,"column":47}},"loc":{"start":{"line":25,"column":6},"end":{"line":120,"column":1}},"line":25},"1":{"name":"(anonymous_1)","decl":{"start":{"line":27,"column":23},"end":{"line":27,"column":24}},"loc":{"start":{"line":27,"column":29},"end":{"line":30,"column":3}},"line":27},"2":{"name":"(anonymous_2)","decl":{"start":{"line":32,"column":25},"end":{"line":32,"column":26}},"loc":{"start":{"line":32,"column":31},"end":{"line":35,"column":3}},"line":32},"3":{"name":"(anonymous_3)","decl":{"start":{"line":37,"column":25},"end":{"line":37,"column":26}},"loc":{"start":{"line":37,"column":31},"end":{"line":40,"column":3}},"line":37},"4":{"name":"(anonymous_4)","decl":{"start":{"line":42,"column":25},"end":{"line":42,"column":26}},"loc":{"start":{"line":42,"column":31},"end":{"line":45,"column":3}},"line":42},"5":{"name":"(anonymous_5)","decl":{"start":{"line":47,"column":22},"end":{"line":47,"column":23}},"loc":{"start":{"line":47,"column":28},"end":{"line":50,"column":3}},"line":47}},"branchMap":{"0":{"loc":{"start":{"line":81,"column":28},"end":{"line":81,"column":86}},"type":"cond-expr","locations":[{"start":{"line":81,"column":42},"end":{"line":81,"column":65}},{"start":{"line":81,"column":68},"end":{"line":81,"column":86}}],"line":81},"1":{"loc":{"start":{"line":87,"column":16},"end":{"line":87,"column":48}},"type":"cond-expr","locations":[{"start":{"line":87,"column":30},"end":{"line":87,"column":39}},{"start":{"line":87,"column":42},"end":{"line":87,"column":48}}],"line":87},"2":{"loc":{"start":{"line":88,"column":23},"end":{"line":88,"column":42}},"type":"cond-expr","locations":[{"start":{"line":88,"column":37},"end":{"line":88,"column":38}},{"start":{"line":88,"column":41},"end":{"line":88,"column":42}}],"line":88},"3":{"loc":{"start":{"line":97,"column":28},"end":{"line":97,"column":73}},"type":"cond-expr","locations":[{"start":{"line":97,"column":43},"end":{"line":97,"column":60}},{"start":{"line":97,"column":63},"end":{"line":97,"column":73}}],"line":97},"4":{"loc":{"start":{"line":103,"column":16},"end":{"line":103,"column":49}},"type":"cond-expr","locations":[{"start":{"line":103,"column":31},"end":{"line":103,"column":40}},{"start":{"line":103,"column":43},"end":{"line":103,"column":49}}],"line":103},"5":{"loc":{"start":{"line":104,"column":23},"end":{"line":104,"column":43}},"type":"cond-expr","locations":[{"start":{"line":104,"column":38},"end":{"line":104,"column":39}},{"start":{"line":104,"column":42},"end":{"line":104,"column":43}}],"line":104}},"s":{"0":0,"1":0,"2":0,"3":0,"4":0,"5":0,"6":0,"7":0,"8":0,"9":0,"10":0,"11":0,"12":0,"13":0,"14":0,"15":0,"16":0,"17":0},"f":{"0":0,"1":0,"2":0,"3":0,"4":0,"5":0},"b":{"0":[0,0],"1":[0,0],"2":[0,0],"3":[0,0],"4":[0,0],"5":[0,0]}}
,"D:\\Medilex\\HealthcareVocabApp\\src\\components\\CategoryCard.tsx": {"path":"D:\\Medilex\\HealthcareVocabApp\\src\\components\\CategoryCard.tsx","statementMap":{"0":{"start":{"line":12,"column":57},"end":{"line":46,"column":1}},"1":{"start":{"line":18,"column":28},"end":{"line":18,"column":83}},"2":{"start":{"line":20,"column":2},"end":{"line":45,"column":4}},"3":{"start":{"line":48,"column":15},"end":{"line":91,"column":2}}},"fnMap":{"0":{"name":"(anonymous_0)","decl":{"start":{"line":12,"column":57},"end":{"line":12,"column":58}},"loc":{"start":{"line":17,"column":6},"end":{"line":46,"column":1}},"line":17}},"branchMap":{"0":{"loc":{"start":{"line":18,"column":28},"end":{"line":18,"column":83}},"type":"cond-expr","locations":[{"start":{"line":18,"column":45},"end":{"line":18,"column":79}},{"start":{"line":18,"column":82},"end":{"line":18,"column":83}}],"line":18}},"s":{"0":0,"1":0,"2":0,"3":0},"f":{"0":0},"b":{"0":[0,0]}}
,"D:\\Medilex\\HealthcareVocabApp\\src\\components\\ComponentBadge.tsx": {"path":"D:\\Medilex\\HealthcareVocabApp\\src\\components\\ComponentBadge.tsx","statementMap":{"0":{"start":{"line":12,"column":61},"end":{"line":97,"column":1}},"1":{"start":{"line":19,"column":17},"end":{"line":35,"column":3}},"2":{"start":{"line":37,"column":21},"end":{"line":56,"column":3}},"3":{"start":{"line":58,"column":22},"end":{"line":58,"column":34}},"4":{"start":{"line":59,"column":17},"end":{"line":59,"column":33}},"5":{"start":{"line":61,"column":2},"end":{"line":96,"column":4}},"6":{"start":{"line":99,"column":15},"end":{"line":115,"column":2}}},"fnMap":{"0":{"name":"(anonymous_0)","decl":{"start":{"line":12,"column":61},"end":{"line":12,"column":62}},"loc":{"start":{"line":17,"column":6},"end":{"line":97,"column":1}},"line":17}},"branchMap":{"0":{"loc":{"start":{"line":16,"column":2},"end":{"line":16,"column":17}},"type":"default-arg","locations":[{"start":{"line":16,"column":9},"end":{"line":16,"column":17}}],"line":16}},"s":{"0":0,"1":0,"2":0,"3":0,"4":0,"5":0,"6":0},"f":{"0":0},"b":{"0":[0]}}
,"D:\\Medilex\\HealthcareVocabApp\\src\\components\\ErrorBoundary.tsx": {"path":"D:\\Medilex\\HealthcareVocabApp\\src\\components\\ErrorBoundary.tsx","statementMap":{"0":{"start":{"line":18,"column":4},"end":{"line":18,"column":17}},"1":{"start":{"line":19,"column":4},"end":{"line":19,"column":67}},"2":{"start":{"line":23,"column":4},"end":{"line":23,"column":37}},"3":{"start":{"line":27,"column":4},"end":{"line":27,"column":61}},"4":{"start":{"line":30,"column":4},"end":{"line":41,"column":5}},"5":{"start":{"line":31,"column":26},"end":{"line":31,"column":42}},"6":{"start":{"line":32,"column":6},"end":{"line":38,"column":8}},"7":{"start":{"line":40,"column":6},"end":{"line":40,"column":54}},"8":{"start":{"line":43,"column":4},"end":{"line":43,"column":33}},"9":{"start":{"line":46,"column":16},"end":{"line":48,"column":3}},"10":{"start":{"line":47,"column":4},"end":{"line":47,"column":69}},"11":{"start":{"line":51,"column":4},"end":{"line":84,"column":5}},"12":{"start":{"line":52,"column":6},"end":{"line":83,"column":8}},"13":{"start":{"line":86,"column":4},"end":{"line":86,"column":31}},"14":{"start":{"line":90,"column":15},"end":{"line":155,"column":2}}},"fnMap":{"0":{"name":"(anonymous_0)","decl":{"start":{"line":17,"column":2},"end":{"line":17,"column":3}},"loc":{"start":{"line":17,"column":28},"end":{"line":20,"column":3}},"line":17},"1":{"name":"(anonymous_1)","decl":{"start":{"line":22,"column":2},"end":{"line":22,"column":3}},"loc":{"start":{"line":22,"column":64},"end":{"line":24,"column":3}},"line":22},"2":{"name":"(anonymous_2)","decl":{"start":{"line":26,"column":2},"end":{"line":26,"column":3}},"loc":{"start":{"line":26,"column":56},"end":{"line":44,"column":3}},"line":26},"3":{"name":"(anonymous_3)","decl":{"start":{"line":46,"column":16},"end":{"line":46,"column":17}},"loc":{"start":{"line":46,"column":22},"end":{"line":48,"column":3}},"line":46},"4":{"name":"(anonymous_4)","decl":{"start":{"line":50,"column":2},"end":{"line":50,"column":3}},"loc":{"start":{"line":50,"column":11},"end":{"line":87,"column":3}},"line":50}},"branchMap":{"0":{"loc":{"start":{"line":34,"column":8},"end":{"line":34,"column":40}},"type":"binary-expr","locations":[{"start":{"line":34,"column":8},"end":{"line":34,"column":21}},{"start":{"line":34,"column":25},"end":{"line":34,"column":40}}],"line":34},"1":{"loc":{"start":{"line":36,"column":8},"end":{"line":36,"column":45}},"type":"binary-expr","locations":[{"start":{"line":36,"column":8},"end":{"line":36,"column":32}},{"start":{"line":36,"column":36},"end":{"line":36,"column":45}}],"line":36},"2":{"loc":{"start":{"line":51,"column":4},"end":{"line":84,"column":5}},"type":"if","locations":[{"start":{"line":51,"column":4},"end":{"line":84,"column":5}},{"start":{},"end":{}}],"line":51},"3":{"loc":{"start":{"line":57,"column":15},"end":{"line":57,"column":74}},"type":"binary-expr","locations":[{"start":{"line":57,"column":15},"end":{"line":57,"column":40}},{"start":{"line":57,"column":44},"end":{"line":57,"column":74}}],"line":57},"4":{"loc":{"start":{"line":59,"column":13},"end":{"line":66,"column":13}},"type":"binary-expr","locations":[{"start":{"line":59,"column":13},"end":{"line":59,"column":36}},{"start":{"line":60,"column":14},"end":{"line":65,"column":21}}],"line":59},"5":{"loc":{"start":{"line":67,"column":13},"end":{"line":74,"column":13}},"type":"binary-expr","locations":[{"start":{"line":67,"column":13},"end":{"line":67,"column":49}},{"start":{"line":68,"column":14},"end":{"line":73,"column":21}}],"line":67}},"s":{"0":0,"1":0,"2":0,"3":0,"4":0,"5":0,"6":0,"7":0,"8":0,"9":0,"10":0,"11":0,"12":0,"13":0,"14":0},"f":{"0":0,"1":0,"2":0,"3":0,"4":0},"b":{"0":[0,0],"1":[0,0],"2":[0,0],"3":[0,0],"4":[0,0],"5":[0,0]}}
,"D:\\Medilex\\HealthcareVocabApp\\src\\components\\ErrorToast.tsx": {"path":"D:\\Medilex\\HealthcareVocabApp\\src\\components\\ErrorToast.tsx","statementMap":{"0":{"start":{"line":14,"column":21},"end":{"line":14,"column":51}},"1":{"start":{"line":15,"column":23},"end":{"line":15,"column":27}},"2":{"start":{"line":21,"column":53},"end":{"line":120,"column":1}},"3":{"start":{"line":22,"column":32},"end":{"line":22,"column":47}},"4":{"start":{"line":23,"column":42},"end":{"line":23,"column":73}},"5":{"start":{"line":24,"column":22},"end":{"line":24,"column":56}},"6":{"start":{"line":25,"column":40},"end":{"line":25,"column":69}},"7":{"start":{"line":27,"column":2},"end":{"line":48,"column":20}},"8":{"start":{"line":29,"column":4},"end":{"line":47,"column":5}},"9":{"start":{"line":30,"column":23},"end":{"line":44,"column":14}},"10":{"start":{"line":31,"column":8},"end":{"line":43,"column":9}},"11":{"start":{"line":32,"column":30},"end":{"line":32,"column":46}},"12":{"start":{"line":33,"column":23},"end":{"line":33,"column":44}},"13":{"start":{"line":34,"column":25},"end":{"line":34,"column":65}},"14":{"start":{"line":34,"column":44},"end":{"line":34,"column":64}},"15":{"start":{"line":36,"column":10},"end":{"line":40,"column":11}},"16":{"start":{"line":37,"column":12},"end":{"line":37,"column":39}},"17":{"start":{"line":38,"column":12},"end":{"line":38,"column":41}},"18":{"start":{"line":39,"column":12},"end":{"line":39,"column":24}},"19":{"start":{"line":46,"column":6},"end":{"line":46,"column":43}},"20":{"start":{"line":46,"column":19},"end":{"line":46,"column":42}},"21":{"start":{"line":50,"column":20},"end":{"line":63,"column":3}},"22":{"start":{"line":51,"column":4},"end":{"line":51,"column":21}},"23":{"start":{"line":52,"column":4},"end":{"line":57,"column":15}},"24":{"start":{"line":60,"column":4},"end":{"line":62,"column":23}},"25":{"start":{"line":61,"column":6},"end":{"line":61,"column":18}},"26":{"start":{"line":65,"column":20},"end":{"line":73,"column":3}},"27":{"start":{"line":66,"column":4},"end":{"line":72,"column":7}},"28":{"start":{"line":71,"column":6},"end":{"line":71,"column":24}},"29":{"start":{"line":75,"column":22},"end":{"line":78,"column":3}},"30":{"start":{"line":76,"column":4},"end":{"line":76,"column":16}},"31":{"start":{"line":77,"column":4},"end":{"line":77,"column":16}},"32":{"start":{"line":80,"column":2},"end":{"line":82,"column":3}},"33":{"start":{"line":81,"column":4},"end":{"line":81,"column":16}},"34":{"start":{"line":84,"column":2},"end":{"line":119,"column":4}},"35":{"start":{"line":122,"column":15},"end":{"line":173,"column":2}}},"fnMap":{"0":{"name":"(anonymous_0)","decl":{"start":{"line":21,"column":53},"end":{"line":21,"column":54}},"loc":{"start":{"line":21,"column":70},"end":{"line":120,"column":1}},"line":21},"1":{"name":"(anonymous_1)","decl":{"start":{"line":27,"column":12},"end":{"line":27,"column":13}},"loc":{"start":{"line":27,"column":18},"end":{"line":48,"column":3}},"line":27},"2":{"name":"(anonymous_2)","decl":{"start":{"line":30,"column":35},"end":{"line":30,"column":36}},"loc":{"start":{"line":30,"column":41},"end":{"line":44,"column":7}},"line":30},"3":{"name":"(anonymous_3)","decl":{"start":{"line":34,"column":37},"end":{"line":34,"column":38}},"loc":{"start":{"line":34,"column":44},"end":{"line":34,"column":64}},"line":34},"4":{"name":"(anonymous_4)","decl":{"start":{"line":46,"column":13},"end":{"line":46,"column":14}},"loc":{"start":{"line":46,"column":19},"end":{"line":46,"column":42}},"line":46},"5":{"name":"(anonymous_5)","decl":{"start":{"line":50,"column":20},"end":{"line":50,"column":21}},"loc":{"start":{"line":50,"column":26},"end":{"line":63,"column":3}},"line":50},"6":{"name":"(anonymous_6)","decl":{"start":{"line":60,"column":15},"end":{"line":60,"column":16}},"loc":{"start":{"line":60,"column":21},"end":{"line":62,"column":5}},"line":60},"7":{"name":"(anonymous_7)","decl":{"start":{"line":65,"column":20},"end":{"line":65,"column":21}},"loc":{"start":{"line":65,"column":26},"end":{"line":73,"column":3}},"line":65},"8":{"name":"(anonymous_8)","decl":{"start":{"line":70,"column":13},"end":{"line":70,"column":14}},"loc":{"start":{"line":70,"column":19},"end":{"line":72,"column":5}},"line":70},"9":{"name":"(anonymous_9)","decl":{"start":{"line":75,"column":22},"end":{"line":75,"column":23}},"loc":{"start":{"line":75,"column":28},"end":{"line":78,"column":3}},"line":75}},"branchMap":{"0":{"loc":{"start":{"line":29,"column":4},"end":{"line":47,"column":5}},"type":"if","locations":[{"start":{"line":29,"column":4},"end":{"line":47,"column":5}},{"start":{},"end":{}}],"line":29},"1":{"loc":{"start":{"line":36,"column":10},"end":{"line":40,"column":11}},"type":"if","locations":[{"start":{"line":36,"column":10},"end":{"line":40,"column":11}},{"start":{},"end":{}}],"line":36},"2":{"loc":{"start":{"line":36,"column":14},"end":{"line":36,"column":63}},"type":"binary-expr","locations":[{"start":{"line":36,"column":14},"end":{"line":36,"column":31}},{"start":{"line":36,"column":35},"end":{"line":36,"column":63}}],"line":36},"3":{"loc":{"start":{"line":80,"column":2},"end":{"line":82,"column":3}},"type":"if","locations":[{"start":{"line":80,"column":2},"end":{"line":82,"column":3}},{"start":{},"end":{}}],"line":80},"4":{"loc":{"start":{"line":80,"column":6},"end":{"line":80,"column":31}},"type":"binary-expr","locations":[{"start":{"line":80,"column":6},"end":{"line":80,"column":14}},{"start":{"line":80,"column":18},"end":{"line":80,"column":31}}],"line":80}},"s":{"0":0,"1":0,"2":0,"3":0,"4":0,"5":0,"6":0,"7":0,"8":0,"9":0,"10":0,"11":0,"12":0,"13":0,"14":0,"15":0,"16":0,"17":0,"18":0,"19":0,"20":0,"21":0,"22":0,"23":0,"24":0,"25":0,"26":0,"27":0,"28":0,"29":0,"30":0,"31":0,"32":0,"33":0,"34":0,"35":0},"f":{"0":0,"1":0,"2":0,"3":0,"4":0,"5":0,"6":0,"7":0,"8":0,"9":0},"b":{"0":[0,0],"1":[0,0],"2":[0,0],"3":[0,0],"4":[0,0]}}
,"D:\\Medilex\\HealthcareVocabApp\\src\\components\\FilterChip.tsx": {"path":"D:\\Medilex\\HealthcareVocabApp\\src\\components\\FilterChip.tsx","statementMap":{"0":{"start":{"line":11,"column":53},"end":{"line":23,"column":1}},"1":{"start":{"line":12,"column":2},"end":{"line":22,"column":4}},"2":{"start":{"line":25,"column":15},"end":{"line":48,"column":2}}},"fnMap":{"0":{"name":"(anonymous_0)","decl":{"start":{"line":11,"column":53},"end":{"line":11,"column":54}},"loc":{"start":{"line":11,"column":87},"end":{"line":23,"column":1}},"line":11}},"branchMap":{"0":{"loc":{"start":{"line":14,"column":27},"end":{"line":14,"column":56}},"type":"binary-expr","locations":[{"start":{"line":14,"column":27},"end":{"line":14,"column":35}},{"start":{"line":14,"column":39},"end":{"line":14,"column":56}}],"line":14},"1":{"loc":{"start":{"line":18,"column":37},"end":{"line":18,"column":70}},"type":"binary-expr","locations":[{"start":{"line":18,"column":37},"end":{"line":18,"column":45}},{"start":{"line":18,"column":49},"end":{"line":18,"column":70}}],"line":18}},"s":{"0":0,"1":0,"2":0},"f":{"0":0},"b":{"0":[0,0],"1":[0,0]}}
,"D:\\Medilex\\HealthcareVocabApp\\src\\components\\MasteryChart.tsx": {"path":"D:\\Medilex\\HealthcareVocabApp\\src\\components\\MasteryChart.tsx","statementMap":{"0":{"start":{"line":12,"column":57},"end":{"line":69,"column":1}},"1":{"start":{"line":18,"column":16},"end":{"line":18,"column":72}},"2":{"start":{"line":20,"column":24},"end":{"line":22,"column":3}},"3":{"start":{"line":21,"column":4},"end":{"line":21,"column":49}},"4":{"start":{"line":24,"column":24},"end":{"line":29,"column":3}},"5":{"start":{"line":31,"column":2},"end":{"line":68,"column":4}},"6":{"start":{"line":38,"column":10},"end":{"line":53,"column":11}},"7":{"start":{"line":60,"column":10},"end":{"line":64,"column":17}},"8":{"start":{"line":71,"column":15},"end":{"line":121,"column":2}}},"fnMap":{"0":{"name":"(anonymous_0)","decl":{"start":{"line":12,"column":57},"end":{"line":12,"column":58}},"loc":{"start":{"line":17,"column":6},"end":{"line":69,"column":1}},"line":17},"1":{"name":"(anonymous_1)","decl":{"start":{"line":20,"column":24},"end":{"line":20,"column":25}},"loc":{"start":{"line":20,"column":43},"end":{"line":22,"column":3}},"line":20},"2":{"name":"(anonymous_2)","decl":{"start":{"line":37,"column":27},"end":{"line":37,"column":28}},"loc":{"start":{"line":38,"column":10},"end":{"line":53,"column":11}},"line":38},"3":{"name":"(anonymous_3)","decl":{"start":{"line":59,"column":27},"end":{"line":59,"column":28}},"loc":{"start":{"line":60,"column":10},"end":{"line":64,"column":17}},"line":60}},"branchMap":{"0":{"loc":{"start":{"line":21,"column":11},"end":{"line":21,"column":48}},"type":"cond-expr","locations":[{"start":{"line":21,"column":23},"end":{"line":21,"column":44}},{"start":{"line":21,"column":47},"end":{"line":21,"column":48}}],"line":21},"1":{"loc":{"start":{"line":38,"column":10},"end":{"line":53,"column":11}},"type":"binary-expr","locations":[{"start":{"line":38,"column":10},"end":{"line":38,"column":30}},{"start":{"line":39,"column":12},"end":{"line":52,"column":14}}],"line":38},"2":{"loc":{"start":{"line":46,"column":39},"end":{"line":46,"column":58}},"type":"cond-expr","locations":[{"start":{"line":46,"column":53},"end":{"line":46,"column":54}},{"start":{"line":46,"column":57},"end":{"line":46,"column":58}}],"line":46},"3":{"loc":{"start":{"line":47,"column":42},"end":{"line":47,"column":61}},"type":"cond-expr","locations":[{"start":{"line":47,"column":56},"end":{"line":47,"column":57}},{"start":{"line":47,"column":60},"end":{"line":47,"column":61}}],"line":47},"4":{"loc":{"start":{"line":48,"column":40},"end":{"line":48,"column":82}},"type":"cond-expr","locations":[{"start":{"line":48,"column":77},"end":{"line":48,"column":78}},{"start":{"line":48,"column":81},"end":{"line":48,"column":82}}],"line":48},"5":{"loc":{"start":{"line":49,"column":43},"end":{"line":49,"column":85}},"type":"cond-expr","locations":[{"start":{"line":49,"column":80},"end":{"line":49,"column":81}},{"start":{"line":49,"column":84},"end":{"line":49,"column":85}}],"line":49}},"s":{"0":0,"1":0,"2":0,"3":0,"4":0,"5":0,"6":0,"7":0,"8":0},"f":{"0":0,"1":0,"2":0,"3":0},"b":{"0":[0,0],"1":[0,0],"2":[0,0],"3":[0,0],"4":[0,0],"5":[0,0]}}
,"D:\\Medilex\\HealthcareVocabApp\\src\\components\\MedicalTermCard.tsx": {"path":"D:\\Medilex\\HealthcareVocabApp\\src\\components\\MedicalTermCard.tsx","statementMap":{"0":{"start":{"line":23,"column":48},"end":{"line":236,"column":1}},"1":{"start":{"line":34,"column":40},"end":{"line":34,"column":55}},"2":{"start":{"line":35,"column":44},"end":{"line":35,"column":73}},"3":{"start":{"line":38,"column":26},"end":{"line":46,"column":3}},"4":{"start":{"line":39,"column":19},"end":{"line":39,"column":34}},"5":{"start":{"line":40,"column":4},"end":{"line":40,"column":32}},"6":{"start":{"line":40,"column":22},"end":{"line":40,"column":32}},"7":{"start":{"line":41,"column":4},"end":{"line":41,"column":32}},"8":{"start":{"line":41,"column":22},"end":{"line":41,"column":32}},"9":{"start":{"line":42,"column":4},"end":{"line":42,"column":32}},"10":{"start":{"line":42,"column":22},"end":{"line":42,"column":32}},"11":{"start":{"line":43,"column":4},"end":{"line":43,"column":32}},"12":{"start":{"line":43,"column":22},"end":{"line":43,"column":32}},"13":{"start":{"line":44,"column":4},"end":{"line":44,"column":32}},"14":{"start":{"line":44,"column":22},"end":{"line":44,"column":32}},"15":{"start":{"line":45,"column":4},"end":{"line":45,"column":14}},"16":{"start":{"line":48,"column":23},"end":{"line":48,"column":49}},"17":{"start":{"line":51,"column":23},"end":{"line":54,"column":3}},"18":{"start":{"line":52,"column":4},"end":{"line":52,"column":60}},"19":{"start":{"line":53,"column":4},"end":{"line":53,"column":15}},"20":{"start":{"line":56,"column":25},"end":{"line":59,"column":3}},"21":{"start":{"line":57,"column":4},"end":{"line":57,"column":60}},"22":{"start":{"line":58,"column":4},"end":{"line":58,"column":17}},"23":{"start":{"line":61,"column":25},"end":{"line":64,"column":3}},"24":{"start":{"line":62,"column":4},"end":{"line":62,"column":59}},"25":{"start":{"line":63,"column":4},"end":{"line":63,"column":17}},"26":{"start":{"line":66,"column":22},"end":{"line":69,"column":3}},"27":{"start":{"line":67,"column":4},"end":{"line":67,"column":59}},"28":{"start":{"line":68,"column":4},"end":{"line":68,"column":14}},"29":{"start":{"line":71,"column":2},"end":{"line":235,"column":4}},"30":{"start":{"line":148,"column":25},"end":{"line":148,"column":53}},"31":{"start":{"line":165,"column":33},"end":{"line":165,"column":59}},"32":{"start":{"line":166,"column":32},"end":{"line":166,"column":54}},"33":{"start":{"line":182,"column":33},"end":{"line":182,"column":61}},"34":{"start":{"line":183,"column":32},"end":{"line":183,"column":54}},"35":{"start":{"line":199,"column":33},"end":{"line":199,"column":57}},"36":{"start":{"line":200,"column":32},"end":{"line":200,"column":54}},"37":{"start":{"line":221,"column":33},"end":{"line":221,"column":58}},"38":{"start":{"line":222,"column":32},"end":{"line":222,"column":54}},"39":{"start":{"line":238,"column":15},"end":{"line":444,"column":2}}},"fnMap":{"0":{"name":"(anonymous_0)","decl":{"start":{"line":23,"column":48},"end":{"line":23,"column":49}},"loc":{"start":{"line":33,"column":6},"end":{"line":236,"column":1}},"line":33},"1":{"name":"(anonymous_1)","decl":{"start":{"line":38,"column":26},"end":{"line":38,"column":27}},"loc":{"start":{"line":38,"column":56},"end":{"line":46,"column":3}},"line":38},"2":{"name":"(anonymous_2)","decl":{"start":{"line":51,"column":23},"end":{"line":51,"column":24}},"loc":{"start":{"line":51,"column":29},"end":{"line":54,"column":3}},"line":51},"3":{"name":"(anonymous_3)","decl":{"start":{"line":56,"column":25},"end":{"line":56,"column":26}},"loc":{"start":{"line":56,"column":31},"end":{"line":59,"column":3}},"line":56},"4":{"name":"(anonymous_4)","decl":{"start":{"line":61,"column":25},"end":{"line":61,"column":26}},"loc":{"start":{"line":61,"column":31},"end":{"line":64,"column":3}},"line":61},"5":{"name":"(anonymous_5)","decl":{"start":{"line":66,"column":22},"end":{"line":66,"column":23}},"loc":{"start":{"line":66,"column":28},"end":{"line":69,"column":3}},"line":66},"6":{"name":"(anonymous_6)","decl":{"start":{"line":148,"column":19},"end":{"line":148,"column":20}},"loc":{"start":{"line":148,"column":25},"end":{"line":148,"column":53}},"line":148},"7":{"name":"(anonymous_7)","decl":{"start":{"line":165,"column":27},"end":{"line":165,"column":28}},"loc":{"start":{"line":165,"column":33},"end":{"line":165,"column":59}},"line":165},"8":{"name":"(anonymous_8)","decl":{"start":{"line":166,"column":26},"end":{"line":166,"column":27}},"loc":{"start":{"line":166,"column":32},"end":{"line":166,"column":54}},"line":166},"9":{"name":"(anonymous_9)","decl":{"start":{"line":182,"column":27},"end":{"line":182,"column":28}},"loc":{"start":{"line":182,"column":33},"end":{"line":182,"column":61}},"line":182},"10":{"name":"(anonymous_10)","decl":{"start":{"line":183,"column":26},"end":{"line":183,"column":27}},"loc":{"start":{"line":183,"column":32},"end":{"line":183,"column":54}},"line":183},"11":{"name":"(anonymous_11)","decl":{"start":{"line":199,"column":27},"end":{"line":199,"column":28}},"loc":{"start":{"line":199,"column":33},"end":{"line":199,"column":57}},"line":199},"12":{"name":"(anonymous_12)","decl":{"start":{"line":200,"column":26},"end":{"line":200,"column":27}},"loc":{"start":{"line":200,"column":32},"end":{"line":200,"column":54}},"line":200},"13":{"name":"(anonymous_13)","decl":{"start":{"line":221,"column":27},"end":{"line":221,"column":28}},"loc":{"start":{"line":221,"column":33},"end":{"line":221,"column":58}},"line":221},"14":{"name":"(anonymous_14)","decl":{"start":{"line":222,"column":26},"end":{"line":222,"column":27}},"loc":{"start":{"line":222,"column":32},"end":{"line":222,"column":54}},"line":222}},"branchMap":{"0":{"loc":{"start":{"line":30,"column":2},"end":{"line":30,"column":22}},"type":"default-arg","locations":[{"start":{"line":30,"column":17},"end":{"line":30,"column":22}}],"line":30},"1":{"loc":{"start":{"line":31,"column":2},"end":{"line":31,"column":20}},"type":"default-arg","locations":[{"start":{"line":31,"column":16},"end":{"line":31,"column":20}}],"line":31},"2":{"loc":{"start":{"line":32,"column":2},"end":{"line":32,"column":22}},"type":"default-arg","locations":[{"start":{"line":32,"column":18},"end":{"line":32,"column":22}}],"line":32},"3":{"loc":{"start":{"line":40,"column":4},"end":{"line":40,"column":32}},"type":"if","locations":[{"start":{"line":40,"column":4},"end":{"line":40,"column":32}},{"start":{},"end":{}}],"line":40},"4":{"loc":{"start":{"line":41,"column":4},"end":{"line":41,"column":32}},"type":"if","locations":[{"start":{"line":41,"column":4},"end":{"line":41,"column":32}},{"start":{},"end":{}}],"line":41},"5":{"loc":{"start":{"line":42,"column":4},"end":{"line":42,"column":32}},"type":"if","locations":[{"start":{"line":42,"column":4},"end":{"line":42,"column":32}},{"start":{},"end":{}}],"line":42},"6":{"loc":{"start":{"line":43,"column":4},"end":{"line":43,"column":32}},"type":"if","locations":[{"start":{"line":43,"column":4},"end":{"line":43,"column":32}},{"start":{},"end":{}}],"line":43},"7":{"loc":{"start":{"line":44,"column":4},"end":{"line":44,"column":32}},"type":"if","locations":[{"start":{"line":44,"column":4},"end":{"line":44,"column":32}},{"start":{},"end":{}}],"line":44},"8":{"loc":{"start":{"line":107,"column":9},"end":{"line":145,"column":9}},"type":"binary-expr","locations":[{"start":{"line":107,"column":9},"end":{"line":107,"column":20}},{"start":{"line":108,"column":10},"end":{"line":144,"column":13}}],"line":107},"9":{"loc":{"start":{"line":109,"column":13},"end":{"line":111,"column":13}},"type":"binary-expr","locations":[{"start":{"line":109,"column":13},"end":{"line":109,"column":31}},{"start":{"line":110,"column":14},"end":{"line":110,"column":77}}],"line":109},"10":{"loc":{"start":{"line":113,"column":13},"end":{"line":118,"column":13}},"type":"binary-expr","locations":[{"start":{"line":113,"column":13},"end":{"line":113,"column":30}},{"start":{"line":114,"column":14},"end":{"line":117,"column":21}}],"line":113},"11":{"loc":{"start":{"line":129,"column":15},"end":{"line":133,"column":15}},"type":"binary-expr","locations":[{"start":{"line":129,"column":15},"end":{"line":129,"column":29}},{"start":{"line":130,"column":16},"end":{"line":132,"column":23}}],"line":129},"12":{"loc":{"start":{"line":136,"column":13},"end":{"line":143,"column":13}},"type":"binary-expr","locations":[{"start":{"line":136,"column":13},"end":{"line":136,"column":41}},{"start":{"line":137,"column":14},"end":{"line":142,"column":21}}],"line":136},"13":{"loc":{"start":{"line":153,"column":13},"end":{"line":153,"column":52}},"type":"cond-expr","locations":[{"start":{"line":153,"column":27},"end":{"line":153,"column":38}},{"start":{"line":153,"column":41},"end":{"line":153,"column":52}}],"line":153},"14":{"loc":{"start":{"line":158,"column":7},"end":{"line":233,"column":7}},"type":"binary-expr","locations":[{"start":{"line":158,"column":7},"end":{"line":158,"column":18}},{"start":{"line":159,"column":8},"end":{"line":232,"column":15}}],"line":158},"15":{"loc":{"start":{"line":203,"column":34},"end":{"line":203,"column":79}},"type":"cond-expr","locations":[{"start":{"line":203,"column":49},"end":{"line":203,"column":66}},{"start":{"line":203,"column":69},"end":{"line":203,"column":79}}],"line":203},"16":{"loc":{"start":{"line":209,"column":22},"end":{"line":209,"column":55}},"type":"cond-expr","locations":[{"start":{"line":209,"column":37},"end":{"line":209,"column":46}},{"start":{"line":209,"column":49},"end":{"line":209,"column":55}}],"line":209}},"s":{"0":1,"1":48,"2":48,"3":48,"4":48,"5":48,"6":1,"7":47,"8":46,"9":1,"10":0,"11":1,"12":0,"13":1,"14":1,"15":0,"16":48,"17":48,"18":2,"19":2,"20":48,"21":2,"22":2,"23":48,"24":2,"25":2,"26":48,"27":2,"28":2,"29":48,"30":9,"31":0,"32":0,"33":0,"34":0,"35":0,"36":0,"37":0,"38":0,"39":1},"f":{"0":48,"1":48,"2":2,"3":2,"4":2,"5":2,"6":9,"7":0,"8":0,"9":0,"10":0,"11":0,"12":0,"13":0,"14":0},"b":{"0":[43],"1":[45],"2":[47],"3":[1,47],"4":[46,1],"5":[0,1],"6":[0,1],"7":[1,0],"8":[48,8],"9":[8,8],"10":[8,7],"11":[8,7],"12":[8,7],"13":[8,40],"14":[48,46],"15":[3,43],"16":[3,43]},"_coverageSchema":"1a1c01bbd47fc00a2c39e90264f33305004495a9","hash":"ee9db26af4f13e0093b2529ec4bfaf7a00b79285"}
,"D:\\Medilex\\HealthcareVocabApp\\src\\components\\PrimaryButton.tsx": {"path":"D:\\Medilex\\HealthcareVocabApp\\src\\components\\PrimaryButton.tsx","statementMap":{"0":{"start":{"line":12,"column":46},"end":{"line":32,"column":1}},"1":{"start":{"line":18,"column":2},"end":{"line":31,"column":4}},"2":{"start":{"line":34,"column":15},"end":{"line":54,"column":2}}},"fnMap":{"0":{"name":"(anonymous_0)","decl":{"start":{"line":12,"column":46},"end":{"line":12,"column":47}},"loc":{"start":{"line":17,"column":6},"end":{"line":32,"column":1}},"line":17}},"branchMap":{"0":{"loc":{"start":{"line":15,"column":2},"end":{"line":15,"column":18}},"type":"default-arg","locations":[{"start":{"line":15,"column":13},"end":{"line":15,"column":18}}],"line":15},"1":{"loc":{"start":{"line":16,"column":2},"end":{"line":16,"column":17}},"type":"default-arg","locations":[{"start":{"line":16,"column":12},"end":{"line":16,"column":17}}],"line":16},"2":{"loc":{"start":{"line":20,"column":29},"end":{"line":20,"column":62}},"type":"binary-expr","locations":[{"start":{"line":20,"column":29},"end":{"line":20,"column":37}},{"start":{"line":20,"column":41},"end":{"line":20,"column":62}}],"line":20},"3":{"loc":{"start":{"line":22,"column":16},"end":{"line":22,"column":35}},"type":"binary-expr","locations":[{"start":{"line":22,"column":16},"end":{"line":22,"column":24}},{"start":{"line":22,"column":28},"end":{"line":22,"column":35}}],"line":22},"4":{"loc":{"start":{"line":25,"column":7},"end":{"line":29,"column":7}},"type":"cond-expr","locations":[{"start":{"line":26,"column":8},"end":{"line":26,"column":45}},{"start":{"line":28,"column":8},"end":{"line":28,"column":48}}],"line":25}},"s":{"0":0,"1":0,"2":0},"f":{"0":0},"b":{"0":[0],"1":[0],"2":[0,0],"3":[0,0],"4":[0,0]}}
,"D:\\Medilex\\HealthcareVocabApp\\src\\components\\ProgressIndicator.tsx": {"path":"D:\\Medilex\\HealthcareVocabApp\\src\\components\\ProgressIndicator.tsx","statementMap":{"0":{"start":{"line":10,"column":50},"end":{"line":23,"column":1}},"1":{"start":{"line":11,"column":21},"end":{"line":11,"column":44}},"2":{"start":{"line":13,"column":2},"end":{"line":22,"column":4}},"3":{"start":{"line":25,"column":15},"end":{"line":50,"column":2}}},"fnMap":{"0":{"name":"(anonymous_0)","decl":{"start":{"line":10,"column":50},"end":{"line":10,"column":51}},"loc":{"start":{"line":10,"column":74},"end":{"line":23,"column":1}},"line":10}},"branchMap":{},"s":{"0":1,"1":44,"2":44,"3":1},"f":{"0":44},"b":{},"_coverageSchema":"1a1c01bbd47fc00a2c39e90264f33305004495a9","hash":"3172ee713d20d614eb0233c6c2626aefb73ba533"}
,"D:\\Medilex\\HealthcareVocabApp\\src\\components\\SearchBar.tsx": {"path":"D:\\Medilex\\HealthcareVocabApp\\src\\components\\SearchBar.tsx","statementMap":{"0":{"start":{"line":12,"column":42},"end":{"line":31,"column":1}},"1":{"start":{"line":17,"column":2},"end":{"line":30,"column":4}},"2":{"start":{"line":33,"column":15},"end":{"line":54,"column":2}}},"fnMap":{"0":{"name":"(anonymous_0)","decl":{"start":{"line":12,"column":42},"end":{"line":12,"column":43}},"loc":{"start":{"line":16,"column":6},"end":{"line":31,"column":1}},"line":16}},"branchMap":{"0":{"loc":{"start":{"line":15,"column":2},"end":{"line":15,"column":41}},"type":"default-arg","locations":[{"start":{"line":15,"column":16},"end":{"line":15,"column":41}}],"line":15}},"s":{"0":1,"1":35,"2":1},"f":{"0":35},"b":{"0":[31]},"_coverageSchema":"1a1c01bbd47fc00a2c39e90264f33305004495a9","hash":"e58142248b69b5b3c1204a048e166428f96defc8"}
,"D:\\Medilex\\HealthcareVocabApp\\src\\components\\StartupLoader.tsx": {"path":"D:\\Medilex\\HealthcareVocabApp\\src\\components\\StartupLoader.tsx","statementMap":{"0":{"start":{"line":16,"column":46},"end":{"line":227,"column":1}},"1":{"start":{"line":17,"column":28},"end":{"line":22,"column":4}},"2":{"start":{"line":23,"column":50},"end":{"line":23,"column":61}},"3":{"start":{"line":24,"column":36},"end":{"line":24,"column":50}},"4":{"start":{"line":25,"column":34},"end":{"line":25,"column":49}},"5":{"start":{"line":27,"column":2},"end":{"line":46,"column":9}},"6":{"start":{"line":29,"column":22},"end":{"line":34,"column":12}},"7":{"start":{"line":30,"column":6},"end":{"line":30,"column":58}},"8":{"start":{"line":31,"column":6},"end":{"line":31,"column":24}},"9":{"start":{"line":32,"column":6},"end":{"line":32,"column":26}},"10":{"start":{"line":33,"column":6},"end":{"line":33,"column":23}},"11":{"start":{"line":36,"column":4},"end":{"line":43,"column":7}},"12":{"start":{"line":37,"column":6},"end":{"line":37,"column":30}},"13":{"start":{"line":39,"column":6},"end":{"line":39,"column":45}},"14":{"start":{"line":40,"column":6},"end":{"line":40,"column":30}},"15":{"start":{"line":41,"column":6},"end":{"line":41,"column":26}},"16":{"start":{"line":42,"column":6},"end":{"line":42,"column":23}},"17":{"start":{"line":45,"column":4},"end":{"line":45,"column":41}},"18":{"start":{"line":45,"column":17},"end":{"line":45,"column":40}},"19":{"start":{"line":48,"column":21},"end":{"line":54,"column":3}},"20":{"start":{"line":49,"column":4},"end":{"line":53,"column":7}},"21":{"start":{"line":50,"column":23},"end":{"line":50,"column":32}},"22":{"start":{"line":51,"column":6},"end":{"line":51,"column":62}},"23":{"start":{"line":52,"column":6},"end":{"line":52,"column":22}},"24":{"start":{"line":56,"column":29},"end":{"line":175,"column":3}},"25":{"start":{"line":57,"column":27},"end":{"line":57,"column":31}},"26":{"start":{"line":59,"column":4},"end":{"line":174,"column":5}},"27":{"start":{"line":61,"column":6},"end":{"line":61,"column":29}},"28":{"start":{"line":62,"column":6},"end":{"line":62,"column":31}},"29":{"start":{"line":63,"column":6},"end":{"line":63,"column":61}},"30":{"start":{"line":63,"column":35},"end":{"line":63,"column":59}},"31":{"start":{"line":65,"column":6},"end":{"line":76,"column":7}},"32":{"start":{"line":67,"column":34},"end":{"line":67,"column":70}},"33":{"start":{"line":68,"column":8},"end":{"line":68,"column":52}},"34":{"start":{"line":69,"column":8},"end":{"line":69,"column":39}},"35":{"start":{"line":70,"column":8},"end":{"line":70,"column":73}},"36":{"start":{"line":71,"column":8},"end":{"line":71,"column":33}},"37":{"start":{"line":73,"column":8},"end":{"line":73,"column":68}},"38":{"start":{"line":74,"column":8},"end":{"line":74,"column":46}},"39":{"start":{"line":75,"column":8},"end":{"line":75,"column":20}},"40":{"start":{"line":79,"column":6},"end":{"line":79,"column":29}},"41":{"start":{"line":80,"column":6},"end":{"line":80,"column":31}},"42":{"start":{"line":81,"column":6},"end":{"line":81,"column":61}},"43":{"start":{"line":81,"column":35},"end":{"line":81,"column":59}},"44":{"start":{"line":83,"column":6},"end":{"line":99,"column":7}},"45":{"start":{"line":85,"column":33},"end":{"line":85,"column":67}},"46":{"start":{"line":86,"column":35},"end":{"line":86,"column":71}},"47":{"start":{"line":88,"column":8},"end":{"line":90,"column":9}},"48":{"start":{"line":89,"column":10},"end":{"line":89,"column":79}},"49":{"start":{"line":91,"column":8},"end":{"line":91,"column":33}},"50":{"start":{"line":93,"column":8},"end":{"line":93,"column":46}},"51":{"start":{"line":94,"column":8},"end":{"line":96,"column":9}},"52":{"start":{"line":95,"column":10},"end":{"line":95,"column":126}},"53":{"start":{"line":97,"column":8},"end":{"line":97,"column":57}},"54":{"start":{"line":98,"column":8},"end":{"line":98,"column":20}},"55":{"start":{"line":102,"column":6},"end":{"line":102,"column":29}},"56":{"start":{"line":103,"column":6},"end":{"line":103,"column":31}},"57":{"start":{"line":104,"column":6},"end":{"line":104,"column":61}},"58":{"start":{"line":104,"column":35},"end":{"line":104,"column":59}},"59":{"start":{"line":106,"column":6},"end":{"line":130,"column":7}},"60":{"start":{"line":107,"column":29},"end":{"line":107,"column":96}},"61":{"start":{"line":110,"column":24},"end":{"line":110,"column":49}},"62":{"start":{"line":111,"column":8},"end":{"line":111,"column":52}},"63":{"start":{"line":112,"column":26},"end":{"line":112,"column":61}},"64":{"start":{"line":113,"column":8},"end":{"line":113,"column":47}},"65":{"start":{"line":115,"column":8},"end":{"line":117,"column":9}},"66":{"start":{"line":116,"column":10},"end":{"line":116,"column":65}},"67":{"start":{"line":119,"column":8},"end":{"line":121,"column":9}},"68":{"start":{"line":120,"column":10},"end":{"line":120,"column":81}},"69":{"start":{"line":122,"column":8},"end":{"line":122,"column":33}},"70":{"start":{"line":124,"column":8},"end":{"line":124,"column":46}},"71":{"start":{"line":125,"column":8},"end":{"line":127,"column":9}},"72":{"start":{"line":126,"column":10},"end":{"line":126,"column":127}},"73":{"start":{"line":128,"column":8},"end":{"line":128,"column":58}},"74":{"start":{"line":129,"column":8},"end":{"line":129,"column":20}},"75":{"start":{"line":133,"column":6},"end":{"line":133,"column":29}},"76":{"start":{"line":134,"column":6},"end":{"line":134,"column":31}},"77":{"start":{"line":135,"column":6},"end":{"line":135,"column":61}},"78":{"start":{"line":135,"column":35},"end":{"line":135,"column":59}},"79":{"start":{"line":137,"column":6},"end":{"line":153,"column":7}},"80":{"start":{"line":139,"column":8},"end":{"line":139,"column":49}},"81":{"start":{"line":140,"column":8},"end":{"line":140,"column":54}},"82":{"start":{"line":142,"column":8},"end":{"line":144,"column":9}},"83":{"start":{"line":143,"column":10},"end":{"line":143,"column":78}},"84":{"start":{"line":145,"column":8},"end":{"line":145,"column":33}},"85":{"start":{"line":147,"column":8},"end":{"line":147,"column":46}},"86":{"start":{"line":148,"column":8},"end":{"line":150,"column":9}},"87":{"start":{"line":149,"column":10},"end":{"line":149,"column":125}},"88":{"start":{"line":151,"column":8},"end":{"line":151,"column":56}},"89":{"start":{"line":152,"column":8},"end":{"line":152,"column":20}},"90":{"start":{"line":156,"column":6},"end":{"line":158,"column":7}},"91":{"start":{"line":157,"column":8},"end":{"line":157,"column":88}},"92":{"start":{"line":159,"column":6},"end":{"line":159,"column":61}},"93":{"start":{"line":160,"column":6},"end":{"line":160,"column":26}},"94":{"start":{"line":163,"column":6},"end":{"line":163,"column":23}},"95":{"start":{"line":166,"column":6},"end":{"line":168,"column":7}},"96":{"start":{"line":167,"column":8},"end":{"line":167,"column":115}},"97":{"start":{"line":169,"column":6},"end":{"line":169,"column":46}},"98":{"start":{"line":170,"column":6},"end":{"line":170,"column":26}},"99":{"start":{"line":173,"column":6},"end":{"line":173,"column":23}},"100":{"start":{"line":177,"column":2},"end":{"line":179,"column":3}},"101":{"start":{"line":177,"column":38},"end":{"line":177,"column":60}},"102":{"start":{"line":178,"column":4},"end":{"line":178,"column":27}},"103":{"start":{"line":181,"column":2},"end":{"line":226,"column":4}},"104":{"start":{"line":188,"column":10},"end":{"line":214,"column":17}},"105":{"start":{"line":218,"column":23},"end":{"line":218,"column":43}},"106":{"start":{"line":229,"column":15},"end":{"line":310,"column":2}}},"fnMap":{"0":{"name":"(anonymous_0)","decl":{"start":{"line":16,"column":46},"end":{"line":16,"column":47}},"loc":{"start":{"line":16,"column":76},"end":{"line":227,"column":1}},"line":16},"1":{"name":"(anonymous_1)","decl":{"start":{"line":27,"column":12},"end":{"line":27,"column":13}},"loc":{"start":{"line":27,"column":18},"end":{"line":46,"column":3}},"line":27},"2":{"name":"(anonymous_2)","decl":{"start":{"line":29,"column":33},"end":{"line":29,"column":34}},"loc":{"start":{"line":29,"column":39},"end":{"line":34,"column":5}},"line":29},"3":{"name":"(anonymous_3)","decl":{"start":{"line":36,"column":30},"end":{"line":36,"column":31}},"loc":{"start":{"line":36,"column":36},"end":{"line":38,"column":5}},"line":36},"4":{"name":"(anonymous_4)","decl":{"start":{"line":38,"column":13},"end":{"line":38,"column":14}},"loc":{"start":{"line":38,"column":24},"end":{"line":43,"column":5}},"line":38},"5":{"name":"(anonymous_5)","decl":{"start":{"line":45,"column":11},"end":{"line":45,"column":12}},"loc":{"start":{"line":45,"column":17},"end":{"line":45,"column":40}},"line":45},"6":{"name":"(anonymous_6)","decl":{"start":{"line":48,"column":21},"end":{"line":48,"column":22}},"loc":{"start":{"line":48,"column":87},"end":{"line":54,"column":3}},"line":48},"7":{"name":"(anonymous_7)","decl":{"start":{"line":49,"column":13},"end":{"line":49,"column":14}},"loc":{"start":{"line":49,"column":21},"end":{"line":53,"column":5}},"line":49},"8":{"name":"(anonymous_8)","decl":{"start":{"line":56,"column":29},"end":{"line":56,"column":30}},"loc":{"start":{"line":56,"column":41},"end":{"line":175,"column":3}},"line":56},"9":{"name":"(anonymous_9)","decl":{"start":{"line":63,"column":24},"end":{"line":63,"column":25}},"loc":{"start":{"line":63,"column":35},"end":{"line":63,"column":59}},"line":63},"10":{"name":"(anonymous_10)","decl":{"start":{"line":81,"column":24},"end":{"line":81,"column":25}},"loc":{"start":{"line":81,"column":35},"end":{"line":81,"column":59}},"line":81},"11":{"name":"(anonymous_11)","decl":{"start":{"line":104,"column":24},"end":{"line":104,"column":25}},"loc":{"start":{"line":104,"column":35},"end":{"line":104,"column":59}},"line":104},"12":{"name":"(anonymous_12)","decl":{"start":{"line":135,"column":24},"end":{"line":135,"column":25}},"loc":{"start":{"line":135,"column":35},"end":{"line":135,"column":59}},"line":135},"13":{"name":"(anonymous_13)","decl":{"start":{"line":177,"column":33},"end":{"line":177,"column":34}},"loc":{"start":{"line":177,"column":38},"end":{"line":177,"column":60}},"line":177},"14":{"name":"(anonymous_14)","decl":{"start":{"line":187,"column":19},"end":{"line":187,"column":20}},"loc":{"start":{"line":188,"column":10},"end":{"line":214,"column":17}},"line":188},"15":{"name":"(anonymous_15)","decl":{"start":{"line":218,"column":18},"end":{"line":218,"column":19}},"loc":{"start":{"line":218,"column":23},"end":{"line":218,"column":43}},"line":218}},"branchMap":{"0":{"loc":{"start":{"line":88,"column":8},"end":{"line":90,"column":9}},"type":"if","locations":[{"start":{"line":88,"column":8},"end":{"line":90,"column":9}},{"start":{},"end":{}}],"line":88},"1":{"loc":{"start":{"line":94,"column":8},"end":{"line":96,"column":9}},"type":"if","locations":[{"start":{"line":94,"column":8},"end":{"line":96,"column":9}},{"start":{},"end":{}}],"line":94},"2":{"loc":{"start":{"line":115,"column":8},"end":{"line":117,"column":9}},"type":"if","locations":[{"start":{"line":115,"column":8},"end":{"line":117,"column":9}},{"start":{},"end":{}}],"line":115},"3":{"loc":{"start":{"line":119,"column":8},"end":{"line":121,"column":9}},"type":"if","locations":[{"start":{"line":119,"column":8},"end":{"line":121,"column":9}},{"start":{},"end":{}}],"line":119},"4":{"loc":{"start":{"line":125,"column":8},"end":{"line":127,"column":9}},"type":"if","locations":[{"start":{"line":125,"column":8},"end":{"line":127,"column":9}},{"start":{},"end":{}}],"line":125},"5":{"loc":{"start":{"line":142,"column":8},"end":{"line":144,"column":9}},"type":"if","locations":[{"start":{"line":142,"column":8},"end":{"line":144,"column":9}},{"start":{},"end":{}}],"line":142},"6":{"loc":{"start":{"line":148,"column":8},"end":{"line":150,"column":9}},"type":"if","locations":[{"start":{"line":148,"column":8},"end":{"line":150,"column":9}},{"start":{},"end":{}}],"line":148},"7":{"loc":{"start":{"line":156,"column":6},"end":{"line":158,"column":7}},"type":"if","locations":[{"start":{"line":156,"column":6},"end":{"line":158,"column":7}},{"start":{},"end":{}}],"line":156},"8":{"loc":{"start":{"line":166,"column":6},"end":{"line":168,"column":7}},"type":"if","locations":[{"start":{"line":166,"column":6},"end":{"line":168,"column":7}},{"start":{},"end":{}}],"line":166},"9":{"loc":{"start":{"line":177,"column":2},"end":{"line":179,"column":3}},"type":"if","locations":[{"start":{"line":177,"column":2},"end":{"line":179,"column":3}},{"start":{},"end":{}}],"line":177},"10":{"loc":{"start":{"line":177,"column":6},"end":{"line":177,"column":74}},"type":"binary-expr","locations":[{"start":{"line":177,"column":7},"end":{"line":177,"column":17}},{"start":{"line":177,"column":21},"end":{"line":177,"column":61}},{"start":{"line":177,"column":66},"end":{"line":177,"column":74}}],"line":177},"11":{"loc":{"start":{"line":190,"column":15},"end":{"line":192,"column":15}},"type":"binary-expr","locations":[{"start":{"line":190,"column":15},"end":{"line":190,"column":40}},{"start":{"line":191,"column":16},"end":{"line":191,"column":78}}],"line":190},"12":{"loc":{"start":{"line":193,"column":15},"end":{"line":195,"column":15}},"type":"binary-expr","locations":[{"start":{"line":193,"column":15},"end":{"line":193,"column":40}},{"start":{"line":194,"column":16},"end":{"line":194,"column":57}}],"line":193},"13":{"loc":{"start":{"line":196,"column":15},"end":{"line":198,"column":15}},"type":"binary-expr","locations":[{"start":{"line":196,"column":15},"end":{"line":196,"column":38}},{"start":{"line":197,"column":16},"end":{"line":197,"column":55}}],"line":196},"14":{"loc":{"start":{"line":199,"column":15},"end":{"line":201,"column":15}},"type":"binary-expr","locations":[{"start":{"line":199,"column":15},"end":{"line":199,"column":40}},{"start":{"line":200,"column":16},"end":{"line":200,"column":50}}],"line":199},"15":{"loc":{"start":{"line":206,"column":16},"end":{"line":206,"column":63}},"type":"binary-expr","locations":[{"start":{"line":206,"column":16},"end":{"line":206,"column":39}},{"start":{"line":206,"column":43},"end":{"line":206,"column":63}}],"line":206},"16":{"loc":{"start":{"line":210,"column":15},"end":{"line":212,"column":15}},"type":"binary-expr","locations":[{"start":{"line":210,"column":15},"end":{"line":210,"column":25}},{"start":{"line":211,"column":16},"end":{"line":211,"column":66}}],"line":210},"17":{"loc":{"start":{"line":218,"column":7},"end":{"line":224,"column":7}},"type":"binary-expr","locations":[{"start":{"line":218,"column":7},"end":{"line":218,"column":44}},{"start":{"line":219,"column":8},"end":{"line":223,"column":15}}],"line":218}},"s":{"0":0,"1":0,"2":0,"3":0,"4":0,"5":0,"6":0,"7":0,"8":0,"9":0,"10":0,"11":0,"12":0,"13":0,"14":0,"15":0,"16":0,"17":0,"18":0,"19":0,"20":0,"21":0,"22":0,"23":0,"24":0,"25":0,"26":0,"27":0,"28":0,"29":0,"30":0,"31":0,"32":0,"33":0,"34":0,"35":0,"36":0,"37":0,"38":0,"39":0,"40":0,"41":0,"42":0,"43":0,"44":0,"45":0,"46":0,"47":0,"48":0,"49":0,"50":0,"51":0,"52":0,"53":0,"54":0,"55":0,"56":0,"57":0,"58":0,"59":0,"60":0,"61":0,"62":0,"63":0,"64":0,"65":0,"66":0,"67":0,"68":0,"69":0,"70":0,"71":0,"72":0,"73":0,"74":0,"75":0,"76":0,"77":0,"78":0,"79":0,"80":0,"81":0,"82":0,"83":0,"84":0,"85":0,"86":0,"87":0,"88":0,"89":0,"90":0,"91":0,"92":0,"93":0,"94":0,"95":0,"96":0,"97":0,"98":0,"99":0,"100":0,"101":0,"102":0,"103":0,"104":0,"105":0,"106":0},"f":{"0":0,"1":0,"2":0,"3":0,"4":0,"5":0,"6":0,"7":0,"8":0,"9":0,"10":0,"11":0,"12":0,"13":0,"14":0,"15":0},"b":{"0":[0,0],"1":[0,0],"2":[0,0],"3":[0,0],"4":[0,0],"5":[0,0],"6":[0,0],"7":[0,0],"8":[0,0],"9":[0,0],"10":[0,0,0],"11":[0,0],"12":[0,0],"13":[0,0],"14":[0,0],"15":[0,0],"16":[0,0],"17":[0,0]}}
,"D:\\Medilex\\HealthcareVocabApp\\src\\components\\StatCard.tsx": {"path":"D:\\Medilex\\HealthcareVocabApp\\src\\components\\StatCard.tsx","statementMap":{"0":{"start":{"line":14,"column":49},"end":{"line":29,"column":1}},"1":{"start":{"line":21,"column":2},"end":{"line":28,"column":4}},"2":{"start":{"line":31,"column":15},"end":{"line":57,"column":2}}},"fnMap":{"0":{"name":"(anonymous_0)","decl":{"start":{"line":14,"column":49},"end":{"line":14,"column":50}},"loc":{"start":{"line":20,"column":6},"end":{"line":29,"column":1}},"line":20}},"branchMap":{"0":{"loc":{"start":{"line":26,"column":7},"end":{"line":26,"column":57}},"type":"binary-expr","locations":[{"start":{"line":26,"column":7},"end":{"line":26,"column":12}},{"start":{"line":26,"column":16},"end":{"line":26,"column":57}}],"line":26}},"s":{"0":1,"1":9,"2":1},"f":{"0":9},"b":{"0":[9,3]},"_coverageSchema":"1a1c01bbd47fc00a2c39e90264f33305004495a9","hash":"be7272703784a97e882340069e93731436894150"}
,"D:\\Medilex\\HealthcareVocabApp\\src\\components\\StreakCalendar.tsx": {"path":"D:\\Medilex\\HealthcareVocabApp\\src\\components\\StreakCalendar.tsx","statementMap":{"0":{"start":{"line":11,"column":47},"end":{"line":40,"column":1}},"1":{"start":{"line":12,"column":15},"end":{"line":12,"column":50}},"2":{"start":{"line":14,"column":2},"end":{"line":39,"column":4}},"3":{"start":{"line":23,"column":10},"end":{"line":35,"column":17}},"4":{"start":{"line":42,"column":15},"end":{"line":92,"column":2}}},"fnMap":{"0":{"name":"(anonymous_0)","decl":{"start":{"line":11,"column":47},"end":{"line":11,"column":48}},"loc":{"start":{"line":11,"column":77},"end":{"line":40,"column":1}},"line":11},"1":{"name":"(anonymous_1)","decl":{"start":{"line":22,"column":18},"end":{"line":22,"column":19}},"loc":{"start":{"line":23,"column":10},"end":{"line":35,"column":17}},"line":23}},"branchMap":{"0":{"loc":{"start":{"line":28,"column":16},"end":{"line":28,"column":61}},"type":"binary-expr","locations":[{"start":{"line":28,"column":16},"end":{"line":28,"column":35}},{"start":{"line":28,"column":39},"end":{"line":28,"column":61}}],"line":28},"1":{"loc":{"start":{"line":31,"column":15},"end":{"line":33,"column":15}},"type":"binary-expr","locations":[{"start":{"line":31,"column":15},"end":{"line":31,"column":34}},{"start":{"line":32,"column":16},"end":{"line":32,"column":55}}],"line":31}},"s":{"0":1,"1":29,"2":29,"3":203,"4":1},"f":{"0":29,"1":203},"b":{"0":[203,73],"1":[203,73]},"_coverageSchema":"1a1c01bbd47fc00a2c39e90264f33305004495a9","hash":"46ef97bc051782ed757a4f86f737e1380dfbda67"}
,"D:\\Medilex\\HealthcareVocabApp\\src\\components\\StudyHeatmap.tsx": {"path":"D:\\Medilex\\HealthcareVocabApp\\src\\components\\StudyHeatmap.tsx","statementMap":{"0":{"start":{"line":9,"column":57},"end":{"line":86,"column":1}},"1":{"start":{"line":11,"column":30},"end":{"line":38,"column":3}},"2":{"start":{"line":12,"column":18},"end":{"line":12,"column":28}},"3":{"start":{"line":13,"column":59},"end":{"line":13,"column":61}},"4":{"start":{"line":16,"column":22},"end":{"line":16,"column":37}},"5":{"start":{"line":17,"column":4},"end":{"line":17,"column":44}},"6":{"start":{"line":19,"column":61},"end":{"line":19,"column":63}},"7":{"start":{"line":21,"column":4},"end":{"line":35,"column":5}},"8":{"start":{"line":21,"column":17},"end":{"line":21,"column":18}},"9":{"start":{"line":22,"column":19},"end":{"line":22,"column":38}},"10":{"start":{"line":23,"column":6},"end":{"line":23,"column":44}},"11":{"start":{"line":25,"column":22},"end":{"line":25,"column":54}},"12":{"start":{"line":26,"column":25},"end":{"line":26,"column":53}},"13":{"start":{"line":28,"column":6},"end":{"line":28,"column":45}},"14":{"start":{"line":31,"column":6},"end":{"line":34,"column":7}},"15":{"start":{"line":32,"column":8},"end":{"line":32,"column":37}},"16":{"start":{"line":33,"column":8},"end":{"line":33,"column":25}},"17":{"start":{"line":37,"column":4},"end":{"line":37,"column":17}},"18":{"start":{"line":40,"column":16},"end":{"line":40,"column":37}},"19":{"start":{"line":41,"column":19},"end":{"line":41,"column":54}},"20":{"start":{"line":43,"column":2},"end":{"line":85,"column":4}},"21":{"start":{"line":53,"column":14},"end":{"line":53,"column":68}},"22":{"start":{"line":60,"column":14},"end":{"line":70,"column":21}},"23":{"start":{"line":62,"column":18},"end":{"line":68,"column":20}},"24":{"start":{"line":88,"column":15},"end":{"line":158,"column":2}}},"fnMap":{"0":{"name":"(anonymous_0)","decl":{"start":{"line":9,"column":57},"end":{"line":9,"column":58}},"loc":{"start":{"line":9,"column":77},"end":{"line":86,"column":1}},"line":9},"1":{"name":"(anonymous_1)","decl":{"start":{"line":11,"column":30},"end":{"line":11,"column":31}},"loc":{"start":{"line":11,"column":36},"end":{"line":38,"column":3}},"line":11},"2":{"name":"(anonymous_2)","decl":{"start":{"line":52,"column":26},"end":{"line":52,"column":27}},"loc":{"start":{"line":53,"column":14},"end":{"line":53,"column":68}},"line":53},"3":{"name":"(anonymous_3)","decl":{"start":{"line":59,"column":23},"end":{"line":59,"column":24}},"loc":{"start":{"line":60,"column":14},"end":{"line":70,"column":21}},"line":60},"4":{"name":"(anonymous_4)","decl":{"start":{"line":61,"column":26},"end":{"line":61,"column":27}},"loc":{"start":{"line":62,"column":18},"end":{"line":68,"column":20}},"line":62}},"branchMap":{"0":{"loc":{"start":{"line":31,"column":6},"end":{"line":34,"column":7}},"type":"if","locations":[{"start":{"line":31,"column":6},"end":{"line":34,"column":7}},{"start":{},"end":{}}],"line":31},"1":{"loc":{"start":{"line":31,"column":10},"end":{"line":31,"column":41}},"type":"binary-expr","locations":[{"start":{"line":31,"column":10},"end":{"line":31,"column":29}},{"start":{"line":31,"column":33},"end":{"line":31,"column":41}}],"line":31},"2":{"loc":{"start":{"line":66,"column":22},"end":{"line":66,"column":56}},"type":"binary-expr","locations":[{"start":{"line":66,"column":22},"end":{"line":66,"column":36}},{"start":{"line":66,"column":40},"end":{"line":66,"column":56}}],"line":66}},"s":{"0":0,"1":0,"2":0,"3":0,"4":0,"5":0,"6":0,"7":0,"8":0,"9":0,"10":0,"11":0,"12":0,"13":0,"14":0,"15":0,"16":0,"17":0,"18":0,"19":0,"20":0,"21":0,"22":0,"23":0,"24":0},"f":{"0":0,"1":0,"2":0,"3":0,"4":0},"b":{"0":[0,0],"1":[0,0],"2":[0,0]}}
,"D:\\Medilex\\HealthcareVocabApp\\src\\components\\SuccessToast.tsx": {"path":"D:\\Medilex\\HealthcareVocabApp\\src\\components\\SuccessToast.tsx","statementMap":{"0":{"start":{"line":13,"column":57},"end":{"line":57,"column":1}},"1":{"start":{"line":19,"column":20},"end":{"line":19,"column":51}},"2":{"start":{"line":21,"column":2},"end":{"line":43,"column":43}},"3":{"start":{"line":22,"column":4},"end":{"line":42,"column":5}},"4":{"start":{"line":24,"column":6},"end":{"line":28,"column":17}},"5":{"start":{"line":31,"column":20},"end":{"line":39,"column":18}},"6":{"start":{"line":32,"column":8},"end":{"line":38,"column":11}},"7":{"start":{"line":37,"column":10},"end":{"line":37,"column":21}},"8":{"start":{"line":41,"column":6},"end":{"line":41,"column":39}},"9":{"start":{"line":41,"column":19},"end":{"line":41,"column":38}},"10":{"start":{"line":45,"column":2},"end":{"line":45,"column":28}},"11":{"start":{"line":45,"column":16},"end":{"line":45,"column":28}},"12":{"start":{"line":47,"column":2},"end":{"line":56,"column":4}},"13":{"start":{"line":59,"column":15},"end":{"line":95,"column":2}}},"fnMap":{"0":{"name":"(anonymous_0)","decl":{"start":{"line":13,"column":57},"end":{"line":13,"column":58}},"loc":{"start":{"line":18,"column":6},"end":{"line":57,"column":1}},"line":18},"1":{"name":"(anonymous_1)","decl":{"start":{"line":21,"column":12},"end":{"line":21,"column":13}},"loc":{"start":{"line":21,"column":18},"end":{"line":43,"column":3}},"line":21},"2":{"name":"(anonymous_2)","decl":{"start":{"line":31,"column":31},"end":{"line":31,"column":32}},"loc":{"start":{"line":31,"column":37},"end":{"line":39,"column":7}},"line":31},"3":{"name":"(anonymous_3)","decl":{"start":{"line":36,"column":17},"end":{"line":36,"column":18}},"loc":{"start":{"line":36,"column":23},"end":{"line":38,"column":9}},"line":36},"4":{"name":"(anonymous_4)","decl":{"start":{"line":41,"column":13},"end":{"line":41,"column":14}},"loc":{"start":{"line":41,"column":19},"end":{"line":41,"column":38}},"line":41}},"branchMap":{"0":{"loc":{"start":{"line":16,"column":2},"end":{"line":16,"column":17}},"type":"default-arg","locations":[{"start":{"line":16,"column":13},"end":{"line":16,"column":17}}],"line":16},"1":{"loc":{"start":{"line":22,"column":4},"end":{"line":42,"column":5}},"type":"if","locations":[{"start":{"line":22,"column":4},"end":{"line":42,"column":5}},{"start":{},"end":{}}],"line":22},"2":{"loc":{"start":{"line":45,"column":2},"end":{"line":45,"column":28}},"type":"if","locations":[{"start":{"line":45,"column":2},"end":{"line":45,"column":28}},{"start":{},"end":{}}],"line":45}},"s":{"0":0,"1":0,"2":0,"3":0,"4":0,"5":0,"6":0,"7":0,"8":0,"9":0,"10":0,"11":0,"12":0,"13":0},"f":{"0":0,"1":0,"2":0,"3":0,"4":0},"b":{"0":[0],"1":[0,0],"2":[0,0]}}
,"D:\\Medilex\\HealthcareVocabApp\\src\\components\\SwipeableCard.tsx": {"path":"D:\\Medilex\\HealthcareVocabApp\\src\\components\\SwipeableCard.tsx","statementMap":{"0":{"start":{"line":5,"column":32},"end":{"line":5,"column":56}},"1":{"start":{"line":6,"column":35},"end":{"line":6,"column":38}},"2":{"start":{"line":14,"column":46},"end":{"line":124,"column":1}},"3":{"start":{"line":19,"column":19},"end":{"line":19,"column":57}},"4":{"start":{"line":20,"column":18},"end":{"line":20,"column":55}},"5":{"start":{"line":22,"column":23},"end":{"line":106,"column":11}},"6":{"start":{"line":24,"column":42},"end":{"line":24,"column":47}},"7":{"start":{"line":27,"column":34},"end":{"line":27,"column":106}},"8":{"start":{"line":28,"column":8},"end":{"line":28,"column":33}},"9":{"start":{"line":32,"column":8},"end":{"line":32,"column":51}},"10":{"start":{"line":36,"column":8},"end":{"line":42,"column":11}},"11":{"start":{"line":44,"column":8},"end":{"line":103,"column":9}},"12":{"start":{"line":46,"column":10},"end":{"line":46,"column":70}},"13":{"start":{"line":48,"column":10},"end":{"line":48,"column":24}},"14":{"start":{"line":49,"column":10},"end":{"line":49,"column":65}},"15":{"start":{"line":52,"column":10},"end":{"line":68,"column":13}},"16":{"start":{"line":66,"column":12},"end":{"line":66,"column":46}},"17":{"start":{"line":67,"column":12},"end":{"line":67,"column":32}},"18":{"start":{"line":69,"column":15},"end":{"line":103,"column":9}},"19":{"start":{"line":71,"column":10},"end":{"line":71,"column":75}},"20":{"start":{"line":73,"column":10},"end":{"line":73,"column":25}},"21":{"start":{"line":74,"column":10},"end":{"line":74,"column":65}},"22":{"start":{"line":77,"column":10},"end":{"line":93,"column":13}},"23":{"start":{"line":91,"column":12},"end":{"line":91,"column":46}},"24":{"start":{"line":92,"column":12},"end":{"line":92,"column":32}},"25":{"start":{"line":96,"column":10},"end":{"line":96,"column":80}},"26":{"start":{"line":97,"column":10},"end":{"line":102,"column":21}},"27":{"start":{"line":108,"column":2},"end":{"line":123,"column":4}},"28":{"start":{"line":126,"column":15},"end":{"line":132,"column":2}}},"fnMap":{"0":{"name":"(anonymous_0)","decl":{"start":{"line":14,"column":46},"end":{"line":14,"column":47}},"loc":{"start":{"line":18,"column":6},"end":{"line":124,"column":1}},"line":18},"1":{"name":"(anonymous_1)","decl":{"start":{"line":24,"column":36},"end":{"line":24,"column":37}},"loc":{"start":{"line":24,"column":42},"end":{"line":24,"column":47}},"line":24},"2":{"name":"(anonymous_2)","decl":{"start":{"line":25,"column":35},"end":{"line":25,"column":36}},"loc":{"start":{"line":25,"column":51},"end":{"line":29,"column":7}},"line":25},"3":{"name":"(anonymous_3)","decl":{"start":{"line":30,"column":26},"end":{"line":30,"column":27}},"loc":{"start":{"line":30,"column":42},"end":{"line":33,"column":7}},"line":30},"4":{"name":"(anonymous_4)","decl":{"start":{"line":34,"column":29},"end":{"line":34,"column":30}},"loc":{"start":{"line":34,"column":45},"end":{"line":104,"column":7}},"line":34},"5":{"name":"(anonymous_5)","decl":{"start":{"line":65,"column":19},"end":{"line":65,"column":20}},"loc":{"start":{"line":65,"column":25},"end":{"line":68,"column":11}},"line":65},"6":{"name":"(anonymous_6)","decl":{"start":{"line":90,"column":19},"end":{"line":90,"column":20}},"loc":{"start":{"line":90,"column":25},"end":{"line":93,"column":11}},"line":90}},"branchMap":{"0":{"loc":{"start":{"line":27,"column":34},"end":{"line":27,"column":106}},"type":"binary-expr","locations":[{"start":{"line":27,"column":34},"end":{"line":27,"column":77}},{"start":{"line":27,"column":81},"end":{"line":27,"column":106}}],"line":27},"1":{"loc":{"start":{"line":44,"column":8},"end":{"line":103,"column":9}},"type":"if","locations":[{"start":{"line":44,"column":8},"end":{"line":103,"column":9}},{"start":{"line":69,"column":15},"end":{"line":103,"column":9}}],"line":44},"2":{"loc":{"start":{"line":44,"column":12},"end":{"line":44,"column":67}},"type":"binary-expr","locations":[{"start":{"line":44,"column":12},"end":{"line":44,"column":52}},{"start":{"line":44,"column":56},"end":{"line":44,"column":67}}],"line":44},"3":{"loc":{"start":{"line":69,"column":15},"end":{"line":103,"column":9}},"type":"if","locations":[{"start":{"line":69,"column":15},"end":{"line":103,"column":9}},{"start":{"line":94,"column":15},"end":{"line":103,"column":9}}],"line":69},"4":{"loc":{"start":{"line":69,"column":19},"end":{"line":69,"column":74}},"type":"binary-expr","locations":[{"start":{"line":69,"column":19},"end":{"line":69,"column":58}},{"start":{"line":69,"column":62},"end":{"line":69,"column":74}}],"line":69}},"s":{"0":1,"1":1,"2":1,"3":22,"4":22,"5":22,"6":72,"7":72,"8":72,"9":0,"10":0,"11":0,"12":0,"13":0,"14":0,"15":0,"16":0,"17":0,"18":0,"19":0,"20":0,"21":0,"22":0,"23":0,"24":0,"25":0,"26":0,"27":22,"28":1},"f":{"0":22,"1":72,"2":72,"3":0,"4":0,"5":0,"6":0},"b":{"0":[72,0],"1":[0,0],"2":[0,0],"3":[0,0],"4":[0,0]},"_coverageSchema":"1a1c01bbd47fc00a2c39e90264f33305004495a9","hash":"e2b35bd4a124c6084fc74828cb304e719f6e86cd"}
,"D:\\Medilex\\HealthcareVocabApp\\src\\components\\TermBreakdown.tsx": {"path":"D:\\Medilex\\HealthcareVocabApp\\src\\components\\TermBreakdown.tsx","statementMap":{"0":{"start":{"line":14,"column":59},"end":{"line":78,"column":1}},"1":{"start":{"line":19,"column":2},"end":{"line":21,"column":3}},"2":{"start":{"line":20,"column":4},"end":{"line":20,"column":16}},"3":{"start":{"line":23,"column":21},"end":{"line":23,"column":54}},"4":{"start":{"line":25,"column":2},"end":{"line":27,"column":3}},"5":{"start":{"line":26,"column":4},"end":{"line":26,"column":16}},"6":{"start":{"line":29,"column":2},"end":{"line":50,"column":3}},"7":{"start":{"line":30,"column":4},"end":{"line":49,"column":6}},"8":{"start":{"line":35,"column":12},"end":{"line":45,"column":29}},"9":{"start":{"line":53,"column":2},"end":{"line":77,"column":4}},"10":{"start":{"line":58,"column":10},"end":{"line":68,"column":17}},"11":{"start":{"line":73,"column":31},"end":{"line":73,"column":42}},"12":{"start":{"line":80,"column":15},"end":{"line":137,"column":2}}},"fnMap":{"0":{"name":"(anonymous_0)","decl":{"start":{"line":14,"column":59},"end":{"line":14,"column":60}},"loc":{"start":{"line":18,"column":6},"end":{"line":78,"column":1}},"line":18},"1":{"name":"(anonymous_1)","decl":{"start":{"line":34,"column":26},"end":{"line":34,"column":27}},"loc":{"start":{"line":35,"column":12},"end":{"line":45,"column":29}},"line":35},"2":{"name":"(anonymous_2)","decl":{"start":{"line":57,"column":24},"end":{"line":57,"column":25}},"loc":{"start":{"line":58,"column":10},"end":{"line":68,"column":17}},"line":58},"3":{"name":"(anonymous_3)","decl":{"start":{"line":73,"column":26},"end":{"line":73,"column":27}},"loc":{"start":{"line":73,"column":31},"end":{"line":73,"column":42}},"line":73}},"branchMap":{"0":{"loc":{"start":{"line":16,"column":2},"end":{"line":16,"column":18}},"type":"default-arg","locations":[{"start":{"line":16,"column":14},"end":{"line":16,"column":18}}],"line":16},"1":{"loc":{"start":{"line":17,"column":2},"end":{"line":17,"column":20}},"type":"default-arg","locations":[{"start":{"line":17,"column":12},"end":{"line":17,"column":20}}],"line":17},"2":{"loc":{"start":{"line":19,"column":2},"end":{"line":21,"column":3}},"type":"if","locations":[{"start":{"line":19,"column":2},"end":{"line":21,"column":3}},{"start":{},"end":{}}],"line":19},"3":{"loc":{"start":{"line":25,"column":2},"end":{"line":27,"column":3}},"type":"if","locations":[{"start":{"line":25,"column":2},"end":{"line":27,"column":3}},{"start":{},"end":{}}],"line":25},"4":{"loc":{"start":{"line":29,"column":2},"end":{"line":50,"column":3}},"type":"if","locations":[{"start":{"line":29,"column":2},"end":{"line":50,"column":3}},{"start":{},"end":{}}],"line":29},"5":{"loc":{"start":{"line":32,"column":9},"end":{"line":32,"column":71}},"type":"binary-expr","locations":[{"start":{"line":32,"column":9},"end":{"line":32,"column":18}},{"start":{"line":32,"column":22},"end":{"line":32,"column":71}}],"line":32},"6":{"loc":{"start":{"line":42,"column":15},"end":{"line":44,"column":15}},"type":"binary-expr","locations":[{"start":{"line":42,"column":15},"end":{"line":42,"column":44}},{"start":{"line":43,"column":16},"end":{"line":43,"column":50}}],"line":42},"7":{"loc":{"start":{"line":55,"column":7},"end":{"line":55,"column":73}},"type":"binary-expr","locations":[{"start":{"line":55,"column":7},"end":{"line":55,"column":16}},{"start":{"line":55,"column":20},"end":{"line":55,"column":73}}],"line":55},"8":{"loc":{"start":{"line":65,"column":13},"end":{"line":67,"column":13}},"type":"binary-expr","locations":[{"start":{"line":65,"column":13},"end":{"line":65,"column":27}},{"start":{"line":66,"column":14},"end":{"line":66,"column":68}}],"line":65}},"s":{"0":0,"1":0,"2":0,"3":0,"4":0,"5":0,"6":0,"7":0,"8":0,"9":0,"10":0,"11":0,"12":0},"f":{"0":0,"1":0,"2":0,"3":0},"b":{"0":[0],"1":[0],"2":[0,0],"3":[0,0],"4":[0,0],"5":[0,0],"6":[0,0],"7":[0,0],"8":[0,0]}}
,"D:\\Medilex\\HealthcareVocabApp\\src\\components\\Tooltip.tsx": {"path":"D:\\Medilex\\HealthcareVocabApp\\src\\components\\Tooltip.tsx","statementMap":{"0":{"start":{"line":10,"column":40},"end":{"line":65,"column":1}},"1":{"start":{"line":11,"column":19},"end":{"line":11,"column":56}},"2":{"start":{"line":12,"column":20},"end":{"line":12,"column":59}},"3":{"start":{"line":14,"column":2},"end":{"line":45,"column":16}},"4":{"start":{"line":15,"column":4},"end":{"line":44,"column":5}},"5":{"start":{"line":17,"column":6},"end":{"line":29,"column":17}},"6":{"start":{"line":32,"column":6},"end":{"line":43,"column":17}},"7":{"start":{"line":47,"column":2},"end":{"line":49,"column":3}},"8":{"start":{"line":48,"column":4},"end":{"line":48,"column":16}},"9":{"start":{"line":51,"column":2},"end":{"line":64,"column":4}},"10":{"start":{"line":67,"column":15},"end":{"line":94,"column":2}}},"fnMap":{"0":{"name":"(anonymous_0)","decl":{"start":{"line":10,"column":40},"end":{"line":10,"column":41}},"loc":{"start":{"line":10,"column":63},"end":{"line":65,"column":1}},"line":10},"1":{"name":"(anonymous_1)","decl":{"start":{"line":14,"column":12},"end":{"line":14,"column":13}},"loc":{"start":{"line":14,"column":18},"end":{"line":45,"column":3}},"line":14}},"branchMap":{"0":{"loc":{"start":{"line":15,"column":4},"end":{"line":44,"column":5}},"type":"if","locations":[{"start":{"line":15,"column":4},"end":{"line":44,"column":5}},{"start":{"line":30,"column":11},"end":{"line":44,"column":5}}],"line":15},"1":{"loc":{"start":{"line":47,"column":2},"end":{"line":49,"column":3}},"type":"if","locations":[{"start":{"line":47,"column":2},"end":{"line":49,"column":3}},{"start":{},"end":{}}],"line":47}},"s":{"0":0,"1":0,"2":0,"3":0,"4":0,"5":0,"6":0,"7":0,"8":0,"9":0,"10":0},"f":{"0":0,"1":0},"b":{"0":[0,0],"1":[0,0]}}
,"D:\\Medilex\\HealthcareVocabApp\\src\\constants\\app.ts": {"path":"D:\\Medilex\\HealthcareVocabApp\\src\\constants\\app.ts","statementMap":{"0":{"start":{"line":6,"column":26},"end":{"line":46,"column":10}},"1":{"start":{"line":52,"column":29},"end":{"line":52,"column":87}},"2":{"start":{"line":52,"column":35},"end":{"line":52,"column":87}},"3":{"start":{"line":53,"column":32},"end":{"line":55,"column":1}},"4":{"start":{"line":54,"column":2},"end":{"line":54,"column":38}}},"fnMap":{"0":{"name":"(anonymous_0)","decl":{"start":{"line":52,"column":29},"end":{"line":52,"column":30}},"loc":{"start":{"line":52,"column":35},"end":{"line":52,"column":87}},"line":52},"1":{"name":"(anonymous_1)","decl":{"start":{"line":53,"column":32},"end":{"line":53,"column":33}},"loc":{"start":{"line":53,"column":70},"end":{"line":55,"column":1}},"line":53}},"branchMap":{},"s":{"0":0,"1":0,"2":0,"3":0,"4":0},"f":{"0":0,"1":0},"b":{}}
,"D:\\Medilex\\HealthcareVocabApp\\src\\screens\\DebugScreen.tsx": {"path":"D:\\Medilex\\HealthcareVocabApp\\src\\screens\\DebugScreen.tsx","statementMap":{"0":{"start":{"line":28,"column":27},"end":{"line":591,"column":1}},"1":{"start":{"line":29,"column":26},"end":{"line":29,"column":50}},"2":{"start":{"line":30,"column":40},"end":{"line":30,"column":62}},"3":{"start":{"line":31,"column":40},"end":{"line":31,"column":96}},"4":{"start":{"line":32,"column":40},"end":{"line":32,"column":69}},"5":{"start":{"line":33,"column":40},"end":{"line":33,"column":66}},"6":{"start":{"line":34,"column":46},"end":{"line":34,"column":61}},"7":{"start":{"line":36,"column":16},"end":{"line":36,"column":50}},"8":{"start":{"line":36,"column":38},"end":{"line":36,"column":49}},"9":{"start":{"line":37,"column":23},"end":{"line":37,"column":64}},"10":{"start":{"line":37,"column":45},"end":{"line":37,"column":63}},"11":{"start":{"line":38,"column":22},"end":{"line":38,"column":62}},"12":{"start":{"line":38,"column":44},"end":{"line":38,"column":61}},"13":{"start":{"line":39,"column":17},"end":{"line":39,"column":61}},"14":{"start":{"line":39,"column":41},"end":{"line":39,"column":60}},"15":{"start":{"line":40,"column":21},"end":{"line":40,"column":62}},"16":{"start":{"line":40,"column":45},"end":{"line":40,"column":61}},"17":{"start":{"line":42,"column":2},"end":{"line":44,"column":9}},"18":{"start":{"line":43,"column":4},"end":{"line":43,"column":20}},"19":{"start":{"line":46,"column":24},"end":{"line":64,"column":3}},"20":{"start":{"line":48,"column":4},"end":{"line":55,"column":5}},"21":{"start":{"line":49,"column":26},"end":{"line":49,"column":42}},"22":{"start":{"line":50,"column":24},"end":{"line":50,"column":45}},"23":{"start":{"line":51,"column":6},"end":{"line":51,"column":25}},"24":{"start":{"line":53,"column":6},"end":{"line":53,"column":57}},"25":{"start":{"line":54,"column":6},"end":{"line":54,"column":18}},"26":{"start":{"line":58,"column":4},"end":{"line":63,"column":5}},"27":{"start":{"line":59,"column":19},"end":{"line":59,"column":50}},"28":{"start":{"line":60,"column":6},"end":{"line":60,"column":32}},"29":{"start":{"line":62,"column":6},"end":{"line":62,"column":59}},"30":{"start":{"line":66,"column":26},"end":{"line":87,"column":3}},"31":{"start":{"line":67,"column":4},"end":{"line":86,"column":6}},"32":{"start":{"line":76,"column":12},"end":{"line":82,"column":13}},"33":{"start":{"line":77,"column":34},"end":{"line":77,"column":50}},"34":{"start":{"line":78,"column":14},"end":{"line":78,"column":44}},"35":{"start":{"line":79,"column":14},"end":{"line":79,"column":30}},"36":{"start":{"line":81,"column":14},"end":{"line":81,"column":60}},"37":{"start":{"line":89,"column":29},"end":{"line":110,"column":3}},"38":{"start":{"line":90,"column":4},"end":{"line":109,"column":6}},"39":{"start":{"line":99,"column":12},"end":{"line":105,"column":13}},"40":{"start":{"line":100,"column":14},"end":{"line":100,"column":41}},"41":{"start":{"line":101,"column":14},"end":{"line":101,"column":85}},"42":{"start":{"line":102,"column":14},"end":{"line":102,"column":30}},"43":{"start":{"line":104,"column":14},"end":{"line":104,"column":80}},"44":{"start":{"line":112,"column":33},"end":{"line":124,"column":3}},"45":{"start":{"line":113,"column":4},"end":{"line":123,"column":5}},"46":{"start":{"line":114,"column":20},"end":{"line":114,"column":51}},"47":{"start":{"line":115,"column":6},"end":{"line":120,"column":8}},"48":{"start":{"line":122,"column":6},"end":{"line":122,"column":67}},"49":{"start":{"line":126,"column":24},"end":{"line":150,"column":3}},"50":{"start":{"line":127,"column":4},"end":{"line":149,"column":5}},"51":{"start":{"line":128,"column":22},"end":{"line":140,"column":14}},"52":{"start":{"line":142,"column":6},"end":{"line":142,"column":41}},"53":{"start":{"line":143,"column":6},"end":{"line":143,"column":29}},"54":{"start":{"line":146,"column":6},"end":{"line":146,"column":51}},"55":{"start":{"line":146,"column":23},"end":{"line":146,"column":43}},"56":{"start":{"line":148,"column":6},"end":{"line":148,"column":63}},"57":{"start":{"line":152,"column":28},"end":{"line":170,"column":3}},"58":{"start":{"line":153,"column":4},"end":{"line":169,"column":5}},"59":{"start":{"line":154,"column":26},"end":{"line":163,"column":21}},"60":{"start":{"line":155,"column":8},"end":{"line":162,"column":19}},"61":{"start":{"line":165,"column":6},"end":{"line":165,"column":45}},"62":{"start":{"line":166,"column":6},"end":{"line":166,"column":78}},"63":{"start":{"line":168,"column":6},"end":{"line":168,"column":68}},"64":{"start":{"line":172,"column":26},"end":{"line":183,"column":3}},"65":{"start":{"line":173,"column":17},"end":{"line":173,"column":36}},"66":{"start":{"line":174,"column":16},"end":{"line":174,"column":26}},"67":{"start":{"line":175,"column":19},"end":{"line":175,"column":49}},"68":{"start":{"line":176,"column":21},"end":{"line":176,"column":47}},"69":{"start":{"line":177,"column":22},"end":{"line":177,"column":50}},"70":{"start":{"line":179,"column":4},"end":{"line":179,"column":40}},"71":{"start":{"line":179,"column":22},"end":{"line":179,"column":40}},"72":{"start":{"line":180,"column":4},"end":{"line":180,"column":49}},"73":{"start":{"line":180,"column":23},"end":{"line":180,"column":49}},"74":{"start":{"line":181,"column":4},"end":{"line":181,"column":51}},"75":{"start":{"line":181,"column":24},"end":{"line":181,"column":51}},"76":{"start":{"line":182,"column":4},"end":{"line":182,"column":37}},"77":{"start":{"line":185,"column":23},"end":{"line":314,"column":3}},"78":{"start":{"line":186,"column":4},"end":{"line":186,"column":28}},"79":{"start":{"line":187,"column":34},"end":{"line":187,"column":36}},"80":{"start":{"line":189,"column":4},"end":{"line":297,"column":5}},"81":{"start":{"line":191,"column":31},"end":{"line":191,"column":65}},"82":{"start":{"line":192,"column":6},"end":{"line":199,"column":9}},"83":{"start":{"line":202,"column":26},"end":{"line":202,"column":44}},"84":{"start":{"line":203,"column":6},"end":{"line":209,"column":9}},"85":{"start":{"line":212,"column":28},"end":{"line":212,"column":49}},"86":{"start":{"line":213,"column":26},"end":{"line":213,"column":54}},"87":{"start":{"line":214,"column":6},"end":{"line":220,"column":9}},"88":{"start":{"line":223,"column":6},"end":{"line":239,"column":7}},"89":{"start":{"line":224,"column":21},"end":{"line":224,"column":52}},"90":{"start":{"line":225,"column":29},"end":{"line":225,"column":48}},"91":{"start":{"line":226,"column":8},"end":{"line":232,"column":11}},"92":{"start":{"line":234,"column":8},"end":{"line":238,"column":11}},"93":{"start":{"line":242,"column":28},"end":{"line":242,"column":60}},"94":{"start":{"line":243,"column":6},"end":{"line":249,"column":9}},"95":{"start":{"line":252,"column":26},"end":{"line":252,"column":67}},"96":{"start":{"line":253,"column":6},"end":{"line":259,"column":9}},"97":{"start":{"line":262,"column":6},"end":{"line":279,"column":7}},"98":{"start":{"line":263,"column":28},"end":{"line":263,"column":44}},"99":{"start":{"line":264,"column":26},"end":{"line":264,"column":47}},"100":{"start":{"line":265,"column":29},"end":{"line":265,"column":53}},"101":{"start":{"line":266,"column":8},"end":{"line":272,"column":11}},"102":{"start":{"line":274,"column":8},"end":{"line":278,"column":11}},"103":{"start":{"line":282,"column":28},"end":{"line":282,"column":53}},"104":{"start":{"line":283,"column":6},"end":{"line":289,"column":9}},"105":{"start":{"line":292,"column":6},"end":{"line":296,"column":9}},"106":{"start":{"line":299,"column":4},"end":{"line":299,"column":28}},"107":{"start":{"line":300,"column":4},"end":{"line":300,"column":29}},"108":{"start":{"line":303,"column":24},"end":{"line":303,"column":60}},"109":{"start":{"line":303,"column":44},"end":{"line":303,"column":52}},"110":{"start":{"line":304,"column":23},"end":{"line":304,"column":37}},"111":{"start":{"line":305,"column":4},"end":{"line":313,"column":5}},"112":{"start":{"line":306,"column":26},"end":{"line":306,"column":42}},"113":{"start":{"line":307,"column":6},"end":{"line":310,"column":8}},"114":{"start":{"line":312,"column":6},"end":{"line":312,"column":79}},"115":{"start":{"line":316,"column":22},"end":{"line":375,"column":3}},"116":{"start":{"line":317,"column":4},"end":{"line":374,"column":11}},"117":{"start":{"line":346,"column":50},"end":{"line":346,"column":58}},"118":{"start":{"line":350,"column":14},"end":{"line":369,"column":21}},"119":{"start":{"line":377,"column":21},"end":{"line":441,"column":3}},"120":{"start":{"line":378,"column":4},"end":{"line":440,"column":11}},"121":{"start":{"line":403,"column":12},"end":{"line":436,"column":31}},"122":{"start":{"line":410,"column":29},"end":{"line":410,"column":47}},"123":{"start":{"line":443,"column":24},"end":{"line":472,"column":3}},"124":{"start":{"line":444,"column":4},"end":{"line":471,"column":11}},"125":{"start":{"line":460,"column":12},"end":{"line":467,"column":31}},"126":{"start":{"line":463,"column":29},"end":{"line":463,"column":56}},"127":{"start":{"line":474,"column":22},"end":{"line":518,"column":3}},"128":{"start":{"line":475,"column":4},"end":{"line":517,"column":11}},"129":{"start":{"line":510,"column":14},"end":{"line":512,"column":21}},"130":{"start":{"line":520,"column":2},"end":{"line":590,"column":4}},"131":{"start":{"line":530,"column":25},"end":{"line":530,"column":47}},"132":{"start":{"line":544,"column":25},"end":{"line":544,"column":50}},"133":{"start":{"line":558,"column":25},"end":{"line":558,"column":48}},"134":{"start":{"line":572,"column":25},"end":{"line":572,"column":48}},"135":{"start":{"line":593,"column":15},"end":{"line":857,"column":2}}},"fnMap":{"0":{"name":
[...]
:100,"column":61}},"type":"binary-expr","locations":[{"start":{"line":100,"column":39},"end":{"line":100,"column":48}},{"start":{"line":100,"column":52},"end":{"line":100,"column":61}}],"line":100},"16":{"loc":{"start":{"line":103,"column":4},"end":{"line":105,"column":5}},"type":"if","locations":[{"start":{"line":103,"column":4},"end":{"line":105,"column":5}},{"start":{},"end":{}}],"line":103},"17":{"loc":{"start":{"line":104,"column":32},"end":{"line":104,"column":54}},"type":"binary-expr","locations":[{"start":{"line":104,"column":32},"end":{"line":104,"column":41}},{"start":{"line":104,"column":45},"end":{"line":104,"column":54}}],"line":104},"18":{"loc":{"start":{"line":107,"column":4},"end":{"line":109,"column":5}},"type":"if","locations":[{"start":{"line":107,"column":4},"end":{"line":109,"column":5}},{"start":{},"end":{}}],"line":107},"19":{"loc":{"start":{"line":107,"column":8},"end":{"line":107,"column":57}},"type":"binary-expr","locations":[{"start":{"line":107,"column":8},"end":{"line":107,"column":24}},{"start":{"line":107,"column":28},"end":{"line":107,"column":57}}],"line":107},"20":{"loc":{"start":{"line":108,"column":32},"end":{"line":108,"column":54}},"type":"binary-expr","locations":[{"start":{"line":108,"column":32},"end":{"line":108,"column":41}},{"start":{"line":108,"column":45},"end":{"line":108,"column":54}}],"line":108},"21":{"loc":{"start":{"line":111,"column":4},"end":{"line":113,"column":5}},"type":"if","locations":[{"start":{"line":111,"column":4},"end":{"line":113,"column":5}},{"start":{},"end":{}}],"line":111},"22":{"loc":{"start":{"line":111,"column":8},"end":{"line":111,"column":51}},"type":"binary-expr","locations":[{"start":{"line":111,"column":8},"end":{"line":111,"column":21}},{"start":{"line":111,"column":25},"end":{"line":111,"column":51}}],"line":111},"23":{"loc":{"start":{"line":112,"column":39},"end":{"line":112,"column":61}},"type":"binary-expr","locations":[{"start":{"line":112,"column":39},"end":{"line":112,"column":48}},{"start":{"line":112,"column":52},"end":{"line":112,"column":61}}],"line":112},"24":{"loc":{"start":{"line":116,"column":4},"end":{"line":122,"column":5}},"type":"if","locations":[{"start":{"line":116,"column":4},"end":{"line":122,"column":5}},{"start":{"line":118,"column":11},"end":{"line":122,"column":5}}],"line":116},"25":{"loc":{"start":{"line":117,"column":39},"end":{"line":117,"column":61}},"type":"binary-expr","locations":[{"start":{"line":117,"column":39},"end":{"line":117,"column":48}},{"start":{"line":117,"column":52},"end":{"line":117,"column":61}}],"line":117},"26":{"loc":{"start":{"line":119,"column":6},"end":{"line":121,"column":7}},"type":"if","locations":[{"start":{"line":119,"column":6},"end":{"line":121,"column":7}},{"start":{},"end":{}}],"line":119},"27":{"loc":{"start":{"line":120,"column":41},"end":{"line":120,"column":63}},"type":"binary-expr","locations":[{"start":{"line":120,"column":41},"end":{"line":120,"column":50}},{"start":{"line":120,"column":54},"end":{"line":120,"column":63}}],"line":120},"28":{"loc":{"start":{"line":124,"column":4},"end":{"line":126,"column":5}},"type":"if","locations":[{"start":{"line":124,"column":4},"end":{"line":126,"column":5}},{"start":{},"end":{}}],"line":124},"29":{"loc":{"start":{"line":124,"column":8},"end":{"line":124,"column":53}},"type":"binary-expr","locations":[{"start":{"line":124,"column":8},"end":{"line":124,"column":22}},{"start":{"line":124,"column":26},"end":{"line":124,"column":53}}],"line":124},"30":{"loc":{"start":{"line":125,"column":32},"end":{"line":125,"column":54}},"type":"binary-expr","locations":[{"start":{"line":125,"column":32},"end":{"line":125,"column":41}},{"start":{"line":125,"column":45},"end":{"line":125,"column":54}}],"line":125},"31":{"loc":{"start":{"line":128,"column":4},"end":{"line":130,"column":5}},"type":"if","locations":[{"start":{"line":128,"column":4},"end":{"line":130,"column":5}},{"start":{},"end":{}}],"line":128},"32":{"loc":{"start":{"line":129,"column":39},"end":{"line":129,"column":61}},"type":"binary-expr","locations":[{"start":{"line":129,"column":39},"end":{"line":129,"column":48}},{"start":{"line":129,"column":52},"end":{"line":129,"column":61}}],"line":129},"33":{"loc":{"start":{"line":133,"column":4},"end":{"line":137,"column":5}},"type":"if","locations":[{"start":{"line":133,"column":4},"end":{"line":137,"column":5}},{"start":{"line":135,"column":11},"end":{"line":137,"column":5}}],"line":133},"34":{"loc":{"start":{"line":134,"column":39},"end":{"line":134,"column":61}},"type":"binary-expr","locations":[{"start":{"line":134,"column":39},"end":{"line":134,"column":48}},{"start":{"line":134,"column":52},"end":{"line":134,"column":61}}],"line":134},"35":{"loc":{"start":{"line":135,"column":11},"end":{"line":137,"column":5}},"type":"if","locations":[{"start":{"line":135,"column":11},"end":{"line":137,"column":5}},{"start":{},"end":{}}],"line":135},"36":{"loc":{"start":{"line":136,"column":39},"end":{"line":136,"column":61}},"type":"binary-expr","locations":[{"start":{"line":136,"column":39},"end":{"line":136,"column":48}},{"start":{"line":136,"column":52},"end":{"line":136,"column":61}}],"line":136},"37":{"loc":{"start":{"line":140,"column":4},"end":{"line":144,"column":5}},"type":"if","locations":[{"start":{"line":140,"column":4},"end":{"line":144,"column":5}},{"start":{"line":142,"column":11},"end":{"line":144,"column":5}}],"line":140},"38":{"loc":{"start":{"line":141,"column":32},"end":{"line":141,"column":54}},"type":"binary-expr","locations":[{"start":{"line":141,"column":32},"end":{"line":141,"column":41}},{"start":{"line":141,"column":45},"end":{"line":141,"column":54}}],"line":141},"39":{"loc":{"start":{"line":142,"column":11},"end":{"line":144,"column":5}},"type":"if","locations":[{"start":{"line":142,"column":11},"end":{"line":144,"column":5}},{"start":{},"end":{}}],"line":142},"40":{"loc":{"start":{"line":143,"column":32},"end":{"line":143,"column":54}},"type":"binary-expr","locations":[{"start":{"line":143,"column":32},"end":{"line":143,"column":41}},{"start":{"line":143,"column":45},"end":{"line":143,"column":54}}],"line":143},"41":{"loc":{"start":{"line":147,"column":4},"end":{"line":149,"column":5}},"type":"if","locations":[{"start":{"line":147,"column":4},"end":{"line":149,"column":5}},{"start":{},"end":{}}],"line":147},"42":{"loc":{"start":{"line":148,"column":39},"end":{"line":148,"column":61}},"type":"binary-expr","locations":[{"start":{"line":148,"column":39},"end":{"line":148,"column":48}},{"start":{"line":148,"column":52},"end":{"line":148,"column":61}}],"line":148},"43":{"loc":{"start":{"line":152,"column":4},"end":{"line":154,"column":5}},"type":"if","locations":[{"start":{"line":152,"column":4},"end":{"line":154,"column":5}},{"start":{},"end":{}}],"line":152},"44":{"loc":{"start":{"line":153,"column":39},"end":{"line":153,"column":61}},"type":"binary-expr","locations":[{"start":{"line":153,"column":39},"end":{"line":153,"column":48}},{"start":{"line":153,"column":52},"end":{"line":153,"column":61}}],"line":153},"45":{"loc":{"start":{"line":176,"column":49},"end":{"line":176,"column":82}},"type":"default-arg","locations":[{"start":{"line":176,"column":67},"end":{"line":176,"column":82}}],"line":176},"46":{"loc":{"start":{"line":180,"column":6},"end":{"line":184,"column":7}},"type":"if","locations":[{"start":{"line":180,"column":6},"end":{"line":184,"column":7}},{"start":{},"end":{}}],"line":180},"47":{"loc":{"start":{"line":192,"column":6},"end":{"line":196,"column":7}},"type":"if","locations":[{"start":{"line":192,"column":6},"end":{"line":196,"column":7}},{"start":{"line":194,"column":13},"end":{"line":196,"column":7}}],"line":192},"48":{"loc":{"start":{"line":216,"column":11},"end":{"line":216,"column":34}},"type":"binary-expr","locations":[{"start":{"line":216,"column":11},"end":{"line":216,"column":19}},{"start":{"line":216,"column":23},"end":{"line":216,"column":34}}],"line":216},"49":{"loc":{"start":{"line":230,"column":17},"end":{"line":230,"column":49}},"type":"cond-expr","locations":[{"start":{"line":230,"column":34},"end":{"line":230,"column":40}},{"start":{"line":230,"column":43},"end":{"line":230,"column":49}}],"line":230}},"s":{"0":1,"1":1,"2":48,"3":48,"4":48,"5":48,"6":0,"7":0,"8":48,"9":0,"10":0,"11":48,"12":48,"13":48,"14":3454,"15":3454,"16":0,"17":0,"18":0,"19":3454,"20":3454,"21":0,"22":0,"23":3454,"24":3454,"25":3454,"26":0,"27":3454,"28":3454,"29":48,"30":3454,"31":3454,"32":3454,"33":0,"34":3454,"35":0,"36":3454,"37":0,"38":3454,"39":0,"40":3454,"41":0,"42":3454,"43":0,"44":3454,"45":0,"46":3454,"47":0,"48":3454,"49":0,"50":3454,"51":0,"52":3454,"53":0,"54":3454,"55":0,"56":3454,"57":0,"58":3454,"59":0,"60":3454,"61":0,"62":3454,"63":0,"64":3454,"65":0,"66":3454,"67":48,"68":48,"69":24,"70":24,"71":0,"72":0,"73":0,"74":0,"75":0,"76":0,"77":0,"78":0,"79":0,"80":24,"81":24,"82":24,"83":24,"84":24,"85":0,"86":0,"87":1},"f":{"0":48,"1":3454,"2":0,"3":3454,"4":48,"5":24,"6":0,"7":0,"8":24,"9":0},"b":{"0":[0,48],"1":[0,48],"2":[0,3454],"3":[0,3454],"4":[3454,3454],"5":[3454,0],"6":[0,3454],"7":[3454,3454],"8":[3454,0],"9":[0,3454],"10":[0,3454],"11":[3454,3454],"12":[0,3454],"13":[0,0],"14":[0,3454],"15":[0,0],"16":[0,3454],"17":[0,0],"18":[0,3454],"19":[3454,3454],"20":[0,0],"21":[0,3454],"22":[3454,3454],"23":[0,0],"24":[0,3454],"25":[0,0],"26":[0,3454],"27":[0,0],"28":[0,3454],"29":[3454,3454],"30":[0,0],"31":[0,3454],"32":[0,0],"33":[0,3454],"34":[0,0],"35":[0,3454],"36":[0,0],"37":[0,3454],"38":[0,0],"39":[0,3454],"40":[0,0],"41":[0,3454],"42":[0,0],"43":[0,3454],"44":[0,0],"45":[0],"46":[0,0],"47":[0,0],"48":[24,24],"49":[0,0]},"_coverageSchema":"1a1c01bbd47fc00a2c39e90264f33305004495a9","hash":"85cc049c14f67917a3b260c49c1cc64103f733a5"}
,"D:\\Medilex\\HealthcareVocabApp\\src\\utils\\errorLogger.ts": {"path":"D:\\Medilex\\HealthcareVocabApp\\src\\utils\\errorLogger.ts","statementMap":{"0":{"start":{"line":3,"column":22},"end":{"line":3,"column":45}},"1":{"start":{"line":4,"column":17},"end":{"line":4,"column":19}},"2":{"start":{"line":17,"column":29},"end":{"line":17,"column":31}},"3":{"start":{"line":18,"column":24},"end":{"line":18,"column":29}},"4":{"start":{"line":21,"column":4},"end":{"line":21,"column":33}},"5":{"start":{"line":21,"column":26},"end":{"line":21,"column":33}},"6":{"start":{"line":23,"column":4},"end":{"line":39,"column":5}},"7":{"start":{"line":24,"column":24},"end":{"line":24,"column":65}},"8":{"start":{"line":25,"column":6},"end":{"line":27,"column":7}},"9":{"start":{"line":26,"column":8},"end":{"line":26,"column":42}},"10":{"start":{"line":30,"column":6},"end":{"line":30,"column":35}},"11":{"start":{"line":33,"column":6},"end":{"line":33,"column":37}},"12":{"start":{"line":35,"column":6},"end":{"line":35,"column":30}},"13":{"start":{"line":36,"column":6},"end":{"line":36,"column":60}},"14":{"start":{"line":38,"column":6},"end":{"line":38,"column":66}},"15":{"start":{"line":43,"column":26},"end":{"line":43,"column":39}},"16":{"start":{"line":44,"column":25},"end":{"line":44,"column":37}},"17":{"start":{"line":45,"column":24},"end":{"line":45,"column":35}},"18":{"start":{"line":47,"column":4},"end":{"line":50,"column":6}},"19":{"start":{"line":48,"column":6},"end":{"line":48,"column":45}},"20":{"start":{"line":49,"column":6},"end":{"line":49,"column":41}},"21":{"start":{"line":52,"column":4},"end":{"line":55,"column":6}},"22":{"start":{"line":53,"column":6},"end":{"line":53,"column":44}},"23":{"start":{"line":54,"column":6},"end":{"line":54,"column":40}},"24":{"start":{"line":58,"column":4},"end":{"line":58,"column":30}},"25":{"start":{"line":63,"column":4},"end":{"line":84,"column":5}},"26":{"start":{"line":64,"column":6},"end":{"line":80,"column":7}},"27":{"start":{"line":65,"column":32},"end":{"line":65,"column":77}},"28":{"start":{"line":67,"column":8},"end":{"line":79,"column":11}},"29":{"start":{"line":68,"column":10},"end":{"line":74,"column":12}},"30":{"start":{"line":76,"column":10},"end":{"line":78,"column":11}},"31":{"start":{"line":77,"column":12},"end":{"line":77,"column":44}},"32":{"start":{"line":83,"column":6},"end":{"line":83,"column":86}},"33":{"start":{"line":88,"column":31},"end":{"line":96,"column":5}},"34":{"start":{"line":98,"column":4},"end":{"line":98,"column":32}},"35":{"start":{"line":101,"column":4},"end":{"line":103,"column":5}},"36":{"start":{"line":102,"column":6},"end":{"line":102,"column":47}},"37":{"start":{"line":106,"column":4},"end":{"line":108,"column":5}},"38":{"start":{"line":107,"column":6},"end":{"line":107,"column":34}},"39":{"start":{"line":111,"column":4},"end":{"line":111,"column":20}},"40":{"start":{"line":116,"column":19},"end":{"line":116,"column":41}},"41":{"start":{"line":117,"column":22},"end":{"line":117,"column":71}},"42":{"start":{"line":119,"column":4},"end":{"line":119,"column":64}},"43":{"start":{"line":120,"column":4},"end":{"line":120,"column":66}},"44":{"start":{"line":121,"column":4},"end":{"line":121,"column":48}},"45":{"start":{"line":122,"column":4},"end":{"line":124,"column":5}},"46":{"start":{"line":123,"column":6},"end":{"line":123,"column":60}},"47":{"start":{"line":125,"column":4},"end":{"line":125,"column":58}},"48":{"start":{"line":126,"column":4},"end":{"line":128,"column":5}},"49":{"start":{"line":127,"column":6},"end":{"line":127,"column":71}},"50":{"start":{"line":129,"column":4},"end":{"line":129,"column":48}},"51":{"start":{"line":130,"column":4},"end":{"line":130,"column":64}},"52":{"start":{"line":134,"column":4},"end":{"line":139,"column":5}},"53":{"start":{"line":135,"column":6},"end":{"line":135,"column":75}},"54":{"start":{"line":138,"column":6},"end":{"line":138,"column":56}},"55":{"start":{"line":143,"column":4},"end":{"line":143,"column":26}},"56":{"start":{"line":147,"column":4},"end":{"line":147,"column":19}},"57":{"start":{"line":148,"column":4},"end":{"line":153,"column":5}},"58":{"start":{"line":149,"column":6},"end":{"line":149,"column":51}},"59":{"start":{"line":150,"column":6},"end":{"line":150,"column":48}},"60":{"start":{"line":152,"column":6},"end":{"line":152,"column":66}},"61":{"start":{"line":157,"column":4},"end":{"line":157,"column":66}},"62":{"start":{"line":162,"column":46},"end":{"line":162,"column":50}},"63":{"start":{"line":165,"column":2},"end":{"line":167,"column":3}},"64":{"start":{"line":166,"column":4},"end":{"line":166,"column":44}},"65":{"start":{"line":168,"column":2},"end":{"line":168,"column":29}}},"fnMap":{"0":{"name":"(anonymous_0)","decl":{"start":{"line":20,"column":2},"end":{"line":20,"column":3}},"loc":{"start":{"line":20,"column":21},"end":{"line":40,"column":3}},"line":20},"1":{"name":"(anonymous_1)","decl":{"start":{"line":42,"column":2},"end":{"line":42,"column":3}},"loc":{"start":{"line":42,"column":34},"end":{"line":59,"column":3}},"line":42},"2":{"name":"(anonymous_2)","decl":{"start":{"line":47,"column":20},"end":{"line":47,"column":21}},"loc":{"start":{"line":47,"column":40},"end":{"line":50,"column":5}},"line":47},"3":{"name":"(anonymous_3)","decl":{"start":{"line":52,"column":19},"end":{"line":52,"column":20}},"loc":{"start":{"line":52,"column":39},"end":{"line":55,"column":5}},"line":52},"4":{"name":"(anonymous_4)","decl":{"start":{"line":61,"column":2},"end":{"line":61,"column":3}},"loc":{"start":{"line":61,"column":36},"end":{"line":85,"column":3}},"line":61},"5":{"name":"(anonymous_5)","decl":{"start":{"line":67,"column":52},"end":{"line":67,"column":53}},"loc":{"start":{"line":67,"column":89},"end":{"line":79,"column":9}},"line":67},"6":{"name":"(anonymous_6)","decl":{"start":{"line":87,"column":2},"end":{"line":87,"column":3}},"loc":{"start":{"line":87,"column":111},"end":{"line":112,"column":3}},"line":87},"7":{"name":"(anonymous_7)","decl":{"start":{"line":114,"column":2},"end":{"line":114,"column":3}},"loc":{"start":{"line":114,"column":43},"end":{"line":131,"column":3}},"line":114},"8":{"name":"(anonymous_8)","decl":{"start":{"line":133,"column":2},"end":{"line":133,"column":3}},"loc":{"start":{"line":133,"column":27},"end":{"line":140,"column":3}},"line":133},"9":{"name":"(anonymous_9)","decl":{"start":{"line":142,"column":2},"end":{"line":142,"column":3}},"loc":{"start":{"line":142,"column":24},"end":{"line":144,"column":3}},"line":142},"10":{"name":"(anonymous_10)","decl":{"start":{"line":146,"column":2},"end":{"line":146,"column":3}},"loc":{"start":{"line":146,"column":20},"end":{"line":154,"column":3}},"line":146},"11":{"name":"(anonymous_11)","decl":{"start":{"line":156,"column":2},"end":{"line":156,"column":3}},"loc":{"start":{"line":156,"column":45},"end":{"line":158,"column":3}},"line":156},"12":{"name":"getErrorLogger","decl":{"start":{"line":164,"column":16},"end":{"line":164,"column":30}},"loc":{"start":{"line":164,"column":46},"end":{"line":169,"column":1}},"line":164}},"branchMap":{"0":{"loc":{"start":{"line":21,"column":4},"end":{"line":21,"column":33}},"type":"if","locations":[{"start":{"line":21,"column":4},"end":{"line":21,"column":33}},{"start":{},"end":{}}],"line":21},"1":{"loc":{"start":{"line":25,"column":6},"end":{"line":27,"column":7}},"type":"if","locations":[{"start":{"line":25,"column":6},"end":{"line":27,"column":7}},{"start":{},"end":{}}],"line":25},"2":{"loc":{"start":{"line":64,"column":6},"end":{"line":80,"column":7}},"type":"if","locations":[{"start":{"line":64,"column":6},"end":{"line":80,"column":7}},{"start":{},"end":{}}],"line":64},"3":{"loc":{"start":{"line":64,"column":10},"end":{"line":64,"column":69}},"type":"binary-expr","locations":[{"start":{"line":64,"column":10},"end":{"line":64,"column":39}},{"start":{"line":64,"column":43},"end":{"line":64,"column":69}}],"line":64},"4":{"loc":{"start":{"line":70,"column":15},"end":{"line":70,"column":39}},"type":"cond-expr","locations":[{"start":{"line":70,"column":25},"end":{"line":70,"column":34}},{"start":{"line":70,"column":37},"end":{"line":70,"column":39}}],"line":70},"5":{"loc":{"start":{"line":70,"column":42},"end":{"line":70,"column":74}},"type":"binary-expr","locations":[{"start":{"line":70,"column":42},"end":{"line":70,"column":55}},{"start":{"line":70,"column":59},"end":{"line":70,"column":74}}],"line":70},"6":{"loc":{"start":{"line":76,"column":10},"end":{"line":78,"column":11}},"type":"if","locations":[{"start":{"line":76,"column":10},"end":{"line":78,"column":11}},{"start":{},"end":{}}],"line":76},"7":{"loc":{"start":{"line":101,"column":4},"end":{"line":103,"column":5}},"type":"if","locations":[{"start":{"line":101,"column":4},"end":{"line":103,"column":5}},{"start":{},"end":{}}],"line":101},"8":{"loc":{"start":{"line":106,"column":4},"end":{"line":108,"column":5}},"type":"if","locations":[{"start":{"line":106,"column":4},"end":{"line":108,"column":5}},{"start":{},"end":{}}],"line":106},"9":{"loc":{"start":{"line":122,"column":4},"end":{"line":124,"column":5}},"type":"if","locations":[{"start":{"line":122,"column":4},"end":{"line":124,"column":5}},{"start":{},"end":{}}],"line":122},"10":{"loc":{"start":{"line":126,"column":4},"end":{"line":128,"column":5}},"type":"if","locations":[{"start":{"line":126,"column":4},"end":{"line":128,"column":5}},{"start":{},"end":{}}],"line":126},"11":{"loc":{"start":{"line":165,"column":2},"end":{"line":167,"column":3}},"type":"if","locations":[{"start":{"line":165,"column":2},"end":{"line":167,"column":3}},{"start":{},"end":{}}],"line":165}},"s":{"0":0,"1":0,"2":0,"3":0,"4":0,"5":0,"6":0,"7":0,"8":0,"9":0,"10":0,"11":0,"12":0,"13":0,"14":0,"15":0,"16":0,"17":0,"18":0,"19":0,"20":0,"21":0,"22":0,"23":0,"24":0,"25":0,"26":0,"27":0,"28":0,"29":0,"30":0,"31":0,"32":0,"33":0,"34":0,"35":0,"36":0,"37":0,"38":0,"39":0,"40":0,"41":0,"42":0,"43":0,"44":0,"45":0,"46":0,"47":0,"48":0,"49":0,"50":0,"51":0,"52":0,"53":0,"54":0,"55":0,"56":0,"57":0,"58":0,"59":0,"60":0,"61":0,"62":0,"63":0,"64":0,"65":0},"f":{"0":0,"1":0,"2":0,"3":0,"4":0,"5":0,"6":0,"7":0,"8":0,"9":0,"10":0,"11":0,"12":0},"b":{"0":[0,0],"1":[0,0],"2":[0,0],"3":[0,0],"4":[0,0],"5":[0,0],"6":[0,0],"7":[0,0],"8":[0,0],"9":[0,0],"10":[0,0],"11":[0,0]}}
}
