TN:
SF:src\components\ActionButtons.tsx
FN:17,(anonymous_0)
FN:27,(anonymous_1)
FN:32,(anonymous_2)
FN:37,(anonymous_3)
FN:42,(anonymous_4)
FN:47,(anonymous_5)
FNF:6
FNH:0
FNDA:0,(anonymous_0)
FNDA:0,(anonymous_1)
FNDA:0,(anonymous_2)
FNDA:0,(anonymous_3)
FNDA:0,(anonymous_4)
FNDA:0,(anonymous_5)
DA:17,0
DA:27,0
DA:28,0
DA:29,0
DA:32,0
DA:33,0
DA:34,0
DA:37,0
DA:38,0
DA:39,0
DA:42,0
DA:43,0
DA:44,0
DA:47,0
DA:48,0
DA:49,0
DA:52,0
DA:122,0
LF:18
LH:0
BRDA:81,0,0,0
BRDA:81,0,1,0
BRDA:87,1,0,0
BRDA:87,1,1,0
BRDA:88,2,0,0
BRDA:88,2,1,0
BRDA:97,3,0,0
BRDA:97,3,1,0
BRDA:103,4,0,0
BRDA:103,4,1,0
BRDA:104,5,0,0
BRDA:104,5,1,0
BRF:12
BRH:0
end_of_record
TN:
SF:src\components\CategoryCard.tsx
FN:12,(anonymous_0)
FNF:1
FNH:0
FNDA:0,(anonymous_0)
DA:12,0
DA:18,0
DA:20,0
DA:48,0
LF:4
LH:0
BRDA:18,0,0,0
BRDA:18,0,1,0
BRF:2
BRH:0
end_of_record
TN:
SF:src\components\ComponentBadge.tsx
FN:12,(anonymous_0)
FNF:1
FNH:0
FNDA:0,(anonymous_0)
DA:12,0
DA:19,0
DA:37,0
DA:58,0
DA:59,0
DA:61,0
DA:99,0
LF:7
LH:0
BRDA:16,0,0,0
BRF:1
BRH:0
end_of_record
TN:
SF:src\components\ErrorBoundary.tsx
FN:17,(anonymous_0)
FN:22,(anonymous_1)
FN:26,(anonymous_2)
FN:46,(anonymous_3)
FN:50,(anonymous_4)
FNF:5
FNH:0
FNDA:0,(anonymous_0)
FNDA:0,(anonymous_1)
FNDA:0,(anonymous_2)
FNDA:0,(anonymous_3)
FNDA:0,(anonymous_4)
DA:18,0
DA:19,0
DA:23,0
DA:27,0
DA:30,0
DA:31,0
DA:32,0
DA:40,0
DA:43,0
DA:46,0
DA:47,0
DA:51,0
DA:52,0
DA:86,0
DA:90,0
LF:15
LH:0
BRDA:34,0,0,0
BRDA:34,0,1,0
BRDA:36,1,0,0
BRDA:36,1,1,0
BRDA:51,2,0,0
BRDA:51,2,1,0
BRDA:57,3,0,0
BRDA:57,3,1,0
BRDA:59,4,0,0
BRDA:59,4,1,0
BRDA:67,5,0,0
BRDA:67,5,1,0
BRF:12
BRH:0
end_of_record
TN:
SF:src\components\ErrorToast.tsx
FN:21,(anonymous_0)
FN:27,(anonymous_1)
FN:30,(anonymous_2)
FN:34,(anonymous_3)
FN:46,(anonymous_4)
FN:50,(anonymous_5)
FN:60,(anonymous_6)
FN:65,(anonymous_7)
FN:70,(anonymous_8)
FN:75,(anonymous_9)
FNF:10
FNH:0
FNDA:0,(anonymous_0)
FNDA:0,(anonymous_1)
FNDA:0,(anonymous_2)
FNDA:0,(anonymous_3)
FNDA:0,(anonymous_4)
FNDA:0,(anonymous_5)
FNDA:0,(anonymous_6)
FNDA:0,(anonymous_7)
FNDA:0,(anonymous_8)
FNDA:0,(anonymous_9)
DA:14,0
DA:15,0
DA:21,0
DA:22,0
DA:23,0
DA:24,0
DA:25,0
DA:27,0
DA:29,0
DA:30,0
DA:31,0
DA:32,0
DA:33,0
DA:34,0
DA:36,0
DA:37,0
DA:38,0
DA:39,0
DA:46,0
DA:50,0
DA:51,0
DA:52,0
DA:60,0
DA:61,0
DA:65,0
DA:66,0
DA:71,0
DA:75,0
DA:76,0
DA:77,0
DA:80,0
DA:81,0
DA:84,0
DA:122,0
LF:34
LH:0
BRDA:29,0,0,0
BRDA:29,0,1,0
BRDA:36,1,0,0
BRDA:36,1,1,0
BRDA:36,2,0,0
BRDA:36,2,1,0
BRDA:80,3,0,0
BRDA:80,3,1,0
BRDA:80,4,0,0
BRDA:80,4,1,0
BRF:10
BRH:0
end_of_record
TN:
SF:src\components\FilterChip.tsx
FN:11,(anonymous_0)
FNF:1
FNH:0
FNDA:0,(anonymous_0)
DA:11,0
DA:12,0
DA:25,0
LF:3
LH:0
BRDA:14,0,0,0
BRDA:14,0,1,0
BRDA:18,1,0,0
BRDA:18,1,1,0
BRF:4
BRH:0
end_of_record
TN:
SF:src\components\MasteryChart.tsx
FN:12,(anonymous_0)
FN:20,(anonymous_1)
FN:37,(anonymous_2)
FN:59,(anonymous_3)
FNF:4
FNH:0
FNDA:0,(anonymous_0)
FNDA:0,(anonymous_1)
FNDA:0,(anonymous_2)
FNDA:0,(anonymous_3)
DA:12,0
DA:18,0
DA:20,0
DA:21,0
DA:24,0
DA:31,0
DA:38,0
DA:60,0
DA:71,0
LF:9
LH:0
BRDA:21,0,0,0
BRDA:21,0,1,0
BRDA:38,1,0,0
BRDA:38,1,1,0
BRDA:46,2,0,0
BRDA:46,2,1,0
BRDA:47,3,0,0
BRDA:47,3,1,0
BRDA:48,4,0,0
BRDA:48,4,1,0
BRDA:49,5,0,0
BRDA:49,5,1,0
BRF:12
BRH:0
end_of_record
TN:
SF:src\components\MedicalTermCard.tsx
FN:23,(anonymous_0)
FN:38,(anonymous_1)
FN:51,(anonymous_2)
FN:56,(anonymous_3)
FN:61,(anonymous_4)
FN:66,(anonymous_5)
FN:148,(anonymous_6)
FN:165,(anonymous_7)
FN:166,(anonymous_8)
FN:182,(anonymous_9)
FN:183,(anonymous_10)
FN:199,(anonymous_11)
FN:200,(anonymous_12)
FN:221,(anonymous_13)
FN:222,(anonymous_14)
FNF:15
FNH:7
FNDA:48,(anonymous_0)
FNDA:48,(anonymous_1)
FNDA:2,(anonymous_2)
FNDA:2,(anonymous_3)
FNDA:2,(anonymous_4)
FNDA:2,(anonymous_5)
FNDA:9,(anonymous_6)
FNDA:0,(anonymous_7)
FNDA:0,(anonymous_8)
FNDA:0,(anonymous_9)
FNDA:0,(anonymous_10)
FNDA:0,(anonymous_11)
FNDA:0,(anonymous_12)
FNDA:0,(anonymous_13)
FNDA:0,(anonymous_14)
DA:23,1
DA:34,48
DA:35,48
DA:38,48
DA:39,48
DA:40,48
DA:41,47
DA:42,1
DA:43,1
DA:44,1
DA:45,0
DA:48,48
DA:51,48
DA:52,2
DA:53,2
DA:56,48
DA:57,2
DA:58,2
DA:61,48
DA:62,2
DA:63,2
DA:66,48
DA:67,2
DA:68,2
DA:71,48
DA:148,9
DA:165,0
DA:166,0
DA:182,0
DA:183,0
DA:199,0
DA:200,0
DA:221,0
DA:222,0
DA:238,1
LF:35
LH:26
BRDA:30,0,0,43
BRDA:31,1,0,45
BRDA:32,2,0,47
BRDA:40,3,0,1
BRDA:40,3,1,47
BRDA:41,4,0,46
BRDA:41,4,1,1
BRDA:42,5,0,0
BRDA:42,5,1,1
BRDA:43,6,0,0
BRDA:43,6,1,1
BRDA:44,7,0,1
BRDA:44,7,1,0
BRDA:107,8,0,48
BRDA:107,8,1,8
BRDA:109,9,0,8
BRDA:109,9,1,8
BRDA:113,10,0,8
BRDA:113,10,1,7
BRDA:129,11,0,8
BRDA:129,11,1,7
BRDA:136,12,0,8
BRDA:136,12,1,7
BRDA:153,13,0,8
BRDA:153,13,1,40
BRDA:158,14,0,48
BRDA:158,14,1,46
BRDA:203,15,0,3
BRDA:203,15,1,43
BRDA:209,16,0,3
BRDA:209,16,1,43
BRF:31
BRH:28
end_of_record
TN:
SF:src\components\PrimaryButton.tsx
FN:12,(anonymous_0)
FNF:1
FNH:0
FNDA:0,(anonymous_0)
DA:12,0
DA:18,0
DA:34,0
LF:3
LH:0
BRDA:15,0,0,0
BRDA:16,1,0,0
BRDA:20,2,0,0
BRDA:20,2,1,0
BRDA:22,3,0,0
BRDA:22,3,1,0
BRDA:25,4,0,0
BRDA:25,4,1,0
BRF:8
BRH:0
end_of_record
TN:
SF:src\components\ProgressIndicator.tsx
FN:10,(anonymous_0)
FNF:1
FNH:1
FNDA:44,(anonymous_0)
DA:10,1
DA:11,44
DA:13,44
DA:25,1
LF:4
LH:4
BRF:0
BRH:0
end_of_record
TN:
SF:src\components\SearchBar.tsx
FN:12,(anonymous_0)
FNF:1
FNH:1
FNDA:35,(anonymous_0)
DA:12,1
DA:17,35
DA:33,1
LF:3
LH:3
BRDA:15,0,0,31
BRF:1
BRH:1
end_of_record
TN:
SF:src\components\StartupLoader.tsx
FN:16,(anonymous_0)
FN:27,(anonymous_1)
FN:29,(anonymous_2)
FN:36,(anonymous_3)
FN:38,(anonymous_4)
FN:45,(anonymous_5)
FN:48,(anonymous_6)
FN:49,(anonymous_7)
FN:56,(anonymous_8)
FN:63,(anonymous_9)
FN:81,(anonymous_10)
FN:104,(anonymous_11)
FN:135,(anonymous_12)
FN:177,(anonymous_13)
FN:187,(anonymous_14)
FN:218,(anonymous_15)
FNF:16
FNH:0
FNDA:0,(anonymous_0)
FNDA:0,(anonymous_1)
FNDA:0,(anonymous_2)
FNDA:0,(anonymous_3)
FNDA:0,(anonymous_4)
FNDA:0,(anonymous_5)
FNDA:0,(anonymous_6)
FNDA:0,(anonymous_7)
FNDA:0,(anonymous_8)
FNDA:0,(anonymous_9)
FNDA:0,(anonymous_10)
FNDA:0,(anonymous_11)
FNDA:0,(anonymous_12)
FNDA:0,(anonymous_13)
FNDA:0,(anonymous_14)
FNDA:0,(anonymous_15)
DA:16,0
DA:17,0
DA:23,0
DA:24,0
DA:25,0
DA:27,0
DA:29,0
DA:30,0
DA:31,0
DA:32,0
DA:33,0
DA:36,0
DA:37,0
DA:39,0
DA:40,0
DA:41,0
DA:42,0
DA:45,0
DA:48,0
DA:49,0
DA:50,0
DA:51,0
DA:52,0
DA:56,0
DA:57,0
DA:59,0
DA:61,0
DA:62,0
DA:63,0
DA:65,0
DA:67,0
DA:68,0
DA:69,0
DA:70,0
DA:71,0
DA:73,0
DA:74,0
DA:75,0
DA:79,0
DA:80,0
DA:81,0
DA:83,0
DA:85,0
DA:86,0
DA:88,0
DA:89,0
DA:91,0
DA:93,0
DA:94,0
DA:95,0
DA:97,0
DA:98,0
DA:102,0
DA:103,0
DA:104,0
DA:106,0
DA:107,0
DA:110,0
DA:111,0
DA:112,0
DA:113,0
DA:115,0
DA:116,0
DA:119,0
DA:120,0
DA:122,0
DA:124,0
DA:125,0
DA:126,0
DA:128,0
DA:129,0
DA:133,0
DA:134,0
DA:135,0
DA:137,0
DA:139,0
DA:140,0
DA:142,0
DA:143,0
DA:145,0
DA:147,0
DA:148,0
DA:149,0
DA:151,0
DA:152,0
DA:156,0
DA:157,0
DA:159,0
DA:160,0
DA:163,0
DA:166,0
DA:167,0
DA:169,0
DA:170,0
DA:173,0
DA:177,0
DA:178,0
DA:181,0
DA:188,0
DA:218,0
DA:229,0
LF:101
LH:0
BRDA:88,0,0,0
BRDA:88,0,1,0
BRDA:94,1,0,0
BRDA:94,1,1,0
BRDA:115,2,0,0
BRDA:115,2,1,0
BRDA:119,3,0,0
BRDA:119,3,1,0
BRDA:125,4,0,0
BRDA:125,4,1,0
BRDA:142,5,0,0
BRDA:142,5,1,0
BRDA:148,6,0,0
BRDA:148,6,1,0
BRDA:156,7,0,0
BRDA:156,7,1,0
BRDA:166,8,0,0
BRDA:166,8,1,0
BRDA:177,9,0,0
BRDA:177,9,1,0
BRDA:177,10,0,0
BRDA:177,10,1,0
BRDA:177,10,2,0
BRDA:190,11,0,0
BRDA:190,11,1,0
BRDA:193,12,0,0
BRDA:193,12,1,0
BRDA:196,13,0,0
BRDA:196,13,1,0
BRDA:199,14,0,0
BRDA:199,14,1,0
BRDA:206,15,0,0
BRDA:206,15,1,0
BRDA:210,16,0,0
BRDA:210,16,1,0
BRDA:218,17,0,0
BRDA:218,17,1,0
BRF:37
BRH:0
end_of_record
TN:
SF:src\components\StatCard.tsx
FN:14,(anonymous_0)
FNF:1
FNH:1
FNDA:9,(anonymous_0)
DA:14,1
DA:21,9
DA:31,1
LF:3
LH:3
BRDA:26,0,0,9
BRDA:26,0,1,3
BRF:2
BRH:2
end_of_record
TN:
SF:src\components\StreakCalendar.tsx
FN:11,(anonymous_0)
FN:22,(anonymous_1)
FNF:2
FNH:2
FNDA:29,(anonymous_0)
FNDA:203,(anonymous_1)
DA:11,1
DA:12,29
DA:14,29
DA:23,203
DA:42,1
LF:5
LH:5
BRDA:28,0,0,203
BRDA:28,0,1,73
BRDA:31,1,0,203
BRDA:31,1,1,73
BRF:4
BRH:4
end_of_record
TN:
SF:src\components\StudyHeatmap.tsx
FN:9,(anonymous_0)
FN:11,(anonymous_1)
FN:52,(anonymous_2)
FN:59,(anonymous_3)
FN:61,(anonymous_4)
FNF:5
FNH:0
FNDA:0,(anonymous_0)
FNDA:0,(anonymous_1)
FNDA:0,(anonymous_2)
FNDA:0,(anonymous_3)
FNDA:0,(anonymous_4)
DA:9,0
DA:11,0
DA:12,0
DA:13,0
DA:16,0
DA:17,0
DA:19,0
DA:21,0
DA:22,0
DA:23,0
DA:25,0
DA:26,0
DA:28,0
DA:31,0
DA:32,0
DA:33,0
DA:37,0
DA:40,0
DA:41,0
DA:43,0
DA:53,0
DA:60,0
DA:62,0
DA:88,0
LF:24
LH:0
BRDA:31,0,0,0
BRDA:31,0,1,0
BRDA:31,1,0,0
BRDA:31,1,1,0
BRDA:66,2,0,0
BRDA:66,2,1,0
BRF:6
BRH:0
end_of_record
TN:
SF:src\components\SuccessToast.tsx
FN:13,(anonymous_0)
FN:21,(anonymous_1)
FN:31,(anonymous_2)
FN:36,(anonymous_3)
FN:41,(anonymous_4)
FNF:5
FNH:0
FNDA:0,(anonymous_0)
FNDA:0,(anonymous_1)
FNDA:0,(anonymous_2)
FNDA:0,(anonymous_3)
FNDA:0,(anonymous_4)
DA:13,0
DA:19,0
DA:21,0
DA:22,0
DA:24,0
DA:31,0
DA:32,0
DA:37,0
DA:41,0
DA:45,0
DA:47,0
DA:59,0
LF:12
LH:0
BRDA:16,0,0,0
BRDA:22,1,0,0
BRDA:22,1,1,0
BRDA:45,2,0,0
BRDA:45,2,1,0
BRF:5
BRH:0
end_of_record
TN:
SF:src\components\SwipeableCard.tsx
FN:14,(anonymous_0)
FN:24,(anonymous_1)
FN:25,(anonymous_2)
FN:30,(anonymous_3)
FN:34,(anonymous_4)
FN:65,(anonymous_5)
FN:90,(anonymous_6)
FNF:7
FNH:3
FNDA:22,(anonymous_0)
FNDA:72,(anonymous_1)
FNDA:72,(anonymous_2)
FNDA:0,(anonymous_3)
FNDA:0,(anonymous_4)
FNDA:0,(anonymous_5)
FNDA:0,(anonymous_6)
DA:5,1
DA:6,1
DA:14,1
DA:19,22
DA:20,22
DA:22,22
DA:24,72
DA:27,72
DA:28,72
DA:32,0
DA:36,0
DA:44,0
DA:46,0
DA:48,0
DA:49,0
DA:52,0
DA:66,0
DA:67,0
DA:69,0
DA:71,0
DA:73,0
DA:74,0
DA:77,0
DA:91,0
DA:92,0
DA:96,0
DA:97,0
DA:108,22
DA:126,1
LF:29
LH:11
BRDA:27,0,0,72
BRDA:27,0,1,0
BRDA:44,1,0,0
BRDA:44,1,1,0
BRDA:44,2,0,0
BRDA:44,2,1,0
BRDA:69,3,0,0
BRDA:69,3,1,0
BRDA:69,4,0,0
BRDA:69,4,1,0
BRF:10
BRH:1
end_of_record
TN:
SF:src\components\TermBreakdown.tsx
FN:14,(anonymous_0)
FN:34,(anonymous_1)
FN:57,(anonymous_2)
FN:73,(anonymous_3)
FNF:4
FNH:0
FNDA:0,(anonymous_0)
FNDA:0,(anonymous_1)
FNDA:0,(anonymous_2)
FNDA:0,(anonymous_3)
DA:14,0
DA:19,0
DA:20,0
DA:23,0
DA:25,0
DA:26,0
DA:29,0
DA:30,0
DA:35,0
DA:53,0
DA:58,0
DA:73,0
DA:80,0
LF:13
LH:0
BRDA:16,0,0,0
BRDA:17,1,0,0
BRDA:19,2,0,0
BRDA:19,2,1,0
BRDA:25,3,0,0
BRDA:25,3,1,0
BRDA:29,4,0,0
BRDA:29,4,1,0
BRDA:32,5,0,0
BRDA:32,5,1,0
BRDA:42,6,0,0
BRDA:42,6,1,0
BRDA:55,7,0,0
BRDA:55,7,1,0
BRDA:65,8,0,0
BRDA:65,8,1,0
BRF:16
BRH:0
end_of_record
TN:
SF:src\components\Tooltip.tsx
FN:10,(anonymous_0)
FN:14,(anonymous_1)
FNF:2
FNH:0
FNDA:0,(anonymous_0)
FNDA:0,(anonymous_1)
DA:10,0
DA:11,0
DA:12,0
DA:14,0
DA:15,0
DA:17,0
DA:32,0
DA:47,0
DA:48,0
DA:51,0
DA:67,0
LF:11
LH:0
BRDA:15,0,0,0
BRDA:15,0,1,0
BRDA:47,1,0,0
BRDA:47,1,1,0
BRF:4
BRH:0
end_of_record
TN:
SF:src\constants\app.ts
FN:52,(anonymous_0)
FN:53,(anonymous_1)
FNF:2
FNH:0
FNDA:0,(anonymous_0)
FNDA:0,(anonymous_1)
DA:6,0
DA:52,0
DA:53,0
DA:54,0
LF:4
LH:0
BRF:0
BRH:0
end_of_record
TN:
SF:src\screens\DebugScreen.tsx
FN:28,(anonymous_0)
FN:36,(anonymous_1)
FN:37,(anonymous_2)
FN:38,(anonymous_3)
FN:39,(anonymous_4)
FN:40,(anonymous_5)
FN:42,(anonymous_6)
FN:46,(anonymous_7)
FN:66,(anonymous_8)
FN:75,(anonymous_9)
FN:89,(anonymous_10)
FN:98,(anonymous_11)
FN:112,(anonymous_12)
FN:126,(anonymous_13)
FN:146,(anonymous_14)
FN:152,(anonymous_15)
FN:154,(anonymous_16)
FN:172,(anonymous_17)
FN:185,(anonymous_18)
FN:303,(anonymous_19)
FN:316,(anonymous_20)
FN:346,(anonymous_21)
FN:349,(anonymous_22)
FN:377,(anonymous_23)
FN:402,(anonymous_24)
FN:410,(anonymous_25)
FN:443,(anonymous_26)
FN:459,(anonymous_27)
FN:463,(anonymous_28)
FN:474,(anonymous_29)
FN:509,(anonymous_30)
FN:530,(anonymous_31)
FN:544,(anonymous_32)
FN:558,(anonymous_33)
FN:572,(anonymous_34)
FNF:35
FNH:0
FNDA:0,(anonymous_0)
FNDA:0,(anonymous_1)
FNDA:0,(anonymous_2)
FNDA:0,(anonymous_3)
FNDA:0,(anonymous_4)
FNDA:0,(anonymous_5)
FNDA:0,(anonymous_6)
FNDA:0,(anonymous_7)
FNDA:0,(anonymous_8)
FNDA:0,(anonymous_9)
FNDA:0,(anonymous_10)
FNDA:0,(anonymous_11)
FNDA:0,(anonymous_12)
FNDA:0,(anonymous_13)
FNDA:0,(anonymous_14)
FNDA:0,(anonymous_15)
FNDA:0,(anonymous_16)
FNDA:0,(anonymous_17)
FNDA:0,(anonymous_18)
FNDA:0,(anonymous_19)
FNDA:0,(anonymous_20)
FNDA:0,(anonymous_21)
FNDA:0,(anonymous_22)
FNDA:0,(anonymous_23)
FNDA:0,(anonymous_24)
FNDA:0,(anonymous_25)
FNDA:0,(anonymous_26)
FNDA:0,(anonymous_27)
FNDA:0,(anonymous_28)
FNDA:0,(anonymous_29)
FNDA:0,(anonymous_30)
FNDA:0,(anonymous_31)
FNDA:0,(anonymous_32)
FNDA:0,(anonymous_33)
FNDA:0,(anonymous_34)
DA:28,0
DA:29,0
DA:30,0
DA:31,0
DA:32,0
DA:33,0
DA:34,0
DA:36,0
DA:37,0
DA:38,0
DA:39,0
DA:40,0
DA:42,0
DA:43,0
DA:46,0
DA:48,0
DA:49,0
DA:50,0
DA:51,0
DA:53,0
DA:54,0
DA:58,0
DA:59,0
DA:60,0
DA:62,0
DA:66,0
DA:67,0
DA:76,0
DA:77,0
DA:78,0
DA:79,0
DA:81,0
DA:89,0
DA:90,0
DA:99,0
DA:100,0
DA:101,0
DA:102,0
DA:104,0
DA:112,0
DA:113,0
DA:114,0
DA:115,0
DA:122,0
DA:126,0
DA:127,0
DA:128,0
DA:142,0
DA:143,0
DA:146,0
DA:148,0
DA:152,0
DA:153,0
DA:154,0
DA:155,0
DA:165,0
DA:166,0
DA:168,0
DA:172,0
DA:173,0
DA:174,0
DA:175,0
DA:176,0
DA:177,0
DA:179,0
DA:180,0
DA:181,0
DA:182,0
DA:185,0
DA:186,0
DA:187,0
DA:189,0
DA:191,0
DA:192,0
DA:202,0
DA:203,0
DA:212,0
DA:213,0
DA:214,0
DA:223,0
DA:224,0
DA:225,0
DA:226,0
DA:234,0
DA:242,0
DA:243,0
DA:252,0
DA:253,0
DA:262,0
DA:263,0
DA:264,0
DA:265,0
DA:266,0
DA:274,0
DA:282,0
DA:283,0
DA:292,0
DA:299,0
DA:300,0
DA:303,0
DA:304,0
DA:305,0
DA:306,0
DA:307,0
DA:312,0
DA:316,0
DA:317,0
DA:346,0
DA:350,0
DA:377,0
DA:378,0
DA:403,0
DA:410,0
DA:443,0
DA:444,0
DA:460,0
DA:463,0
DA:474,0
DA:475,0
DA:510,0
DA:520,0
DA:530,0
DA:544,0
DA:558,0
DA:572,0
DA:593,0
LF:126
LH:0
BRDA:117,0,0,0
BRDA:117,0,1,0
BRDA:132,1,0,0
BRDA:132,1,1,0
BRDA:137,2,0,0
BRDA:137,2,1,0
BRDA:138,3,0,0
BRDA:138,3,1,0
BRDA:159,4,0,0
BRDA:159,4,1,0
BRDA:161,5,0,0
BRDA:161,5,1,0
BRDA:179,6,0,0
BRDA:179,6,1,0
BRDA:180,7,0,0
BRDA:180,7,1,0
BRDA:181,8,0,0
BRDA:181,8,1,0
BRDA:195,9,0,0
BRDA:195,9,1,0
BRDA:206,10,0,0
BRDA:206,10,1,0
BRDA:217,11,0,0
BRDA:217,11,1,0
BRDA:229,12,0,0
BRDA:229,12,1,0
BRDA:246,13,0,0
BRDA:246,13,1,0
BRDA:252,14,0,0
BRDA:252,14,1,0
BRDA:256,15,0,0
BRDA:256,15,1,0
BRDA:269,16,0,0
BRDA:269,16,1,0
BRDA:286,17,0,0
BRDA:286,17,1,0
BRDA:325,18,0,0
BRDA:325,18,1,0
BRDA:334,19,0,0
BRDA:334,19,1,0
BRDA:354,20,0,0
BRDA:354,20,1,0
BRDA:358,21,0,0
BRDA:358,21,1,0
BRDA:366,22,0,0
BRDA:366,22,1,0
BRDA:381,23,0,0
BRDA:381,23,1,0
BRDA:395,24,0,0
BRDA:395,24,1,0
BRDA:407,25,0,0
BRDA:407,25,1,0
BRDA:408,26,0,0
BRDA:408,26,1,0
BRDA:419,27,0,0
BRDA:419,27,1,0
BRDA:427,28,0,0
BRDA:427,28,1,0
BRDA:430,29,0,0
BRDA:430,29,1,0
BRDA:456,30,0,0
BRDA:456,30,1,0
BRDA:529,31,0,0
BRDA:529,31,1,0
BRDA:535,32,0,0
BRDA:535,32,1,0
BRDA:543,33,0,0
BRDA:543,33,1,0
BRDA:549,34,0,0
BRDA:549,34,1,0
BRDA:557,35,0,0
BRDA:557,35,1,0
BRDA:563,36,0,0
BRDA:563,36,1,0
BRDA:571,37,0,0
BRDA:571,37,1,0
BRDA:577,38,0,0
BRDA:577,38,1,0
BRDA:585,39,0,0
BRDA:585,39,1,0
BRDA:586,40,0,0
BRDA:586,40,1,0
BRDA:587,41,0,0
BRDA:587,41,1,0
BRDA:588,42,0,0
BRDA:588,42,1,0
BRF:86
BRH:0
end_of_record
TN:
SF:src\screens\HomeScreen.tsx
FN:20,(anonymous_0)
FN:21,(anonymous_1)
FN:22,(anonymous_2)
FN:23,(anonymous_3)
FN:24,(anonymous_4)
FN:25,(anonymous_5)
FN:26,(anonymous_6)
FN:27,(anonymous_7)
FN:33,(anonymous_8)
FN:35,(anonymous_9)
FN:37,(anonymous_10)
FN:45,(anonymous_11)
FN:47,(anonymous_12)
FN:48,(anonymous_13)
FN:57,(anonymous_14)
FN:59,(anonymous_15)
FN:68,(anonymous_16)
FN:75,(anonymous_17)
FN:129,(anonymous_18)
FN:138,(anonymous_19)
FN:147,(anonymous_20)
FN:156,(anonymous_21)
FN:172,(anonymous_22)
FN:173,(anonymous_23)
FN:174,(anonymous_24)
FN:175,(anonymous_25)
FN:187,(anonymous_26)
FN:191,(anonymous_27)
FN:206,(anonymous_28)
FN:210,(anonymous_29)
FN:231,(anonymous_30)
FNF:31
FNH:0
FNDA:0,(anonymous_0)
FNDA:0,(anonymous_1)
FNDA:0,(anonymous_2)
FNDA:0,(anonymous_3)
FNDA:0,(anonymous_4)
FNDA:0,(anonymous_5)
FNDA:0,(anonymous_6)
FNDA:0,(anonymous_7)
FNDA:0,(anonymous_8)
FNDA:0,(anonymous_9)
FNDA:0,(anonymous_10)
FNDA:0,(anonymous_11)
FNDA:0,(anonymous_12)
FNDA:0,(anonymous_13)
FNDA:0,(anonymous_14)
FNDA:0,(anonymous_15)
FNDA:0,(anonymous_16)
FNDA:0,(anonymous_17)
FNDA:0,(anonymous_18)
FNDA:0,(anonymous_19)
FNDA:0,(anonymous_20)
FNDA:0,(anonymous_21)
FNDA:0,(anonymous_22)
FNDA:0,(anonymous_23)
FNDA:0,(anonymous_24)
FNDA:0,(anonymous_25)
FNDA:0,(anonymous_26)
FNDA:0,(anonymous_27)
FNDA:0,(anonymous_28)
FNDA:0,(anonymous_29)
FNDA:0,(anonymous_30)
DA:20,0
DA:21,0
DA:22,0
DA:23,0
DA:24,0
DA:25,0
DA:26,0
DA:27,0
DA:29,0
DA:30,0
DA:33,0
DA:34,0
DA:35,0
DA:36,0
DA:37,0
DA:41,0
DA:45,0
DA:46,0
DA:47,0
DA:49,0
DA:50,0
DA:51,0
DA:57,0
DA:58,0
DA:60,0
DA:61,0
DA:62,0
DA:63,0
DA:68,0
DA:69,0
DA:70,0
DA:75,0
DA:76,0
DA:77,0
DA:78,0
DA:79,0
DA:82,0
DA:129,0
DA:138,0
DA:147,0
DA:156,0
DA:174,0
DA:188,0
DA:191,0
DA:207,0
DA:210,0
DA:231,0
DA:240,0
LF:48
LH:0
BRDA:30,0,0,0
BRDA:30,0,1,0
BRDA:37,1,0,0
BRDA:37,1,1,0
BRDA:61,2,0,0
BRDA:61,2,1,0
BRDA:61,3,0,0
BRDA:61,3,1,0
BRDA:63,4,0,0
BRDA:63,4,1,0
BRDA:69,5,0,0
BRDA:69,5,1,0
BRDA:69,6,0,0
BRDA:69,6,1,0
BRDA:77,7,0,0
BRDA:77,7,1,0
BRDA:78,8,0,0
BRDA:78,8,1,0
BRDA:112,9,0,0
BRDA:112,9,1,0
BRDA:168,10,0,0
BRDA:168,10,1,0
BRDA:183,11,0,0
BRDA:183,11,1,0
BRDA:190,12,0,0
BRDA:190,12,1,0
BRDA:203,13,0,0
BRDA:203,13,1,0
BRF:28
BRH:0
end_of_record
TN:
SF:src\screens\LearnScreen.tsx
FN:21,(anonymous_0)
FN:22,(anonymous_1)
FN:23,(anonymous_2)
FN:24,(anonymous_3)
FN:25,(anonymous_4)
FN:26,(anonymous_5)
FN:27,(anonymous_6)
FN:41,(anonymous_7)
FN:50,(anonymous_8)
FN:60,(anonymous_9)
FN:70,(anonymous_10)
FN:77,(anonymous_11)
FN:87,(anonymous_12)
FN:134,(anonymous_13)
FN:139,(anonymous_14)
FN:149,(anonymous_15)
FN:154,(anonymous_16)
FN:164,(anonymous_17)
FN:166,(anonymous_18)
FN:170,(anonymous_19)
FN:172,(anonymous_20)
FN:176,(anonymous_21)
FN:178,(anonymous_22)
FN:185,(anonymous_23)
FN:197,(anonymous_24)
FN:214,(anonymous_25)
FN:245,(anonymous_26)
FN:317,(anonymous_27)
FNF:28
FNH:0
FNDA:0,(anonymous_0)
FNDA:0,(anonymous_1)
FNDA:0,(anonymous_2)
FNDA:0,(anonymous_3)
FNDA:0,(anonymous_4)
FNDA:0,(anonymous_5)
FNDA:0,(anonymous_6)
FNDA:0,(anonymous_7)
FNDA:0,(anonymous_8)
FNDA:0,(anonymous_9)
FNDA:0,(anonymous_10)
FNDA:0,(anonymous_11)
FNDA:0,(anonymous_12)
FNDA:0,(anonymous_13)
FNDA:0,(anonymous_14)
FNDA:0,(anonymous_15)
FNDA:0,(anonymous_16)
FNDA:0,(anonymous_17)
FNDA:0,(anonymous_18)
FNDA:0,(anonymous_19)
FNDA:0,(anonymous_20)
FNDA:0,(anonymous_21)
FNDA:0,(anonymous_22)
FNDA:0,(anonymous_23)
FNDA:0,(anonymous_24)
FNDA:0,(anonymous_25)
FNDA:0,(anonymous_26)
FNDA:0,(anonymous_27)
DA:21,0
DA:22,0
DA:23,0
DA:24,0
DA:25,0
DA:26,0
DA:27,0
DA:29,0
DA:30,0
DA:31,0
DA:32,0
DA:35,0
DA:38,0
DA:41,0
DA:42,0
DA:43,0
DA:46,0
DA:47,0
DA:50,0
DA:51,0
DA:52,0
DA:53,0
DA:54,0
DA:55,0
DA:60,0
DA:61,0
DA:62,0
DA:63,0
DA:64,0
DA:65,0
DA:70,0
DA:71,0
DA:72,0
DA:77,0
DA:78,0
DA:79,0
DA:80,0
DA:81,0
DA:82,0
DA:87,0
DA:88,0
DA:89,0
DA:90,0
DA:93,0
DA:95,0
DA:96,0
DA:97,0
DA:102,0
DA:107,0
DA:109,0
DA:115,0
DA:119,0
DA:120,0
DA:123,0
DA:124,0
DA:125,0
DA:134,0
DA:135,0
DA:136,0
DA:137,0
DA:138,0
DA:139,0
DA:140,0
DA:141,0
DA:144,0
DA:149,0
DA:150,0
DA:151,0
DA:152,0
DA:153,0
DA:154,0
DA:155,0
DA:156,0
DA:159,0
DA:164,0
DA:165,0
DA:166,0
DA:170,0
DA:171,0
DA:172,0
DA:176,0
DA:177,0
DA:178,0
DA:180,0
DA:181,0
DA:185,0
DA:186,0
DA:188,0
DA:190,0
DA:191,0
DA:192,0
DA:195,0
DA:198,0
DA:199,0
DA:206,0
DA:207,0
DA:214,0
DA:215,0
DA:216,0
DA:219,0
DA:220,0
DA:236,0
DA:237,0
DA:246,0
DA:247,0
DA:256,0
DA:317,0
DA:323,0
LF:108
LH:0
BRDA:47,0,0,0
BRDA:47,0,1,0
BRDA:51,1,0,0
BRDA:51,1,1,0
BRDA:61,2,0,0
BRDA:61,2,1,0
BRDA:71,3,0,0
BRDA:71,3,1,0
BRDA:78,4,0,0
BRDA:78,4,1,0
BRDA:81,5,0,0
BRDA:81,5,1,0
BRDA:88,6,0,0
BRDA:88,6,1,0
BRDA:95,7,0,0
BRDA:95,7,1,0
BRDA:123,8,0,0
BRDA:123,8,1,0
BRDA:123,9,0,0
BRDA:123,9,1,0
BRDA:123,9,2,0
BRDA:137,10,0,0
BRDA:137,10,1,0
BRDA:152,11,0,0
BRDA:152,11,1,0
BRDA:165,12,0,0
BRDA:165,12,1,0
BRDA:171,13,0,0
BRDA:171,13,1,0
BRDA:177,14,0,0
BRDA:177,14,1,0
BRDA:186,15,0,0
BRDA:186,15,1,0
BRDA:191,16,0,0
BRDA:191,16,1,0
BRDA:219,17,0,0
BRDA:219,17,1,0
BRDA:236,18,0,0
BRDA:236,18,1,0
BRDA:275,19,0,0
BRDA:275,19,1,0
BRDA:307,20,0,0
BRDA:307,20,1,0
BRF:43
BRH:0
end_of_record
TN:
SF:src\screens\LibraryScreen.tsx
FN:23,(anonymous_0)
FN:24,(anonymous_1)
FN:25,(anonymous_2)
FN:26,(anonymous_3)
FN:27,(anonymous_4)
FN:28,(anonymous_5)
FN:29,(anonymous_6)
FN:38,(anonymous_7)
FN:39,(anonymous_8)
FN:44,(anonymous_9)
FN:49,(anonymous_10)
FN:54,(anonymous_11)
FN:61,(anonymous_12)
FN:64,(anonymous_13)
FN:67,(anonymous_14)
FN:75,(anonymous_15)
FN:86,(anonymous_16)
FN:95,(anonymous_17)
FN:102,(anonymous_18)
FN:126,(anonymous_19)
FN:152,(anonymous_20)
FN:157,(anonymous_21)
FN:168,(anonymous_22)
FN:173,(anonymous_23)
FN:178,(anonymous_24)
FN:183,(anonymous_25)
FN:188,(anonymous_26)
FN:204,(anonymous_27)
FN:214,(anonymous_28)
FN:220,(anonymous_29)
FN:231,(anonymous_30)
FN:232,(anonymous_31)
FN:233,(anonymous_32)
FN:234,(anonymous_33)
FNF:34
FNH:0
FNDA:0,(anonymous_0)
FNDA:0,(anonymous_1)
FNDA:0,(anonymous_2)
FNDA:0,(anonymous_3)
FNDA:0,(anonymous_4)
FNDA:0,(anonymous_5)
FNDA:0,(anonymous_6)
FNDA:0,(anonymous_7)
FNDA:0,(anonymous_8)
FNDA:0,(anonymous_9)
FNDA:0,(anonymous_10)
FNDA:0,(anonymous_11)
FNDA:0,(anonymous_12)
FNDA:0,(anonymous_13)
FNDA:0,(anonymous_14)
FNDA:0,(anonymous_15)
FNDA:0,(anonymous_16)
FNDA:0,(anonymous_17)
FNDA:0,(anonymous_18)
FNDA:0,(anonymous_19)
FNDA:0,(anonymous_20)
FNDA:0,(anonymous_21)
FNDA:0,(anonymous_22)
FNDA:0,(anonymous_23)
FNDA:0,(anonymous_24)
FNDA:0,(anonymous_25)
FNDA:0,(anonymous_26)
FNDA:0,(anonymous_27)
FNDA:0,(anonymous_28)
FNDA:0,(anonymous_29)
FNDA:0,(anonymous_30)
FNDA:0,(anonymous_31)
FNDA:0,(anonymous_32)
FNDA:0,(anonymous_33)
DA:23,0
DA:24,0
DA:25,0
DA:26,0
DA:27,0
DA:28,0
DA:29,0
DA:31,0
DA:32,0
DA:33,0
DA:34,0
DA:35,0
DA:38,0
DA:39,0
DA:40,0
DA:44,0
DA:45,0
DA:48,0
DA:49,0
DA:53,0
DA:54,0
DA:58,0
DA:59,0
DA:61,0
DA:62,0
DA:64,0
DA:65,0
DA:67,0
DA:68,0
DA:69,0
DA:70,0
DA:71,0
DA:73,0
DA:75,0
DA:76,0
DA:77,0
DA:78,0
DA:80,0
DA:83,0
DA:86,0
DA:87,0
DA:88,0
DA:89,0
DA:90,0
DA:91,0
DA:95,0
DA:96,0
DA:97,0
DA:99,0
DA:102,0
DA:126,0
DA:127,0
DA:128,0
DA:132,0
DA:153,0
DA:157,0
DA:168,0
DA:173,0
DA:178,0
DA:183,0
DA:188,0
DA:204,0
DA:214,0
DA:220,0
DA:233,0
DA:247,0
LF:66
LH:0
BRDA:45,0,0,0
BRDA:45,0,1,0
BRDA:48,1,0,0
BRDA:48,1,1,0
BRDA:53,2,0,0
BRDA:53,2,1,0
BRDA:59,3,0,0
BRDA:59,3,1,0
BRDA:59,3,2,0
BRDA:59,3,3,0
BRDA:69,4,0,0
BRDA:69,4,1,0
BRDA:70,5,0,0
BRDA:70,5,1,0
BRDA:76,6,0,0
BRDA:76,6,1,0
BRDA:77,7,0,0
BRDA:77,7,1,0
BRDA:87,8,0,0
BRDA:87,8,1,0
BRDA:87,8,2,0
BRDA:87,8,3,0
BRDA:117,9,0,0
BRDA:117,9,1,0
BRDA:127,10,0,0
BRDA:127,10,1,0
BRDA:127,11,0,0
BRDA:127,11,1,0
BRDA:193,12,0,0
BRDA:193,12,1,0
BRDA:227,13,0,0
BRDA:227,13,1,0
BRF:32
BRH:0
end_of_record
TN:
SF:src\screens\ProgressScreen.tsx
FN:18,(anonymous_0)
FN:19,(anonymous_1)
FN:20,(anonymous_2)
FN:21,(anonymous_3)
FN:22,(anonymous_4)
FN:23,(anonymous_5)
FN:26,(anonymous_6)
FN:28,(anonymous_7)
FN:33,(anonymous_8)
FN:42,(anonymous_9)
FN:49,(anonymous_10)
FN:57,(anonymous_11)
FN:67,(anonymous_12)
FN:75,(anonymous_13)
FN:100,(anonymous_14)
FN:179,(anonymous_15)
FNF:16
FNH:0
FNDA:0,(anonymous_0)
FNDA:0,(anonymous_1)
FNDA:0,(anonymous_2)
FNDA:0,(anonymous_3)
FNDA:0,(anonymous_4)
FNDA:0,(anonymous_5)
FNDA:0,(anonymous_6)
FNDA:0,(anonymous_7)
FNDA:0,(anonymous_8)
FNDA:0,(anonymous_9)
FNDA:0,(anonymous_10)
FNDA:0,(anonymous_11)
FNDA:0,(anonymous_12)
FNDA:0,(anonymous_13)
FNDA:0,(anonymous_14)
FNDA:0,(anonymous_15)
DA:18,0
DA:19,0
DA:20,0
DA:21,0
DA:22,0
DA:23,0
DA:26,0
DA:27,0
DA:28,0
DA:32,0
DA:33,0
DA:37,0
DA:41,0
DA:42,0
DA:45,0
DA:49,0
DA:50,0
DA:57,0
DA:58,0
DA:59,0
DA:60,0
DA:63,0
DA:67,0
DA:68,0
DA:75,0
DA:76,0
DA:77,0
DA:85,0
DA:86,0
DA:88,0
DA:89,0
DA:90,0
DA:91,0
DA:92,0
DA:94,0
DA:95,0
DA:100,0
DA:108,0
DA:180,0
DA:238,0
LF:40
LH:0
BRDA:37,0,0,0
BRDA:37,0,1,0
BRDA:59,1,0,0
BRDA:59,1,1,0
BRDA:76,2,0,0
BRDA:76,2,1,0
BRDA:89,3,0,0
BRDA:89,3,1,0
BRDA:90,4,0,0
BRDA:90,4,1,0
BRDA:94,5,0,0
BRDA:94,5,1,0
BRDA:104,6,0,0
BRDA:104,6,1,0
BRDA:202,7,0,0
BRDA:202,7,1,0
BRDA:212,8,0,0
BRDA:212,8,1,0
BRDA:222,9,0,0
BRDA:222,9,1,0
BRF:20
BRH:0
end_of_record
TN:
SF:src\store\streakStore.ts
FN:15,(anonymous_0)
FN:40,(anonymous_1)
FN:62,(anonymous_2)
FN:68,(anonymous_3)
FN:80,(anonymous_4)
FNF:5
FNH:5
FNDA:10,(anonymous_0)
FNDA:10,(anonymous_1)
FNDA:1,(anonymous_2)
FNDA:4,(anonymous_3)
FNDA:12,(anonymous_4)
DA:15,1
DA:16,10
DA:18,10
DA:19,10
DA:20,10
DA:21,10
DA:23,10
DA:24,10
DA:25,10
DA:26,10
DA:30,10
DA:31,0
DA:33,10
DA:37,10
DA:40,1
DA:41,10
DA:42,10
DA:43,10
DA:44,10
DA:45,10
DA:47,10
DA:49,10
DA:50,70
DA:51,70
DA:52,70
DA:54,70
DA:55,17
DA:59,10
DA:62,1
DA:69,4
DA:70,4
DA:71,4
DA:72,3
DA:73,2
DA:76,1
DA:81,12
DA:82,12
DA:83,12
DA:85,12
DA:87,10
DA:88,10
DA:89,10
DA:90,10
DA:92,10
DA:99,10
DA:104,10
DA:106,0
LF:47
LH:45
BRDA:16,0,0,0
BRDA:16,0,1,10
BRDA:30,1,0,0
BRDA:30,1,1,10
BRDA:44,2,0,0
BRDA:44,2,1,10
BRDA:54,3,0,17
BRDA:54,3,1,53
BRDA:71,4,0,3
BRDA:71,4,1,1
BRDA:85,5,0,2
BRDA:85,5,1,10
BRF:12
BRH:9
end_of_record
TN:
SF:src\store\wordStore.ts
FN:22,(anonymous_0)
FN:34,(anonymous_1)
FN:48,(anonymous_2)
FN:54,(anonymous_3)
FN:139,(anonymous_4)
FN:139,(anonymous_5)
FN:141,(anonymous_6)
FN:143,(anonymous_7)
FN:149,(anonymous_8)
FN:195,(anonymous_9)
FN:223,(anonymous_10)
FN:251,(anonymous_11)
FNF:12
FNH:12
FNDA:14,(anonymous_0)
FNDA:21,(anonymous_1)
FNDA:1,(anonymous_2)
FNDA:25,(anonymous_3)
FNDA:2,(anonymous_4)
FNDA:76,(anonymous_5)
FNDA:4,(anonymous_6)
FNDA:300,(anonymous_7)
FNDA:21,(anonymous_8)
FNDA:4,(anonymous_9)
FNDA:3,(anonymous_10)
FNDA:3,(anonymous_11)
DA:22,14
DA:34,1
DA:38,21
DA:42,21
DA:43,21
DA:44,16
DA:45,9
DA:48,1
DA:55,25
DA:56,25
DA:59,25
DA:60,25
DA:62,25
DA:63,25
DA:65,24
DA:67,2
DA:68,2
DA:70,0
DA:72,0
DA:73,0
DA:77,22
DA:81,24
DA:82,24
DA:85,24
DA:86,0
DA:87,0
DA:88,0
DA:89,0
DA:95,0
DA:98,1
DA:100,1
DA:101,1
DA:107,1
DA:111,24
DA:112,24
DA:113,24
DA:114,1
DA:115,1
DA:117,0
DA:118,0
DA:119,0
DA:123,0
DA:124,0
DA:127,24
DA:129,0
DA:130,0
DA:139,76
DA:142,4
DA:143,4
DA:144,300
DA:150,21
DA:151,21
DA:153,21
DA:162,21
DA:165,21
DA:168,21
DA:169,21
DA:174,0
DA:176,0
DA:178,0
DA:179,0
DA:181,0
DA:186,0
DA:187,0
DA:190,0
DA:196,4
DA:197,4
DA:199,4
DA:204,4
DA:207,4
DA:210,4
DA:211,4
DA:216,0
DA:218,0
DA:219,0
DA:224,3
DA:225,3
DA:227,3
DA:232,3
DA:235,3
DA:238,3
DA:239,3
DA:244,0
DA:246,0
DA:247,0
DA:251,3
LF:86
LH:57
BRDA:38,0,0,12
BRDA:38,0,1,9
BRDA:42,1,0,0
BRDA:42,1,1,21
BRDA:42,2,0,21
BRDA:42,2,1,12
BRDA:43,3,0,5
BRDA:43,3,1,16
BRDA:43,4,0,21
BRDA:43,4,1,12
BRDA:44,5,0,7
BRDA:44,5,1,9
BRDA:65,6,0,2
BRDA:65,6,1,22
BRDA:85,7,0,0
BRDA:85,7,1,24
BRDA:113,8,0,1
BRDA:113,8,1,23
BRDA:144,9,0,300
BRDA:144,9,1,223
BRDA:151,10,0,21
BRDA:151,10,1,9
BRDA:156,11,0,19
BRDA:156,11,1,2
BRDA:157,12,0,2
BRDA:157,12,1,19
BRDA:176,13,0,0
BRDA:176,13,1,0
BRDA:176,14,0,0
BRDA:176,14,1,0
BRDA:197,15,0,4
BRDA:197,15,1,3
BRDA:225,16,0,3
BRDA:225,16,1,2
BRF:34
BRH:28
end_of_record
TN:
SF:src\theme\theme.ts
FNF:0
FNH:0
DA:1,5
LF:1
LH:1
BRF:0
BRH:0
end_of_record
TN:
SF:src\utils\componentBreakdown.ts
FN:13,(anonymous_0)
FN:17,(anonymous_1)
FN:21,(anonymous_2)
FN:27,(anonymous_3)
FN:34,(anonymous_4)
FN:41,(anonymous_5)
FN:48,(anonymous_6)
FN:53,(anonymous_7)
FN:58,(anonymous_8)
FN:73,(anonymous_9)
FN:124,(anonymous_10)
FN:132,(anonymous_11)
FN:140,(anonymous_12)
FN:146,(anonymous_13)
FN:152,(anonymous_14)
FN:159,(anonymous_15)
FNF:16
FNH:0
FNDA:0,(anonymous_0)
FNDA:0,(anonymous_1)
FNDA:0,(anonymous_2)
FNDA:0,(anonymous_3)
FNDA:0,(anonymous_4)
FNDA:0,(anonymous_5)
FNDA:0,(anonymous_6)
FNDA:0,(anonymous_7)
FNDA:0,(anonymous_8)
FNDA:0,(anonymous_9)
FNDA:0,(anonymous_10)
FNDA:0,(anonymous_11)
FNDA:0,(anonymous_12)
FNDA:0,(anonymous_13)
FNDA:0,(anonymous_14)
FNDA:0,(anonymous_15)
DA:7,0
DA:8,0
DA:9,0
DA:12,0
DA:13,0
DA:16,0
DA:17,0
DA:20,0
DA:21,0
DA:27,0
DA:28,0
DA:34,0
DA:35,0
DA:41,0
DA:42,0
DA:48,0
DA:53,0
DA:58,0
DA:73,0
DA:74,0
DA:76,0
DA:79,0
DA:80,0
DA:81,0
DA:82,0
DA:92,0
DA:93,0
DA:94,0
DA:95,0
DA:105,0
DA:106,0
DA:107,0
DA:108,0
DA:117,0
DA:124,0
DA:127,0
DA:129,0
DA:130,0
DA:132,0
DA:133,0
DA:140,0
DA:141,0
DA:143,0
DA:144,0
DA:146,0
DA:152,0
DA:153,0
DA:159,0
DA:160,0
LF:49
LH:0
BRDA:74,0,0,0
BRDA:74,0,1,0
BRDA:79,1,0,0
BRDA:79,1,1,0
BRDA:81,2,0,0
BRDA:81,2,1,0
BRDA:92,3,0,0
BRDA:92,3,1,0
BRDA:94,4,0,0
BRDA:94,4,1,0
BRDA:105,5,0,0
BRDA:105,5,1,0
BRDA:107,6,0,0
BRDA:107,6,1,0
BRDA:127,7,0,0
BRDA:127,7,1,0
BRDA:130,8,0,0
BRDA:130,8,1,0
BRDA:141,9,0,0
BRDA:141,9,1,0
BRDA:144,10,0,0
BRDA:144,10,1,0
BRDA:153,11,0,0
BRDA:153,11,1,0
BRDA:153,12,0,0
BRDA:153,12,1,0
BRDA:153,12,2,0
BRF:27
BRH:0
end_of_record
TN:
SF:src\utils\dataValidator.ts
FN:24,(anonymous_0)
FN:50,(anonymous_1)
FN:55,(anonymous_2)
FN:82,(anonymous_3)
FN:162,(anonymous_4)
FN:176,(anonymous_5)
FN:181,(anonymous_6)
FN:186,(anonymous_7)
FN:205,(anonymous_8)
FN:222,(anonymous_9)
FNF:10
FNH:6
FNDA:48,(anonymous_0)
FNDA:3454,(anonymous_1)
FNDA:0,(anonymous_2)
FNDA:3454,(anonymous_3)
FNDA:48,(anonymous_4)
FNDA:24,(anonymous_5)
FNDA:0,(anonymous_6)
FNDA:0,(anonymous_7)
FNDA:24,(anonymous_8)
FNDA:0,(anonymous_9)
DA:18,1
DA:19,1
DA:25,48
DA:26,48
DA:28,48
DA:36,48
DA:37,0
DA:38,0
DA:41,48
DA:42,0
DA:43,0
DA:47,48
DA:48,48
DA:50,48
DA:51,3454
DA:53,3454
DA:54,0
DA:55,0
DA:57,3454
DA:61,3454
DA:62,0
DA:63,0
DA:64,3454
DA:65,3454
DA:69,3454
DA:70,0
DA:71,3454
DA:72,3454
DA:76,48
DA:83,3454
DA:84,3454
DA:87,3454
DA:88,0
DA:91,3454
DA:92,0
DA:95,3454
DA:96,0
DA:99,3454
DA:100,0
DA:103,3454
DA:104,0
DA:107,3454
DA:108,0
DA:111,3454
DA:112,0
DA:116,3454
DA:117,0
DA:119,3454
DA:120,0
DA:124,3454
DA:125,0
DA:128,3454
DA:129,0
DA:133,3454
DA:134,0
DA:135,3454
DA:136,0
DA:140,3454
DA:141,0
DA:142,3454
DA:143,0
DA:147,3454
DA:148,0
DA:152,3454
DA:153,0
DA:156,3454
DA:163,48
DA:165,48
DA:177,24
DA:178,24
DA:180,0
DA:181,0
DA:182,0
DA:186,0
DA:187,0
DA:191,0
DA:192,0
DA:193,0
DA:195,0
DA:198,24
DA:206,24
DA:213,24
DA:214,24
DA:216,24
DA:223,0
DA:233,0
DA:238,1
LF:87
LH:50
BRDA:36,0,0,0
BRDA:36,0,1,48
BRDA:41,1,0,0
BRDA:41,1,1,48
BRDA:53,2,0,0
BRDA:53,2,1,3454
BRDA:61,3,0,0
BRDA:61,3,1,3454
BRDA:61,4,0,3454
BRDA:61,4,1,3454
BRDA:64,5,0,3454
BRDA:64,5,1,0
BRDA:69,6,0,0
BRDA:69,6,1,3454
BRDA:69,7,0,3454
BRDA:69,7,1,3454
BRDA:71,8,0,3454
BRDA:71,8,1,0
BRDA:87,9,0,0
BRDA:87,9,1,3454
BRDA:91,10,0,0
BRDA:91,10,1,3454
BRDA:91,11,0,3454
BRDA:91,11,1,3454
BRDA:95,12,0,0
BRDA:95,12,1,3454
BRDA:96,13,0,0
BRDA:96,13,1,0
BRDA:99,14,0,0
BRDA:99,14,1,3454
BRDA:100,15,0,0
BRDA:100,15,1,0
BRDA:103,16,0,0
BRDA:103,16,1,3454
BRDA:104,17,0,0
BRDA:104,17,1,0
BRDA:107,18,0,0
BRDA:107,18,1,3454
BRDA:107,19,0,3454
BRDA:107,19,1,3454
BRDA:108,20,0,0
BRDA:108,20,1,0
BRDA:111,21,0,0
BRDA:111,21,1,3454
BRDA:111,22,0,3454
BRDA:111,22,1,3454
BRDA:112,23,0,0
BRDA:112,23,1,0
BRDA:116,24,0,0
BRDA:116,24,1,3454
BRDA:117,25,0,0
BRDA:117,25,1,0
BRDA:119,26,0,0
BRDA:119,26,1,3454
BRDA:120,27,0,0
BRDA:120,27,1,0
BRDA:124,28,0,0
BRDA:124,28,1,3454
BRDA:124,29,0,3454
BRDA:124,29,1,3454
BRDA:125,30,0,0
BRDA:125,30,1,0
BRDA:128,31,0,0
BRDA:128,31,1,3454
BRDA:129,32,0,0
BRDA:129,32,1,0
BRDA:133,33,0,0
BRDA:133,33,1,3454
BRDA:134,34,0,0
BRDA:134,34,1,0
BRDA:135,35,0,0
BRDA:135,35,1,3454
BRDA:136,36,0,0
BRDA:136,36,1,0
BRDA:140,37,0,0
BRDA:140,37,1,3454
BRDA:141,38,0,0
BRDA:141,38,1,0
BRDA:142,39,0,0
BRDA:142,39,1,3454
BRDA:143,40,0,0
BRDA:143,40,1,0
BRDA:147,41,0,0
BRDA:147,41,1,3454
BRDA:148,42,0,0
BRDA:148,42,1,0
BRDA:152,43,0,0
BRDA:152,43,1,3454
BRDA:153,44,0,0
BRDA:153,44,1,0
BRDA:176,45,0,0
BRDA:180,46,0,0
BRDA:180,46,1,0
BRDA:192,47,0,0
BRDA:192,47,1,0
BRDA:216,48,0,24
BRDA:216,48,1,24
BRDA:230,49,0,0
BRDA:230,49,1,0
BRF:99
BRH:38
end_of_record
TN:
SF:src\utils\errorLogger.ts
FN:20,(anonymous_0)
FN:42,(anonymous_1)
FN:47,(anonymous_2)
FN:52,(anonymous_3)
FN:61,(anonymous_4)
FN:67,(anonymous_5)
FN:87,(anonymous_6)
FN:114,(anonymous_7)
FN:133,(anonymous_8)
FN:142,(anonymous_9)
FN:146,(anonymous_10)
FN:156,(anonymous_11)
FN:164,getErrorLogger
FNF:13
FNH:0
FNDA:0,(anonymous_0)
FNDA:0,(anonymous_1)
FNDA:0,(anonymous_2)
FNDA:0,(anonymous_3)
FNDA:0,(anonymous_4)
FNDA:0,(anonymous_5)
FNDA:0,(anonymous_6)
FNDA:0,(anonymous_7)
FNDA:0,(anonymous_8)
FNDA:0,(anonymous_9)
FNDA:0,(anonymous_10)
FNDA:0,(anonymous_11)
FNDA:0,getErrorLogger
DA:3,0
DA:4,0
DA:17,0
DA:18,0
DA:21,0
DA:23,0
DA:24,0
DA:25,0
DA:26,0
DA:30,0
DA:33,0
DA:35,0
DA:36,0
DA:38,0
DA:43,0
DA:44,0
DA:45,0
DA:47,0
DA:48,0
DA:49,0
DA:52,0
DA:53,0
DA:54,0
DA:58,0
DA:63,0
DA:64,0
DA:65,0
DA:67,0
DA:68,0
DA:76,0
DA:77,0
DA:83,0
DA:88,0
DA:98,0
DA:101,0
DA:102,0
DA:106,0
DA:107,0
DA:111,0
DA:116,0
DA:117,0
DA:119,0
DA:120,0
DA:121,0
DA:122,0
DA:123,0
DA:125,0
DA:126,0
DA:127,0
DA:129,0
DA:130,0
DA:134,0
DA:135,0
DA:138,0
DA:143,0
DA:147,0
DA:148,0
DA:149,0
DA:150,0
DA:152,0
DA:157,0
DA:162,0
DA:165,0
DA:166,0
DA:168,0
LF:65
LH:0
BRDA:21,0,0,0
BRDA:21,0,1,0
BRDA:25,1,0,0
BRDA:25,1,1,0
BRDA:64,2,0,0
BRDA:64,2,1,0
BRDA:64,3,0,0
BRDA:64,3,1,0
BRDA:70,4,0,0
BRDA:70,4,1,0
BRDA:70,5,0,0
BRDA:70,5,1,0
BRDA:76,6,0,0
BRDA:76,6,1,0
BRDA:101,7,0,0
BRDA:101,7,1,0
BRDA:106,8,0,0
BRDA:106,8,1,0
BRDA:122,9,0,0
BRDA:122,9,1,0
BRDA:126,10,0,0
BRDA:126,10,1,0
BRDA:165,11,0,0
BRDA:165,11,1,0
BRF:24
BRH:0
end_of_record
