TN:
SF:src\components\ActionButtons.tsx
FN:17,(anonymous_0)
FN:27,(anonymous_1)
FN:32,(anonymous_2)
FN:37,(anonymous_3)
FN:42,(anonymous_4)
FN:47,(anonymous_5)
FNF:6
FNH:1
FNDA:31,(anonymous_0)
FNDA:0,(anonymous_1)
FNDA:0,(anonymous_2)
FNDA:0,(anonymous_3)
FNDA:0,(anonymous_4)
FNDA:0,(anonymous_5)
DA:17,1
DA:27,31
DA:28,0
DA:29,0
DA:32,31
DA:33,0
DA:34,0
DA:37,31
DA:38,0
DA:39,0
DA:42,31
DA:43,0
DA:44,0
DA:47,31
DA:48,0
DA:49,0
DA:52,31
DA:122,1
LF:18
LH:8
BRDA:81,0,0,7
BRDA:81,0,1,24
BRDA:87,1,0,7
BRDA:87,1,1,24
BRDA:88,2,0,7
BRDA:88,2,1,24
BRDA:97,3,0,7
BRDA:97,3,1,24
BRDA:103,4,0,7
BRDA:103,4,1,24
BRDA:104,5,0,7
BRDA:104,5,1,24
BRF:12
BRH:12
end_of_record
TN:
SF:src\components\CategoryCard.tsx
FN:12,(anonymous_0)
FNF:1
FNH:1
FNDA:27,(anonymous_0)
DA:12,1
DA:18,27
DA:20,27
DA:48,1
LF:4
LH:4
BRDA:18,0,0,26
BRDA:18,0,1,1
BRF:2
BRH:2
end_of_record
TN:
SF:src\components\ComponentBadge.tsx
FN:12,(anonymous_0)
FNF:1
FNH:0
FNDA:0,(anonymous_0)
DA:12,2
DA:19,0
DA:37,0
DA:58,0
DA:59,0
DA:61,0
DA:99,2
LF:7
LH:2
BRDA:16,0,0,0
BRF:1
BRH:0
end_of_record
TN:
SF:src\components\ErrorBoundary.tsx
FN:17,(anonymous_0)
FN:22,(anonymous_1)
FN:26,(anonymous_2)
FN:46,(anonymous_3)
FN:50,(anonymous_4)
FNF:5
FNH:5
FNDA:51,(anonymous_0)
FNDA:52,(anonymous_1)
FNDA:25,(anonymous_2)
FNDA:3,(anonymous_3)
FNDA:133,(anonymous_4)
DA:18,51
DA:19,51
DA:23,52
DA:27,25
DA:30,25
DA:31,25
DA:32,24
DA:40,1
DA:43,25
DA:46,51
DA:47,3
DA:51,133
DA:52,76
DA:86,57
DA:90,1
LF:15
LH:15
BRDA:34,0,0,24
BRDA:34,0,1,2
BRDA:36,1,0,24
BRDA:36,1,1,0
BRDA:51,2,0,76
BRDA:51,2,1,57
BRDA:57,3,0,76
BRDA:57,3,1,6
BRDA:59,4,0,76
BRDA:59,4,1,73
BRDA:67,5,0,76
BRDA:67,5,1,26
BRF:12
BRH:11
end_of_record
TN:
SF:src\components\ErrorToast.tsx
FN:21,(anonymous_0)
FN:27,(anonymous_1)
FN:30,(anonymous_2)
FN:34,(anonymous_3)
FN:46,(anonymous_4)
FN:50,(anonymous_5)
FN:60,(anonymous_6)
FN:65,(anonymous_7)
FN:70,(anonymous_8)
FN:75,(anonymous_9)
FNF:10
FNH:0
FNDA:0,(anonymous_0)
FNDA:0,(anonymous_1)
FNDA:0,(anonymous_2)
FNDA:0,(anonymous_3)
FNDA:0,(anonymous_4)
FNDA:0,(anonymous_5)
FNDA:0,(anonymous_6)
FNDA:0,(anonymous_7)
FNDA:0,(anonymous_8)
FNDA:0,(anonymous_9)
DA:14,0
DA:15,0
DA:21,0
DA:22,0
DA:23,0
DA:24,0
DA:25,0
DA:27,0
DA:29,0
DA:30,0
DA:31,0
DA:32,0
DA:33,0
DA:34,0
DA:36,0
DA:37,0
DA:38,0
DA:39,0
DA:46,0
DA:50,0
DA:51,0
DA:52,0
DA:60,0
DA:61,0
DA:65,0
DA:66,0
DA:71,0
DA:75,0
DA:76,0
DA:77,0
DA:80,0
DA:81,0
DA:84,0
DA:122,0
LF:34
LH:0
BRDA:29,0,0,0
BRDA:29,0,1,0
BRDA:36,1,0,0
BRDA:36,1,1,0
BRDA:36,2,0,0
BRDA:36,2,1,0
BRDA:80,3,0,0
BRDA:80,3,1,0
BRDA:80,4,0,0
BRDA:80,4,1,0
BRF:10
BRH:0
end_of_record
TN:
SF:src\components\FilterChip.tsx
FN:11,(anonymous_0)
FNF:1
FNH:1
FNDA:22,(anonymous_0)
DA:11,1
DA:12,22
DA:25,1
LF:3
LH:3
BRDA:14,0,0,22
BRDA:14,0,1,8
BRDA:18,1,0,22
BRDA:18,1,1,8
BRF:4
BRH:4
end_of_record
TN:
SF:src\components\MasteryChart.tsx
FN:12,(anonymous_0)
FN:20,(anonymous_1)
FN:37,(anonymous_2)
FN:59,(anonymous_3)
FNF:4
FNH:4
FNDA:30,(anonymous_0)
FNDA:120,(anonymous_1)
FNDA:120,(anonymous_2)
FNDA:120,(anonymous_3)
DA:12,1
DA:18,30
DA:20,30
DA:21,120
DA:24,30
DA:31,30
DA:38,120
DA:60,120
DA:71,1
LF:9
LH:9
BRDA:21,0,0,108
BRDA:21,0,1,12
BRDA:38,1,0,120
BRDA:38,1,1,87
BRDA:46,2,0,23
BRDA:46,2,1,64
BRDA:47,3,0,23
BRDA:47,3,1,64
BRDA:48,4,0,22
BRDA:48,4,1,65
BRDA:49,5,0,22
BRDA:49,5,1,65
BRF:12
BRH:12
end_of_record
TN:
SF:src\components\MedicalTermCard.tsx
FN:23,(anonymous_0)
FN:38,(anonymous_1)
FN:51,(anonymous_2)
FN:56,(anonymous_3)
FN:61,(anonymous_4)
FN:66,(anonymous_5)
FN:148,(anonymous_6)
FN:165,(anonymous_7)
FN:166,(anonymous_8)
FN:182,(anonymous_9)
FN:183,(anonymous_10)
FN:199,(anonymous_11)
FN:200,(anonymous_12)
FN:221,(anonymous_13)
FN:222,(anonymous_14)
FNF:15
FNH:7
FNDA:74,(anonymous_0)
FNDA:74,(anonymous_1)
FNDA:13,(anonymous_2)
FNDA:3,(anonymous_3)
FNDA:3,(anonymous_4)
FNDA:2,(anonymous_5)
FNDA:9,(anonymous_6)
FNDA:0,(anonymous_7)
FNDA:0,(anonymous_8)
FNDA:0,(anonymous_9)
FNDA:0,(anonymous_10)
FNDA:0,(anonymous_11)
FNDA:0,(anonymous_12)
FNDA:0,(anonymous_13)
FNDA:0,(anonymous_14)
DA:23,3
DA:34,74
DA:35,74
DA:38,74
DA:39,74
DA:40,74
DA:41,67
DA:42,1
DA:43,1
DA:44,1
DA:45,0
DA:48,74
DA:51,74
DA:52,13
DA:53,13
DA:56,74
DA:57,3
DA:58,3
DA:61,74
DA:62,3
DA:63,3
DA:66,74
DA:67,2
DA:68,2
DA:71,74
DA:148,9
DA:165,0
DA:166,0
DA:182,0
DA:183,0
DA:199,0
DA:200,0
DA:221,0
DA:222,0
DA:238,3
LF:35
LH:26
BRDA:30,0,0,69
BRDA:31,1,0,45
BRDA:32,2,0,73
BRDA:40,3,0,7
BRDA:40,3,1,67
BRDA:41,4,0,66
BRDA:41,4,1,1
BRDA:42,5,0,0
BRDA:42,5,1,1
BRDA:43,6,0,0
BRDA:43,6,1,1
BRDA:44,7,0,1
BRDA:44,7,1,0
BRDA:107,8,0,74
BRDA:107,8,1,8
BRDA:109,9,0,8
BRDA:109,9,1,8
BRDA:113,10,0,8
BRDA:113,10,1,7
BRDA:129,11,0,8
BRDA:129,11,1,7
BRDA:136,12,0,8
BRDA:136,12,1,7
BRDA:153,13,0,8
BRDA:153,13,1,66
BRDA:158,14,0,74
BRDA:158,14,1,66
BRDA:203,15,0,3
BRDA:203,15,1,63
BRDA:209,16,0,3
BRDA:209,16,1,63
BRF:31
BRH:28
end_of_record
TN:
SF:src\components\PrimaryButton.tsx
FN:12,(anonymous_0)
FNF:1
FNH:1
FNDA:6,(anonymous_0)
DA:12,1
DA:18,6
DA:34,1
LF:3
LH:3
BRDA:15,0,0,6
BRDA:16,1,0,6
BRDA:20,2,0,6
BRDA:20,2,1,0
BRDA:22,3,0,6
BRDA:22,3,1,6
BRDA:25,4,0,0
BRDA:25,4,1,6
BRF:8
BRH:6
end_of_record
TN:
SF:src\components\ProgressIndicator.tsx
FN:10,(anonymous_0)
FNF:1
FNH:1
FNDA:64,(anonymous_0)
DA:10,2
DA:11,64
DA:13,64
DA:25,2
LF:4
LH:4
BRF:0
BRH:0
end_of_record
TN:
SF:src\components\SearchBar.tsx
FN:12,(anonymous_0)
FNF:1
FNH:1
FNDA:35,(anonymous_0)
DA:12,1
DA:17,35
DA:33,1
LF:3
LH:3
BRDA:15,0,0,31
BRF:1
BRH:1
end_of_record
TN:
SF:src\components\StartupLoader.tsx
FN:16,(anonymous_0)
FN:27,(anonymous_1)
FN:29,(anonymous_2)
FN:36,(anonymous_3)
FN:38,(anonymous_4)
FN:45,(anonymous_5)
FN:48,(anonymous_6)
FN:49,(anonymous_7)
FN:56,(anonymous_8)
FN:63,(anonymous_9)
FN:81,(anonymous_10)
FN:104,(anonymous_11)
FN:135,(anonymous_12)
FN:177,(anonymous_13)
FN:187,(anonymous_14)
FN:218,(anonymous_15)
FNF:16
FNH:0
FNDA:0,(anonymous_0)
FNDA:0,(anonymous_1)
FNDA:0,(anonymous_2)
FNDA:0,(anonymous_3)
FNDA:0,(anonymous_4)
FNDA:0,(anonymous_5)
FNDA:0,(anonymous_6)
FNDA:0,(anonymous_7)
FNDA:0,(anonymous_8)
FNDA:0,(anonymous_9)
FNDA:0,(anonymous_10)
FNDA:0,(anonymous_11)
FNDA:0,(anonymous_12)
FNDA:0,(anonymous_13)
FNDA:0,(anonymous_14)
FNDA:0,(anonymous_15)
DA:16,0
DA:17,0
DA:23,0
DA:24,0
DA:25,0
DA:27,0
DA:29,0
DA:30,0
DA:31,0
DA:32,0
DA:33,0
DA:36,0
DA:37,0
DA:39,0
DA:40,0
DA:41,0
DA:42,0
DA:45,0
DA:48,0
DA:49,0
DA:50,0
DA:51,0
DA:52,0
DA:56,0
DA:57,0
DA:59,0
DA:61,0
DA:62,0
DA:63,0
DA:65,0
DA:67,0
DA:68,0
DA:69,0
DA:70,0
DA:71,0
DA:73,0
DA:74,0
DA:75,0
DA:79,0
DA:80,0
DA:81,0
DA:83,0
DA:85,0
DA:86,0
DA:88,0
DA:89,0
DA:91,0
DA:93,0
DA:94,0
DA:95,0
DA:97,0
DA:98,0
DA:102,0
DA:103,0
DA:104,0
DA:106,0
DA:107,0
DA:110,0
DA:111,0
DA:112,0
DA:113,0
DA:115,0
DA:116,0
DA:119,0
DA:120,0
DA:122,0
DA:124,0
DA:125,0
DA:126,0
DA:128,0
DA:129,0
DA:133,0
DA:134,0
DA:135,0
DA:137,0
DA:139,0
DA:140,0
DA:142,0
DA:143,0
DA:145,0
DA:147,0
DA:148,0
DA:149,0
DA:151,0
DA:152,0
DA:156,0
DA:157,0
DA:159,0
DA:160,0
DA:163,0
DA:166,0
DA:167,0
DA:169,0
DA:170,0
DA:173,0
DA:177,0
DA:178,0
DA:181,0
DA:188,0
DA:218,0
DA:229,0
LF:101
LH:0
BRDA:88,0,0,0
BRDA:88,0,1,0
BRDA:94,1,0,0
BRDA:94,1,1,0
BRDA:115,2,0,0
BRDA:115,2,1,0
BRDA:119,3,0,0
BRDA:119,3,1,0
BRDA:125,4,0,0
BRDA:125,4,1,0
BRDA:142,5,0,0
BRDA:142,5,1,0
BRDA:148,6,0,0
BRDA:148,6,1,0
BRDA:156,7,0,0
BRDA:156,7,1,0
BRDA:166,8,0,0
BRDA:166,8,1,0
BRDA:177,9,0,0
BRDA:177,9,1,0
BRDA:177,10,0,0
BRDA:177,10,1,0
BRDA:177,10,2,0
BRDA:190,11,0,0
BRDA:190,11,1,0
BRDA:193,12,0,0
BRDA:193,12,1,0
BRDA:196,13,0,0
BRDA:196,13,1,0
BRDA:199,14,0,0
BRDA:199,14,1,0
BRDA:206,15,0,0
BRDA:206,15,1,0
BRDA:210,16,0,0
BRDA:210,16,1,0
BRDA:218,17,0,0
BRDA:218,17,1,0
BRF:37
BRH:0
end_of_record
TN:
SF:src\components\StatCard.tsx
FN:14,(anonymous_0)
FNF:1
FNH:1
FNDA:21,(anonymous_0)
DA:14,2
DA:21,21
DA:31,2
LF:3
LH:3
BRDA:26,0,0,21
BRDA:26,0,1,3
BRF:2
BRH:2
end_of_record
TN:
SF:src\components\StreakCalendar.tsx
FN:11,(anonymous_0)
FN:22,(anonymous_1)
FNF:2
FNH:2
FNDA:35,(anonymous_0)
FNDA:245,(anonymous_1)
DA:11,2
DA:12,35
DA:14,35
DA:23,245
DA:42,2
LF:5
LH:5
BRDA:28,0,0,245
BRDA:28,0,1,91
BRDA:31,1,0,245
BRDA:31,1,1,91
BRF:4
BRH:4
end_of_record
TN:
SF:src\components\StudyHeatmap.tsx
FN:9,(anonymous_0)
FN:11,(anonymous_1)
FN:52,(anonymous_2)
FN:59,(anonymous_3)
FN:61,(anonymous_4)
FNF:5
FNH:5
FNDA:37,(anonymous_0)
FNDA:37,(anonymous_1)
FNDA:259,(anonymous_2)
FNDA:481,(anonymous_3)
FNDA:3108,(anonymous_4)
DA:9,1
DA:11,37
DA:12,37
DA:13,37
DA:16,37
DA:17,37
DA:19,37
DA:21,37
DA:22,3108
DA:23,3108
DA:25,3108
DA:26,3108
DA:28,3108
DA:31,3108
DA:32,481
DA:33,481
DA:37,37
DA:40,37
DA:41,37
DA:43,37
DA:53,259
DA:60,481
DA:62,3108
DA:88,1
LF:24
LH:24
BRDA:31,0,0,481
BRDA:31,0,1,2627
BRDA:31,1,0,3108
BRDA:31,1,1,2664
BRDA:66,2,0,3108
BRDA:66,2,1,363
BRF:6
BRH:6
end_of_record
TN:
SF:src\components\SuccessToast.tsx
FN:13,(anonymous_0)
FN:21,(anonymous_1)
FN:31,(anonymous_2)
FN:36,(anonymous_3)
FN:41,(anonymous_4)
FNF:5
FNH:3
FNDA:20,(anonymous_0)
FNDA:20,(anonymous_1)
FNDA:0,(anonymous_2)
FNDA:0,(anonymous_3)
FNDA:11,(anonymous_4)
DA:13,1
DA:19,20
DA:21,20
DA:22,20
DA:24,11
DA:31,11
DA:32,0
DA:37,0
DA:41,11
DA:45,20
DA:47,11
DA:59,1
LF:12
LH:10
BRDA:16,0,0,0
BRDA:22,1,0,11
BRDA:22,1,1,9
BRDA:45,2,0,9
BRDA:45,2,1,11
BRF:5
BRH:4
end_of_record
TN:
SF:src\components\SwipeableCard.tsx
FN:14,(anonymous_0)
FN:24,(anonymous_1)
FN:25,(anonymous_2)
FN:30,(anonymous_3)
FN:34,(anonymous_4)
FN:65,(anonymous_5)
FN:90,(anonymous_6)
FNF:7
FNH:1
FNDA:31,(anonymous_0)
FNDA:0,(anonymous_1)
FNDA:0,(anonymous_2)
FNDA:0,(anonymous_3)
FNDA:0,(anonymous_4)
FNDA:0,(anonymous_5)
FNDA:0,(anonymous_6)
DA:5,2
DA:6,2
DA:14,2
DA:19,31
DA:20,31
DA:22,31
DA:24,0
DA:27,0
DA:28,0
DA:32,0
DA:36,0
DA:44,0
DA:46,0
DA:48,0
DA:49,0
DA:52,0
DA:66,0
DA:67,0
DA:69,0
DA:71,0
DA:73,0
DA:74,0
DA:77,0
DA:91,0
DA:92,0
DA:96,0
DA:97,0
DA:108,31
DA:126,2
LF:29
LH:8
BRDA:27,0,0,0
BRDA:27,0,1,0
BRDA:44,1,0,0
BRDA:44,1,1,0
BRDA:44,2,0,0
BRDA:44,2,1,0
BRDA:69,3,0,0
BRDA:69,3,1,0
BRDA:69,4,0,0
BRDA:69,4,1,0
BRF:10
BRH:0
end_of_record
TN:
SF:src\components\TermBreakdown.tsx
FN:14,(anonymous_0)
FN:34,(anonymous_1)
FN:57,(anonymous_2)
FN:73,(anonymous_3)
FNF:4
FNH:0
FNDA:0,(anonymous_0)
FNDA:0,(anonymous_1)
FNDA:0,(anonymous_2)
FNDA:0,(anonymous_3)
DA:14,2
DA:19,0
DA:20,0
DA:23,0
DA:25,0
DA:26,0
DA:29,0
DA:30,0
DA:35,0
DA:53,0
DA:58,0
DA:73,0
DA:80,2
LF:13
LH:2
BRDA:16,0,0,0
BRDA:17,1,0,0
BRDA:19,2,0,0
BRDA:19,2,1,0
BRDA:25,3,0,0
BRDA:25,3,1,0
BRDA:29,4,0,0
BRDA:29,4,1,0
BRDA:32,5,0,0
BRDA:32,5,1,0
BRDA:42,6,0,0
BRDA:42,6,1,0
BRDA:55,7,0,0
BRDA:55,7,1,0
BRDA:65,8,0,0
BRDA:65,8,1,0
BRF:16
BRH:0
end_of_record
TN:
SF:src\components\Tooltip.tsx
FN:10,(anonymous_0)
FN:14,(anonymous_1)
FNF:2
FNH:2
FNDA:80,(anonymous_0)
FNDA:40,(anonymous_1)
DA:10,2
DA:11,80
DA:12,80
DA:14,80
DA:15,40
DA:17,0
DA:32,40
DA:47,80
DA:48,80
DA:51,0
DA:67,2
LF:11
LH:9
BRDA:15,0,0,0
BRDA:15,0,1,40
BRDA:47,1,0,80
BRDA:47,1,1,0
BRF:4
BRH:2
end_of_record
TN:
SF:src\constants\app.ts
FN:52,(anonymous_0)
FN:53,(anonymous_1)
FNF:2
FNH:0
FNDA:0,(anonymous_0)
FNDA:0,(anonymous_1)
DA:6,0
DA:52,0
DA:53,0
DA:54,0
LF:4
LH:0
BRF:0
BRH:0
end_of_record
TN:
SF:src\screens\DebugScreen.tsx
FN:28,(anonymous_0)
FN:36,(anonymous_1)
FN:37,(anonymous_2)
FN:38,(anonymous_3)
FN:39,(anonymous_4)
FN:40,(anonymous_5)
FN:42,(anonymous_6)
FN:46,(anonymous_7)
FN:66,(anonymous_8)
FN:75,(anonymous_9)
FN:89,(anonymous_10)
FN:98,(anonymous_11)
FN:112,(anonymous_12)
FN:126,(anonymous_13)
FN:146,(anonymous_14)
FN:152,(anonymous_15)
FN:154,(anonymous_16)
FN:172,(anonymous_17)
FN:185,(anonymous_18)
FN:303,(anonymous_19)
FN:316,(anonymous_20)
FN:346,(anonymous_21)
FN:349,(anonymous_22)
FN:377,(anonymous_23)
FN:402,(anonymous_24)
FN:410,(anonymous_25)
FN:443,(anonymous_26)
FN:459,(anonymous_27)
FN:463,(anonymous_28)
FN:474,(anonymous_29)
FN:509,(anonymous_30)
FN:530,(anonymous_31)
FN:544,(anonymous_32)
FN:558,(anonymous_33)
FN:572,(anonymous_34)
FNF:35
FNH:19
FNDA:189,(anonymous_0)
FNDA:189,(anonymous_1)
FNDA:189,(anonymous_2)
FNDA:189,(anonymous_3)
FNDA:189,(anonymous_4)
FNDA:189,(anonymous_5)
FNDA:47,(anonymous_6)
FNDA:47,(anonymous_7)
FNDA:0,(anonymous_8)
FNDA:0,(anonymous_9)
FNDA:0,(anonymous_10)
FNDA:0,(anonymous_11)
FNDA:0,(anonymous_12)
FNDA:0,(anonymous_13)
FNDA:0,(anonymous_14)
FNDA:0,(anonymous_15)
FNDA:0,(anonymous_16)
FNDA:177,(anonymous_17)
FNDA:0,(anonymous_18)
FNDA:0,(anonymous_19)
FNDA:25,(anonymous_20)
FNDA:0,(anonymous_21)
FNDA:0,(anonymous_22)
FNDA:113,(anonymous_23)
FNDA:177,(anonymous_24)
FNDA:0,(anonymous_25)
FNDA:23,(anonymous_26)
FNDA:0,(anonymous_27)
FNDA:0,(anonymous_28)
FNDA:28,(anonymous_29)
FNDA:84,(anonymous_30)
FNDA:19,(anonymous_31)
FNDA:23,(anonymous_32)
FNDA:28,(anonymous_33)
FNDA:25,(anonymous_34)
DA:28,1
DA:29,189
DA:30,189
DA:31,189
DA:32,189
DA:33,189
DA:34,189
DA:36,189
DA:37,189
DA:38,189
DA:39,189
DA:40,189
DA:42,189
DA:43,47
DA:46,189
DA:48,47
DA:49,47
DA:50,47
DA:51,47
DA:53,0
DA:54,0
DA:58,47
DA:59,47
DA:60,0
DA:62,47
DA:66,189
DA:67,0
DA:76,0
DA:77,0
DA:78,0
DA:79,0
DA:81,0
DA:89,189
DA:90,0
DA:99,0
DA:100,0
DA:101,0
DA:102,0
DA:104,0
DA:112,189
DA:113,0
DA:114,0
DA:115,0
DA:122,0
DA:126,189
DA:127,0
DA:128,0
DA:142,0
DA:143,0
DA:146,0
DA:148,0
DA:152,189
DA:153,0
DA:154,0
DA:155,0
DA:165,0
DA:166,0
DA:168,0
DA:172,189
DA:173,177
DA:174,177
DA:175,177
DA:176,177
DA:177,177
DA:179,177
DA:180,112
DA:181,62
DA:182,0
DA:185,189
DA:186,0
DA:187,0
DA:189,0
DA:191,0
DA:192,0
DA:202,0
DA:203,0
DA:212,0
DA:213,0
DA:214,0
DA:223,0
DA:224,0
DA:225,0
DA:226,0
DA:234,0
DA:242,0
DA:243,0
DA:252,0
DA:253,0
DA:262,0
DA:263,0
DA:264,0
DA:265,0
DA:266,0
DA:274,0
DA:282,0
DA:283,0
DA:292,0
DA:299,0
DA:300,0
DA:303,0
DA:304,0
DA:305,0
DA:306,0
DA:307,0
DA:312,0
DA:316,189
DA:317,25
DA:346,0
DA:350,0
DA:377,189
DA:378,113
DA:403,177
DA:410,0
DA:443,189
DA:444,23
DA:460,0
DA:463,0
DA:474,189
DA:475,28
DA:510,84
DA:520,189
DA:530,19
DA:544,23
DA:558,28
DA:572,25
DA:593,1
LF:126
LH:53
BRDA:117,0,0,0
BRDA:117,0,1,0
BRDA:132,1,0,0
BRDA:132,1,1,0
BRDA:137,2,0,0
BRDA:137,2,1,0
BRDA:138,3,0,0
BRDA:138,3,1,0
BRDA:159,4,0,0
BRDA:159,4,1,0
BRDA:161,5,0,0
BRDA:161,5,1,0
BRDA:179,6,0,65
BRDA:179,6,1,112
BRDA:180,7,0,50
BRDA:180,7,1,62
BRDA:181,8,0,62
BRDA:181,8,1,0
BRDA:195,9,0,0
BRDA:195,9,1,0
BRDA:206,10,0,0
BRDA:206,10,1,0
BRDA:217,11,0,0
BRDA:217,11,1,0
BRDA:229,12,0,0
BRDA:229,12,1,0
BRDA:246,13,0,0
BRDA:246,13,1,0
BRDA:252,14,0,0
BRDA:252,14,1,0
BRDA:256,15,0,0
BRDA:256,15,1,0
BRDA:269,16,0,0
BRDA:269,16,1,0
BRDA:286,17,0,0
BRDA:286,17,1,0
BRDA:325,18,0,0
BRDA:325,18,1,25
BRDA:334,19,0,25
BRDA:334,19,1,0
BRDA:354,20,0,0
BRDA:354,20,1,0
BRDA:358,21,0,0
BRDA:358,21,1,0
BRDA:366,22,0,0
BRDA:366,22,1,0
BRDA:381,23,0,113
BRDA:381,23,1,64
BRDA:395,24,0,49
BRDA:395,24,1,64
BRDA:407,25,0,177
BRDA:407,25,1,89
BRDA:408,26,0,177
BRDA:408,26,1,88
BRDA:419,27,0,0
BRDA:419,27,1,177
BRDA:427,28,0,177
BRDA:427,28,1,177
BRDA:430,29,0,177
BRDA:430,29,1,61
BRDA:456,30,0,23
BRDA:456,30,1,0
BRDA:529,31,0,189
BRDA:529,31,1,113
BRDA:535,32,0,189
BRDA:535,32,1,113
BRDA:543,33,0,189
BRDA:543,33,1,23
BRDA:549,34,0,189
BRDA:549,34,1,23
BRDA:557,35,0,189
BRDA:557,35,1,28
BRDA:563,36,0,189
BRDA:563,36,1,28
BRDA:571,37,0,189
BRDA:571,37,1,25
BRDA:577,38,0,189
BRDA:577,38,1,25
BRDA:585,39,0,189
BRDA:585,39,1,113
BRDA:586,40,0,189
BRDA:586,40,1,23
BRDA:587,41,0,189
BRDA:587,41,1,28
BRDA:588,42,0,189
BRDA:588,42,1,25
BRF:86
BRH:45
end_of_record
TN:
SF:src\screens\HomeScreen.tsx
FN:20,(anonymous_0)
FN:21,(anonymous_1)
FN:22,(anonymous_2)
FN:23,(anonymous_3)
FN:24,(anonymous_4)
FN:25,(anonymous_5)
FN:26,(anonymous_6)
FN:27,(anonymous_7)
FN:33,(anonymous_8)
FN:35,(anonymous_9)
FN:37,(anonymous_10)
FN:45,(anonymous_11)
FN:47,(anonymous_12)
FN:48,(anonymous_13)
FN:57,(anonymous_14)
FN:59,(anonymous_15)
FN:68,(anonymous_16)
FN:75,(anonymous_17)
FN:129,(anonymous_18)
FN:138,(anonymous_19)
FN:147,(anonymous_20)
FN:156,(anonymous_21)
FN:172,(anonymous_22)
FN:173,(anonymous_23)
FN:174,(anonymous_24)
FN:175,(anonymous_25)
FN:187,(anonymous_26)
FN:191,(anonymous_27)
FN:206,(anonymous_28)
FN:210,(anonymous_29)
FN:231,(anonymous_30)
FNF:31
FNH:16
FNDA:6,(anonymous_0)
FNDA:6,(anonymous_1)
FNDA:6,(anonymous_2)
FNDA:6,(anonymous_3)
FNDA:6,(anonymous_4)
FNDA:6,(anonymous_5)
FNDA:6,(anonymous_6)
FNDA:6,(anonymous_7)
FNDA:6,(anonymous_8)
FNDA:0,(anonymous_9)
FNDA:0,(anonymous_10)
FNDA:6,(anonymous_11)
FNDA:30,(anonymous_12)
FNDA:0,(anonymous_13)
FNDA:6,(anonymous_14)
FNDA:30,(anonymous_15)
FNDA:0,(anonymous_16)
FNDA:6,(anonymous_17)
FNDA:1,(anonymous_18)
FNDA:0,(anonymous_19)
FNDA:0,(anonymous_20)
FNDA:0,(anonymous_21)
FNDA:0,(anonymous_22)
FNDA:0,(anonymous_23)
FNDA:0,(anonymous_24)
FNDA:0,(anonymous_25)
FNDA:0,(anonymous_26)
FNDA:0,(anonymous_27)
FNDA:0,(anonymous_28)
FNDA:0,(anonymous_29)
FNDA:1,(anonymous_30)
DA:20,1
DA:21,6
DA:22,6
DA:23,6
DA:24,6
DA:25,6
DA:26,6
DA:27,6
DA:29,6
DA:30,6
DA:33,6
DA:34,6
DA:35,6
DA:36,6
DA:37,0
DA:41,6
DA:45,6
DA:46,6
DA:47,30
DA:49,0
DA:50,0
DA:51,0
DA:57,6
DA:58,6
DA:60,30
DA:61,30
DA:62,0
DA:63,0
DA:68,6
DA:69,0
DA:70,0
DA:75,6
DA:76,6
DA:77,6
DA:78,0
DA:79,0
DA:82,6
DA:129,1
DA:138,0
DA:147,0
DA:156,0
DA:174,0
DA:188,0
DA:191,0
DA:207,0
DA:210,0
DA:231,1
DA:240,1
LF:48
LH:30
BRDA:30,0,0,6
BRDA:30,0,1,0
BRDA:37,1,0,0
BRDA:37,1,1,0
BRDA:61,2,0,30
BRDA:61,2,1,0
BRDA:61,3,0,30
BRDA:61,3,1,0
BRDA:63,4,0,0
BRDA:63,4,1,0
BRDA:69,5,0,0
BRDA:69,5,1,0
BRDA:69,6,0,0
BRDA:69,6,1,0
BRDA:77,7,0,6
BRDA:77,7,1,0
BRDA:78,8,0,0
BRDA:78,8,1,0
BRDA:112,9,0,6
BRDA:112,9,1,0
BRDA:168,10,0,6
BRDA:168,10,1,6
BRDA:183,11,0,6
BRDA:183,11,1,0
BRDA:190,12,0,0
BRDA:190,12,1,0
BRDA:203,13,0,6
BRDA:203,13,1,0
BRF:28
BRH:9
end_of_record
TN:
SF:src\screens\LearnScreen.tsx
FN:21,(anonymous_0)
FN:22,(anonymous_1)
FN:23,(anonymous_2)
FN:24,(anonymous_3)
FN:25,(anonymous_4)
FN:26,(anonymous_5)
FN:27,(anonymous_6)
FN:41,(anonymous_7)
FN:50,(anonymous_8)
FN:60,(anonymous_9)
FN:70,(anonymous_10)
FN:77,(anonymous_11)
FN:87,(anonymous_12)
FN:134,(anonymous_13)
FN:139,(anonymous_14)
FN:149,(anonymous_15)
FN:154,(anonymous_16)
FN:164,(anonymous_17)
FN:166,(anonymous_18)
FN:170,(anonymous_19)
FN:172,(anonymous_20)
FN:176,(anonymous_21)
FN:178,(anonymous_22)
FN:185,(anonymous_23)
FN:197,(anonymous_24)
FN:214,(anonymous_25)
FN:245,(anonymous_26)
FN:317,(anonymous_27)
FNF:28
FNH:14
FNDA:25,(anonymous_0)
FNDA:25,(anonymous_1)
FNDA:25,(anonymous_2)
FNDA:25,(anonymous_3)
FNDA:25,(anonymous_4)
FNDA:25,(anonymous_5)
FNDA:25,(anonymous_6)
FNDA:20,(anonymous_7)
FNDA:11,(anonymous_8)
FNDA:1,(anonymous_9)
FNDA:0,(anonymous_10)
FNDA:1,(anonymous_11)
FNDA:0,(anonymous_12)
FNDA:0,(anonymous_13)
FNDA:0,(anonymous_14)
FNDA:0,(anonymous_15)
FNDA:0,(anonymous_16)
FNDA:0,(anonymous_17)
FNDA:0,(anonymous_18)
FNDA:0,(anonymous_19)
FNDA:0,(anonymous_20)
FNDA:12,(anonymous_21)
FNDA:9,(anonymous_22)
FNDA:0,(anonymous_23)
FNDA:0,(anonymous_24)
FNDA:1,(anonymous_25)
FNDA:0,(anonymous_26)
FNDA:0,(anonymous_27)
DA:21,1
DA:22,25
DA:23,25
DA:24,25
DA:25,25
DA:26,25
DA:27,25
DA:29,25
DA:30,24
DA:31,24
DA:32,24
DA:35,24
DA:38,24
DA:41,24
DA:42,20
DA:43,20
DA:46,24
DA:47,24
DA:50,24
DA:51,11
DA:52,11
DA:53,11
DA:54,11
DA:55,11
DA:60,24
DA:61,1
DA:62,1
DA:63,1
DA:64,1
DA:65,1
DA:70,24
DA:71,0
DA:72,0
DA:77,24
DA:78,1
DA:79,1
DA:80,1
DA:81,1
DA:82,1
DA:87,24
DA:88,0
DA:89,0
DA:90,0
DA:93,0
DA:95,0
DA:96,0
DA:97,0
DA:102,0
DA:107,0
DA:109,0
DA:115,0
DA:119,0
DA:120,0
DA:123,0
DA:124,0
DA:125,0
DA:134,24
DA:135,0
DA:136,0
DA:137,0
DA:138,0
DA:139,0
DA:140,0
DA:141,0
DA:144,0
DA:149,24
DA:150,0
DA:151,0
DA:152,0
DA:153,0
DA:154,0
DA:155,0
DA:156,0
DA:159,0
DA:164,24
DA:165,0
DA:166,0
DA:170,24
DA:171,0
DA:172,0
DA:176,24
DA:177,12
DA:178,9
DA:180,3
DA:181,3
DA:185,24
DA:186,0
DA:188,0
DA:190,0
DA:191,0
DA:192,0
DA:195,0
DA:198,0
DA:199,0
DA:206,0
DA:207,0
DA:214,24
DA:215,1
DA:216,1
DA:219,24
DA:220,3
DA:236,21
DA:237,1
DA:246,0
DA:247,0
DA:256,20
DA:317,0
DA:323,1
LF:108
LH:57
BRDA:47,0,0,23
BRDA:47,0,1,1
BRDA:51,1,0,11
BRDA:51,1,1,0
BRDA:61,2,0,1
BRDA:61,2,1,0
BRDA:71,3,0,0
BRDA:71,3,1,0
BRDA:78,4,0,1
BRDA:78,4,1,0
BRDA:81,5,0,0
BRDA:81,5,1,1
BRDA:88,6,0,0
BRDA:88,6,1,0
BRDA:95,7,0,0
BRDA:95,7,1,0
BRDA:123,8,0,0
BRDA:123,8,1,0
BRDA:123,9,0,0
BRDA:123,9,1,0
BRDA:123,9,2,0
BRDA:137,10,0,0
BRDA:137,10,1,0
BRDA:152,11,0,0
BRDA:152,11,1,0
BRDA:165,12,0,0
BRDA:165,12,1,0
BRDA:171,13,0,0
BRDA:171,13,1,0
BRDA:177,14,0,9
BRDA:177,14,1,3
BRDA:186,15,0,0
BRDA:186,15,1,0
BRDA:191,16,0,0
BRDA:191,16,1,0
BRDA:219,17,0,3
BRDA:219,17,1,21
BRDA:236,18,0,1
BRDA:236,18,1,20
BRDA:275,19,0,11
BRDA:275,19,1,9
BRDA:307,20,0,3
BRDA:307,20,1,17
BRF:43
BRH:16
end_of_record
TN:
SF:src\screens\LibraryScreen.tsx
FN:23,(anonymous_0)
FN:24,(anonymous_1)
FN:25,(anonymous_2)
FN:26,(anonymous_3)
FN:27,(anonymous_4)
FN:28,(anonymous_5)
FN:29,(anonymous_6)
FN:38,(anonymous_7)
FN:39,(anonymous_8)
FN:44,(anonymous_9)
FN:49,(anonymous_10)
FN:54,(anonymous_11)
FN:61,(anonymous_12)
FN:64,(anonymous_13)
FN:67,(anonymous_14)
FN:75,(anonymous_15)
FN:86,(anonymous_16)
FN:95,(anonymous_17)
FN:102,(anonymous_18)
FN:126,(anonymous_19)
FN:152,(anonymous_20)
FN:157,(anonymous_21)
FN:168,(anonymous_22)
FN:173,(anonymous_23)
FN:178,(anonymous_24)
FN:183,(anonymous_25)
FN:188,(anonymous_26)
FN:204,(anonymous_27)
FN:214,(anonymous_28)
FN:220,(anonymous_29)
FN:231,(anonymous_30)
FN:232,(anonymous_31)
FN:233,(anonymous_32)
FN:234,(anonymous_33)
FNF:34
FNH:26
FNDA:54,(anonymous_0)
FNDA:54,(anonymous_1)
FNDA:54,(anonymous_2)
FNDA:54,(anonymous_3)
FNDA:54,(anonymous_4)
FNDA:54,(anonymous_5)
FNDA:54,(anonymous_6)
FNDA:28,(anonymous_7)
FNDA:84,(anonymous_8)
FNDA:51,(anonymous_9)
FNDA:18,(anonymous_10)
FNDA:13,(anonymous_11)
FNDA:126,(anonymous_12)
FNDA:2,(anonymous_13)
FNDA:2,(anonymous_14)
FNDA:2,(anonymous_15)
FNDA:129,(anonymous_16)
FNDA:129,(anonymous_17)
FNDA:3,(anonymous_18)
FNDA:0,(anonymous_19)
FNDA:162,(anonymous_20)
FNDA:6,(anonymous_21)
FNDA:4,(anonymous_22)
FNDA:0,(anonymous_23)
FNDA:2,(anonymous_24)
FNDA:1,(anonymous_25)
FNDA:1,(anonymous_26)
FNDA:171,(anonymous_27)
FNDA:0,(anonymous_28)
FNDA:0,(anonymous_29)
FNDA:0,(anonymous_30)
FNDA:0,(anonymous_31)
FNDA:0,(anonymous_32)
FNDA:0,(anonymous_33)
DA:23,1
DA:24,54
DA:25,54
DA:26,54
DA:27,54
DA:28,54
DA:29,54
DA:31,54
DA:32,54
DA:33,54
DA:34,54
DA:35,54
DA:38,54
DA:39,84
DA:40,28
DA:44,54
DA:45,51
DA:48,51
DA:49,18
DA:53,51
DA:54,13
DA:58,51
DA:59,51
DA:61,126
DA:62,46
DA:64,3
DA:65,3
DA:67,1
DA:68,2
DA:69,2
DA:70,2
DA:71,2
DA:73,1
DA:75,1
DA:76,2
DA:77,2
DA:78,2
DA:80,1
DA:83,51
DA:86,54
DA:87,129
DA:88,50
DA:89,40
DA:90,39
DA:91,0
DA:95,54
DA:96,129
DA:97,129
DA:99,129
DA:102,3
DA:126,54
DA:127,0
DA:128,0
DA:132,54
DA:153,162
DA:157,6
DA:168,4
DA:173,0
DA:178,2
DA:183,1
DA:188,1
DA:204,171
DA:214,0
DA:220,0
DA:233,0
DA:247,1
LF:66
LH:59
BRDA:45,0,0,8
BRDA:45,0,1,43
BRDA:48,1,0,6
BRDA:48,1,1,45
BRDA:53,2,0,5
BRDA:53,2,1,46
BRDA:59,3,0,46
BRDA:59,3,1,3
BRDA:59,3,2,1
BRDA:59,3,3,1
BRDA:69,4,0,2
BRDA:69,4,1,0
BRDA:70,5,0,2
BRDA:70,5,1,0
BRDA:76,6,0,2
BRDA:76,6,1,0
BRDA:77,7,0,2
BRDA:77,7,1,0
BRDA:87,8,0,50
BRDA:87,8,1,40
BRDA:87,8,2,39
BRDA:87,8,3,0
BRDA:117,9,0,129
BRDA:117,9,1,129
BRDA:127,10,0,0
BRDA:127,10,1,0
BRDA:127,11,0,0
BRDA:127,11,1,0
BRDA:193,12,0,1
BRDA:193,12,1,53
BRDA:227,13,0,54
BRDA:227,13,1,3
BRF:32
BRH:23
end_of_record
TN:
SF:src\screens\ProgressScreen.tsx
FN:18,(anonymous_0)
FN:19,(anonymous_1)
FN:20,(anonymous_2)
FN:21,(anonymous_3)
FN:22,(anonymous_4)
FN:23,(anonymous_5)
FN:26,(anonymous_6)
FN:28,(anonymous_7)
FN:33,(anonymous_8)
FN:42,(anonymous_9)
FN:49,(anonymous_10)
FN:57,(anonymous_11)
FN:67,(anonymous_12)
FN:75,(anonymous_13)
FN:100,(anonymous_14)
FN:179,(anonymous_15)
FNF:16
FNH:16
FNDA:24,(anonymous_0)
FNDA:24,(anonymous_1)
FNDA:24,(anonymous_2)
FNDA:24,(anonymous_3)
FNDA:24,(anonymous_4)
FNDA:24,(anonymous_5)
FNDA:24,(anonymous_6)
FNDA:72,(anonymous_7)
FNDA:72,(anonymous_8)
FNDA:72,(anonymous_9)
FNDA:24,(anonymous_10)
FNDA:72,(anonymous_11)
FNDA:24,(anonymous_12)
FNDA:72,(anonymous_13)
FNDA:48,(anonymous_14)
FNDA:48,(anonymous_15)
DA:18,1
DA:19,24
DA:20,24
DA:21,24
DA:22,24
DA:23,24
DA:26,24
DA:27,24
DA:28,72
DA:32,24
DA:33,72
DA:37,24
DA:41,24
DA:42,72
DA:45,24
DA:49,24
DA:50,24
DA:57,24
DA:58,72
DA:59,72
DA:60,72
DA:63,24
DA:67,24
DA:68,24
DA:75,24
DA:76,72
DA:77,48
DA:85,72
DA:86,72
DA:88,72
DA:89,72
DA:90,72
DA:91,72
DA:92,72
DA:94,72
DA:95,24
DA:100,48
DA:108,24
DA:180,48
DA:238,1
LF:40
LH:40
BRDA:37,0,0,24
BRDA:37,0,1,0
BRDA:59,1,0,72
BRDA:59,1,1,0
BRDA:76,2,0,48
BRDA:76,2,1,24
BRDA:89,3,0,72
BRDA:89,3,1,0
BRDA:90,4,0,72
BRDA:90,4,1,0
BRDA:94,5,0,24
BRDA:94,5,1,48
BRDA:104,6,0,48
BRDA:104,6,1,0
BRDA:202,7,0,24
BRDA:202,7,1,24
BRDA:212,8,0,24
BRDA:212,8,1,0
BRDA:222,9,0,24
BRDA:222,9,1,24
BRF:20
BRH:14
end_of_record
TN:
SF:src\store\streakStore.ts
FN:7,(anonymous_0)
FN:21,(anonymous_1)
FN:46,(anonymous_2)
FN:68,(anonymous_3)
FN:74,(anonymous_4)
FN:87,(anonymous_5)
FNF:6
FNH:6
FNDA:15,(anonymous_0)
FNDA:11,(anonymous_1)
FNDA:11,(anonymous_2)
FNDA:3,(anonymous_3)
FNDA:4,(anonymous_4)
FNDA:13,(anonymous_5)
DA:6,3
DA:7,3
DA:8,15
DA:21,3
DA:22,11
DA:24,11
DA:25,11
DA:27,11
DA:28,11
DA:30,11
DA:31,22
DA:32,22
DA:36,22
DA:37,19
DA:39,3
DA:43,11
DA:46,3
DA:47,11
DA:48,11
DA:49,11
DA:50,11
DA:51,11
DA:53,11
DA:55,11
DA:56,77
DA:57,77
DA:58,77
DA:60,77
DA:61,15
DA:65,11
DA:68,3
DA:75,4
DA:76,4
DA:77,4
DA:78,4
DA:79,3
DA:80,2
DA:83,1
DA:88,13
DA:89,13
DA:90,13
DA:92,13
DA:94,11
DA:95,11
DA:96,11
DA:97,11
DA:99,11
DA:106,11
DA:107,11
DA:112,11
DA:114,0
LF:51
LH:50
BRDA:22,0,0,0
BRDA:22,0,1,11
BRDA:36,1,0,19
BRDA:36,1,1,3
BRDA:50,2,0,0
BRDA:50,2,1,11
BRDA:60,3,0,15
BRDA:60,3,1,62
BRDA:78,4,0,3
BRDA:78,4,1,1
BRDA:92,5,0,2
BRDA:92,5,1,11
BRF:12
BRH:10
end_of_record
TN:
SF:src\store\wordStore.ts
FN:9,(anonymous_0)
FN:28,(anonymous_1)
FN:40,(anonymous_2)
FN:55,(anonymous_3)
FN:61,(anonymous_4)
FN:148,(anonymous_5)
FN:148,(anonymous_6)
FN:150,(anonymous_7)
FN:152,(anonymous_8)
FN:158,(anonymous_9)
FN:209,(anonymous_10)
FN:238,(anonymous_11)
FN:267,(anonymous_12)
FNF:13
FNH:13
FNDA:77,(anonymous_0)
FNDA:14,(anonymous_1)
FNDA:21,(anonymous_2)
FNDA:3,(anonymous_3)
FNDA:25,(anonymous_4)
FNDA:2,(anonymous_5)
FNDA:76,(anonymous_6)
FNDA:4,(anonymous_7)
FNDA:300,(anonymous_8)
FNDA:21,(anonymous_9)
FNDA:4,(anonymous_10)
FNDA:3,(anonymous_11)
FNDA:3,(anonymous_12)
DA:8,3
DA:9,3
DA:10,77
DA:28,14
DA:40,3
DA:45,21
DA:46,21
DA:47,21
DA:49,21
DA:50,19
DA:51,13
DA:52,0
DA:55,3
DA:62,25
DA:63,25
DA:66,25
DA:67,25
DA:69,25
DA:70,25
DA:71,25
DA:73,24
DA:75,0
DA:76,0
DA:78,0
DA:80,0
DA:81,0
DA:85,24
DA:89,24
DA:90,24
DA:93,24
DA:94,0
DA:95,0
DA:96,0
DA:97,0
DA:103,0
DA:106,1
DA:108,1
DA:109,1
DA:115,1
DA:119,24
DA:120,24
DA:121,24
DA:122,24
DA:123,0
DA:124,0
DA:126,0
DA:127,0
DA:128,0
DA:132,0
DA:133,0
DA:136,24
DA:138,0
DA:139,0
DA:148,76
DA:151,4
DA:152,4
DA:153,300
DA:159,21
DA:160,21
DA:163,21
DA:165,21
DA:174,21
DA:177,21
DA:180,21
DA:181,21
DA:182,21
DA:187,0
DA:189,0
DA:191,0
DA:192,0
DA:193,0
DA:195,0
DA:200,0
DA:201,0
DA:204,0
DA:210,4
DA:211,4
DA:213,4
DA:218,4
DA:221,4
DA:224,4
DA:225,4
DA:226,4
DA:231,0
DA:233,0
DA:234,0
DA:239,3
DA:240,3
DA:242,3
DA:247,3
DA:250,3
DA:253,3
DA:254,3
DA:255,3
DA:260,0
DA:262,0
DA:263,0
DA:267,3
LF:98
LH:63
BRDA:46,0,0,19
BRDA:46,0,1,2
BRDA:47,1,0,21
BRDA:47,1,1,0
BRDA:49,2,0,2
BRDA:49,2,1,19
BRDA:49,3,0,21
BRDA:49,3,1,19
BRDA:50,4,0,6
BRDA:50,4,1,13
BRDA:50,5,0,19
BRDA:50,5,1,18
BRDA:51,6,0,13
BRDA:51,6,1,0
BRDA:73,7,0,0
BRDA:73,7,1,24
BRDA:93,8,0,0
BRDA:93,8,1,24
BRDA:122,9,0,0
BRDA:122,9,1,24
BRDA:153,10,0,300
BRDA:153,10,1,223
BRDA:160,11,0,21
BRDA:160,11,1,9
BRDA:168,12,0,19
BRDA:168,12,1,2
BRDA:169,13,0,2
BRDA:169,13,1,19
BRDA:189,14,0,0
BRDA:189,14,1,0
BRDA:189,15,0,0
BRDA:189,15,1,0
BRDA:211,16,0,4
BRDA:211,16,1,3
BRDA:240,17,0,3
BRDA:240,17,1,2
BRF:36
BRH:27
end_of_record
TN:
SF:src\theme\theme.ts
FNF:0
FNH:0
DA:1,16
LF:1
LH:1
BRF:0
BRH:0
end_of_record
TN:
SF:src\utils\componentBreakdown.ts
FN:13,(anonymous_0)
FN:17,(anonymous_1)
FN:21,(anonymous_2)
FN:27,(anonymous_3)
FN:34,(anonymous_4)
FN:41,(anonymous_5)
FN:48,(anonymous_6)
FN:53,(anonymous_7)
FN:58,(anonymous_8)
FN:73,(anonymous_9)
FN:124,(anonymous_10)
FN:132,(anonymous_11)
FN:140,(anonymous_12)
FN:146,(anonymous_13)
FN:152,(anonymous_14)
FN:159,(anonymous_15)
FNF:16
FNH:14
FNDA:87,(anonymous_0)
FNDA:69,(anonymous_1)
FNDA:30,(anonymous_2)
FNDA:4,(anonymous_3)
FNDA:4,(anonymous_4)
FNDA:1,(anonymous_5)
FNDA:1,(anonymous_6)
FNDA:1,(anonymous_7)
FNDA:1,(anonymous_8)
FNDA:7,(anonymous_9)
FNDA:3,(anonymous_10)
FNDA:0,(anonymous_11)
FNDA:3,(anonymous_12)
FNDA:0,(anonymous_13)
FNDA:5,(anonymous_14)
FNDA:2,(anonymous_15)
DA:7,3
DA:8,3
DA:9,3
DA:12,3
DA:13,87
DA:16,3
DA:17,69
DA:20,3
DA:21,30
DA:27,3
DA:28,4
DA:34,3
DA:35,4
DA:41,3
DA:42,1
DA:48,3
DA:53,3
DA:58,3
DA:73,3
DA:74,7
DA:76,6
DA:79,6
DA:80,3
DA:81,3
DA:82,0
DA:92,6
DA:93,3
DA:94,3
DA:95,0
DA:105,6
DA:106,0
DA:107,0
DA:108,0
DA:117,6
DA:124,3
DA:127,3
DA:129,2
DA:130,2
DA:132,0
DA:133,0
DA:140,3
DA:141,3
DA:143,2
DA:144,2
DA:146,0
DA:152,3
DA:153,5
DA:159,3
DA:160,2
LF:49
LH:41
BRDA:74,0,0,1
BRDA:74,0,1,6
BRDA:79,1,0,3
BRDA:79,1,1,3
BRDA:81,2,0,0
BRDA:81,2,1,3
BRDA:92,3,0,3
BRDA:92,3,1,3
BRDA:94,4,0,0
BRDA:94,4,1,3
BRDA:105,5,0,0
BRDA:105,5,1,6
BRDA:107,6,0,0
BRDA:107,6,1,0
BRDA:127,7,0,1
BRDA:127,7,1,2
BRDA:130,8,0,2
BRDA:130,8,1,0
BRDA:141,9,0,1
BRDA:141,9,1,2
BRDA:144,10,0,2
BRDA:144,10,1,0
BRDA:153,11,0,5
BRDA:153,11,1,4
BRDA:153,12,0,4
BRDA:153,12,1,3
BRDA:153,12,2,2
BRF:27
BRH:20
end_of_record
TN:
SF:src\utils\dataValidator.ts
FN:24,(anonymous_0)
FN:50,(anonymous_1)
FN:55,(anonymous_2)
FN:82,(anonymous_3)
FN:162,(anonymous_4)
FN:176,(anonymous_5)
FN:181,(anonymous_6)
FN:186,(anonymous_7)
FN:205,(anonymous_8)
FN:222,(anonymous_9)
FNF:10
FNH:10
FNDA:47,(anonymous_0)
FNDA:55,(anonymous_1)
FNDA:19,(anonymous_2)
FNDA:55,(anonymous_3)
FNDA:46,(anonymous_4)
FNDA:4,(anonymous_5)
FNDA:2,(anonymous_6)
FNDA:1,(anonymous_7)
FNDA:5,(anonymous_8)
FNDA:3,(anonymous_9)
DA:18,51
DA:19,51
DA:25,47
DA:26,47
DA:28,47
DA:36,46
DA:37,0
DA:38,0
DA:41,46
DA:42,2
DA:43,2
DA:47,44
DA:48,44
DA:50,44
DA:51,55
DA:53,55
DA:54,18
DA:55,19
DA:57,37
DA:61,55
DA:62,3
DA:63,3
DA:64,52
DA:65,45
DA:69,55
DA:70,7
DA:71,48
DA:72,44
DA:76,44
DA:83,55
DA:84,55
DA:87,55
DA:88,7
DA:91,55
DA:92,5
DA:95,55
DA:96,3
DA:99,55
DA:100,1
DA:103,55
DA:104,1
DA:107,55
DA:108,2
DA:111,55
DA:112,1
DA:116,55
DA:117,1
DA:119,54
DA:120,1
DA:124,55
DA:125,1
DA:128,55
DA:129,1
DA:133,55
DA:134,1
DA:135,54
DA:136,1
DA:140,55
DA:141,1
DA:142,54
DA:143,2
DA:147,55
DA:148,1
DA:152,55
DA:153,1
DA:156,55
DA:163,46
DA:165,46
DA:177,4
DA:178,4
DA:180,3
DA:181,1
DA:182,2
DA:186,3
DA:187,1
DA:191,3
DA:192,3
DA:193,2
DA:195,1
DA:198,1
DA:206,5
DA:213,5
DA:214,5
DA:216,5
DA:223,3
DA:233,3
DA:238,3
LF:87
LH:85
BRDA:36,0,0,0
BRDA:36,0,1,46
BRDA:41,1,0,2
BRDA:41,1,1,44
BRDA:53,2,0,18
BRDA:53,2,1,37
BRDA:61,3,0,3
BRDA:61,3,1,52
BRDA:61,4,0,55
BRDA:61,4,1,48
BRDA:64,5,0,45
BRDA:64,5,1,7
BRDA:69,6,0,7
BRDA:69,6,1,48
BRDA:69,7,0,55
BRDA:69,7,1,51
BRDA:71,8,0,44
BRDA:71,8,1,4
BRDA:87,9,0,7
BRDA:87,9,1,48
BRDA:91,10,0,5
BRDA:91,10,1,50
BRDA:91,11,0,55
BRDA:91,11,1,51
BRDA:95,12,0,3
BRDA:95,12,1,52
BRDA:96,13,0,3
BRDA:96,13,1,0
BRDA:99,14,0,1
BRDA:99,14,1,54
BRDA:100,15,0,1
BRDA:100,15,1,0
BRDA:103,16,0,1
BRDA:103,16,1,54
BRDA:104,17,0,1
BRDA:104,17,1,0
BRDA:107,18,0,2
BRDA:107,18,1,53
BRDA:107,19,0,55
BRDA:107,19,1,54
BRDA:108,20,0,2
BRDA:108,20,1,0
BRDA:111,21,0,1
BRDA:111,21,1,54
BRDA:111,22,0,55
BRDA:111,22,1,54
BRDA:112,23,0,1
BRDA:112,23,1,0
BRDA:116,24,0,1
BRDA:116,24,1,54
BRDA:117,25,0,1
BRDA:117,25,1,0
BRDA:119,26,0,1
BRDA:119,26,1,53
BRDA:120,27,0,1
BRDA:120,27,1,0
BRDA:124,28,0,1
BRDA:124,28,1,54
BRDA:124,29,0,55
BRDA:124,29,1,54
BRDA:125,30,0,1
BRDA:125,30,1,0
BRDA:128,31,0,1
BRDA:128,31,1,54
BRDA:129,32,0,1
BRDA:129,32,1,0
BRDA:133,33,0,1
BRDA:133,33,1,54
BRDA:134,34,0,1
BRDA:134,34,1,0
BRDA:135,35,0,1
BRDA:135,35,1,53
BRDA:136,36,0,1
BRDA:136,36,1,0
BRDA:140,37,0,1
BRDA:140,37,1,54
BRDA:141,38,0,1
BRDA:141,38,1,0
BRDA:142,39,0,2
BRDA:142,39,1,52
BRDA:143,40,0,2
BRDA:143,40,1,0
BRDA:147,41,0,1
BRDA:147,41,1,54
BRDA:148,42,0,1
BRDA:148,42,1,0
BRDA:152,43,0,1
BRDA:152,43,1,54
BRDA:153,44,0,1
BRDA:153,44,1,0
BRDA:176,45,0,2
BRDA:180,46,0,1
BRDA:180,46,1,2
BRDA:192,47,0,2
BRDA:192,47,1,1
BRDA:216,48,0,5
BRDA:216,48,1,4
BRDA:230,49,0,2
BRDA:230,49,1,1
BRF:99
BRH:83
end_of_record
TN:
SF:src\utils\errorLogger.ts
FN:5,(anonymous_0)
FN:27,(anonymous_1)
FN:50,(anonymous_2)
FN:55,(anonymous_3)
FN:60,(anonymous_4)
FN:69,(anonymous_5)
FN:75,(anonymous_6)
FN:95,(anonymous_7)
FN:122,(anonymous_8)
FN:141,(anonymous_9)
FN:151,(anonymous_10)
FN:155,(anonymous_11)
FN:166,(anonymous_12)
FN:174,getErrorLogger
FNF:14
FNH:0
FNDA:0,(anonymous_0)
FNDA:0,(anonymous_1)
FNDA:0,(anonymous_2)
FNDA:0,(anonymous_3)
FNDA:0,(anonymous_4)
FNDA:0,(anonymous_5)
FNDA:0,(anonymous_6)
FNDA:0,(anonymous_7)
FNDA:0,(anonymous_8)
FNDA:0,(anonymous_9)
FNDA:0,(anonymous_10)
FNDA:0,(anonymous_11)
FNDA:0,(anonymous_12)
FNDA:0,getErrorLogger
DA:1,0
DA:4,0
DA:5,0
DA:6,0
DA:7,0
DA:9,0
DA:11,0
DA:24,0
DA:25,0
DA:28,0
DA:30,0
DA:31,0
DA:32,0
DA:33,0
DA:34,0
DA:38,0
DA:41,0
DA:43,0
DA:44,0
DA:46,0
DA:51,0
DA:52,0
DA:53,0
DA:55,0
DA:56,0
DA:57,0
DA:60,0
DA:61,0
DA:62,0
DA:66,0
DA:71,0
DA:72,0
DA:73,0
DA:75,0
DA:76,0
DA:84,0
DA:85,0
DA:91,0
DA:96,0
DA:106,0
DA:109,0
DA:110,0
DA:114,0
DA:115,0
DA:119,0
DA:124,0
DA:125,0
DA:127,0
DA:128,0
DA:129,0
DA:130,0
DA:131,0
DA:133,0
DA:134,0
DA:135,0
DA:137,0
DA:138,0
DA:142,0
DA:143,0
DA:144,0
DA:147,0
DA:152,0
DA:156,0
DA:157,0
DA:158,0
DA:159,0
DA:160,0
DA:162,0
DA:167,0
DA:172,0
DA:175,0
DA:176,0
DA:178,0
LF:73
LH:0
BRDA:6,0,0,0
BRDA:6,0,1,0
BRDA:28,1,0,0
BRDA:28,1,1,0
BRDA:33,2,0,0
BRDA:33,2,1,0
BRDA:72,3,0,0
BRDA:72,3,1,0
BRDA:72,4,0,0
BRDA:72,4,1,0
BRDA:78,5,0,0
BRDA:78,5,1,0
BRDA:78,6,0,0
BRDA:78,6,1,0
BRDA:84,7,0,0
BRDA:84,7,1,0
BRDA:109,8,0,0
BRDA:109,8,1,0
BRDA:114,9,0,0
BRDA:114,9,1,0
BRDA:130,10,0,0
BRDA:130,10,1,0
BRDA:134,11,0,0
BRDA:134,11,1,0
BRDA:175,12,0,0
BRDA:175,12,1,0
BRF:26
BRH:0
end_of_record
